[2025-01-26 20:58:23.740] [exthost] [info] Extension host with pid 2446493 started
[2025-01-26 20:58:23.763] [exthost] [info] Lock '/home/gabe/.vscode-server/data/User/workspaceStorage/fc19cdf890f235b730e1f73784954a6e/vscode.lock': Lock acquired.
[2025-01-26 20:58:23.856] [exthost] [info] ExtensionService#_doActivateExtension vscode.debug-auto-launch, startup: true, activationEvent: '*'
[2025-01-26 20:58:23.862] [exthost] [info] ExtensionService#_doActivateExtension vscode.git-base, startup: true, activationEvent: '*'
[2025-01-26 20:58:23.867] [exthost] [info] ExtensionService#_doActivateExtension vscode.ipynb, startup: true, activationEvent: '*'
[2025-01-26 20:58:24.111] [exthost] [info] ExtensionService#_doActivateExtension vscode.github, startup: true, activationEvent: '*'
[2025-01-26 20:58:24.239] [exthost] [info] ExtensionService#_doActivateExtension vscode.emmet, startup: false, activationEvent: 'onStartupFinished'
[2025-01-26 20:58:24.314] [exthost] [info] ExtensionService#_doActivateExtension vscode.merge-conflict, startup: false, activationEvent: 'onStartupFinished'
[2025-01-26 20:58:24.328] [exthost] [info] Eager extensions activated
[2025-01-26 20:58:24.623] [exthost] [info] ExtensionService#_doActivateExtension vscode.git, startup: false, activationEvent: 'api', root cause: vscode.github
[2025-01-26 20:58:26.320] [exthost] [warning] [Decorations] CAPPING events from decorations provider vscode.git 5034
[2025-01-26 20:58:28.423] [exthost] [warning] [Decorations] CAPPING events from decorations provider vscode.git 5035
[2025-01-26 20:58:31.959] [exthost] [info] ExtensionService#_doActivateExtension vscode.css-language-features, startup: false, activationEvent: 'onLanguage:css'
[2025-01-26 20:58:32.325] [exthost] [warning] [Decorations] CAPPING events from decorations provider vscode.git 5035
[2025-01-26 20:58:37.677] [exthost] [warning] [Decorations] CAPPING events from decorations provider vscode.git 5035
[2025-01-26 20:58:40.727] [exthost] [info] ExtensionService#_doActivateExtension vscode.html-language-features, startup: false, activationEvent: 'onLanguage:html'
[2025-01-26 20:58:45.317] [exthost] [warning] [Decorations] CAPPING events from decorations provider vscode.git 5036
[2025-01-26 20:58:50.722] [exthost] [warning] [Decorations] CAPPING events from decorations provider vscode.git 5036
[2025-01-26 20:58:56.023] [exthost] [warning] [Decorations] CAPPING events from decorations provider vscode.git 5036
[2025-01-26 20:59:01.365] [exthost] [warning] [Decorations] CAPPING events from decorations provider vscode.git 5038
[2025-01-27 00:00:09.522] [exthost] [info] Extension host terminating: renderer disconnected for too long (1)
[2025-01-27 00:00:09.524] [exthost] [info] Lock '/home/gabe/.vscode-server/data/User/workspaceStorage/fc19cdf890f235b730e1f73784954a6e/vscode.lock': Marking the lockfile as scheduled to be released in 6000 ms.
[2025-01-27 00:00:09.607] [exthost] [info] Extension host with pid 2446493 exiting with code 0
