[2025-01-26T20:58:24.912Z] Log level: Info
[2025-01-26T20:58:24.929Z] [info] Validating found git in: git
[2025-01-26T20:58:25.049Z] [info] Using git 2.43.0 from git
[2025-01-26T20:58:25.086Z] > git rev-parse --show-toplevel [11ms]
[2025-01-26T20:58:25.100Z] > git rev-parse --git-dir --git-common-dir [4ms]
[2025-01-26T20:58:25.110Z] [info] Open repository: /home/gabe
[2025-01-26T20:58:25.869Z] > git status -z -uall [751ms]
[2025-01-26T20:58:25.922Z] > git symbolic-ref --short HEAD [10ms]
[2025-01-26T20:58:25.942Z] > git for-each-ref --format=%(refname)%00%(upstream:short)%00%(objectname)%00%(upstream:track)%00%(upstream:remotename)%00%(upstream:remoteref) refs/heads/main refs/remotes/main [5ms]
[2025-01-26T20:58:25.974Z] > git remote --verbose [9ms]
[2025-01-26T20:58:25.980Z] > git for-each-ref --sort -committerdate --format %(refname) %(objectname) %(*objectname) [26ms]
[2025-01-26T20:58:27.995Z] > git check-ignore -v -z --stdin [1620ms]
[2025-01-26T20:58:27.998Z] > git config --get commit.template [51ms]
[2025-01-26T20:58:28.325Z] > git status -z -uall [317ms]
[2025-01-26T20:58:28.338Z] > git symbolic-ref --short HEAD [3ms]
[2025-01-26T20:58:28.346Z] > git for-each-ref --format=%(refname)%00%(upstream:short)%00%(objectname)%00%(upstream:track)%00%(upstream:remotename)%00%(upstream:remoteref) refs/heads/main refs/remotes/main [2ms]
[2025-01-26T20:58:28.361Z] > git for-each-ref --sort -committerdate --format %(refname) %(objectname) %(*objectname) [10ms]
[2025-01-26T20:58:28.362Z] > git remote --verbose [3ms]
[2025-01-26T20:58:28.445Z] > git config --get commit.template [3ms]
[2025-01-26T20:58:30.738Z] > git check-ignore -v -z --stdin [46ms]
[2025-01-26T20:58:31.707Z] > git check-ignore -v -z --stdin [5ms]
[2025-01-26T20:58:32.208Z] > git status -z -uall [274ms]
[2025-01-26T20:58:32.221Z] > git symbolic-ref --short HEAD [5ms]
[2025-01-26T20:58:32.230Z] > git for-each-ref --format=%(refname)%00%(upstream:short)%00%(objectname)%00%(upstream:track)%00%(upstream:remotename)%00%(upstream:remoteref) refs/heads/main refs/remotes/main [2ms]
[2025-01-26T20:58:32.246Z] > git for-each-ref --sort -committerdate --format %(refname) %(objectname) %(*objectname) [8ms]
[2025-01-26T20:58:32.247Z] > git remote --verbose [3ms]
[2025-01-26T20:58:32.350Z] > git config --get commit.template [3ms]
[2025-01-26T20:58:35.028Z] > git show --textconv :gabesite/app_folder/static/css/root_style.css [25ms]
[2025-01-26T20:58:35.043Z] > git ls-files --stage -- /home/gabe/gabesite/app_folder/static/css/root_style.css [20ms]
[2025-01-26T20:58:35.070Z] > git cat-file -s d788d127f50f59fa4cd148904830c6f899dd8ef4 [15ms]
[2025-01-26T20:58:35.643Z] > git check-ignore -v -z --stdin [4ms]
[2025-01-26T20:58:37.538Z] > git status -z -uall [174ms]
[2025-01-26T20:58:37.556Z] > git symbolic-ref --short HEAD [6ms]
[2025-01-26T20:58:37.566Z] > git for-each-ref --format=%(refname)%00%(upstream:short)%00%(objectname)%00%(upstream:track)%00%(upstream:remotename)%00%(upstream:remoteref) refs/heads/main refs/remotes/main [2ms]
[2025-01-26T20:58:37.583Z] > git for-each-ref --sort -committerdate --format %(refname) %(objectname) %(*objectname) [10ms]
[2025-01-26T20:58:37.584Z] > git remote --verbose [3ms]
[2025-01-26T20:58:39.923Z] > git config --get commit.template [2216ms]
[2025-01-26T20:58:40.488Z] > git check-ignore -v -z --stdin [8ms]
[2025-01-26T20:58:41.121Z] > git show --textconv :gabesite/app_folder/templates/projects.html [24ms]
[2025-01-26T20:58:41.174Z] > git ls-files --stage -- /home/gabe/gabesite/app_folder/templates/projects.html [58ms]
[2025-01-26T20:58:41.206Z] > git cat-file -s 24e65eca8ae2e101af8effc7802ed3769441238b [7ms]
[2025-01-26T20:58:45.166Z] > git status -z -uall [205ms]
[2025-01-26T20:58:45.181Z] > git symbolic-ref --short HEAD [4ms]
[2025-01-26T20:58:45.190Z] > git for-each-ref --format=%(refname)%00%(upstream:short)%00%(objectname)%00%(upstream:track)%00%(upstream:remotename)%00%(upstream:remoteref) refs/heads/main refs/remotes/main [2ms]
[2025-01-26T20:58:45.207Z] > git remote --verbose [3ms]
[2025-01-26T20:58:45.207Z] > git for-each-ref --sort -committerdate --format %(refname) %(objectname) %(*objectname) [11ms]
[2025-01-26T20:58:45.365Z] > git config --get commit.template [13ms]
[2025-01-26T20:58:50.580Z] > git status -z -uall [184ms]
[2025-01-26T20:58:50.597Z] > git symbolic-ref --short HEAD [3ms]
[2025-01-26T20:58:50.610Z] > git for-each-ref --format=%(refname)%00%(upstream:short)%00%(objectname)%00%(upstream:track)%00%(upstream:remotename)%00%(upstream:remoteref) refs/heads/main refs/remotes/main [3ms]
[2025-01-26T20:58:50.635Z] > git remote --verbose [2ms]
[2025-01-26T20:58:50.635Z] > git for-each-ref --sort -committerdate --format %(refname) %(objectname) %(*objectname) [15ms]
[2025-01-26T20:58:50.753Z] > git config --get commit.template [4ms]
[2025-01-26T20:58:55.910Z] > git status -z -uall [138ms]
[2025-01-26T20:58:55.930Z] > git symbolic-ref --short HEAD [4ms]
[2025-01-26T20:58:55.940Z] > git for-each-ref --format=%(refname)%00%(upstream:short)%00%(objectname)%00%(upstream:track)%00%(upstream:remotename)%00%(upstream:remoteref) refs/heads/main refs/remotes/main [2ms]
[2025-01-26T20:58:55.960Z] > git for-each-ref --sort -committerdate --format %(refname) %(objectname) %(*objectname) [12ms]
[2025-01-26T20:58:55.961Z] > git remote --verbose [3ms]
[2025-01-26T20:58:56.049Z] > git config --get commit.template [4ms]
[2025-01-26T20:59:01.239Z] > git status -z -uall [160ms]
[2025-01-26T20:59:01.250Z] > git symbolic-ref --short HEAD [3ms]
[2025-01-26T20:59:01.260Z] > git for-each-ref --format=%(refname)%00%(upstream:short)%00%(objectname)%00%(upstream:track)%00%(upstream:remotename)%00%(upstream:remoteref) refs/heads/main refs/remotes/main [3ms]
[2025-01-26T20:59:01.297Z] > git for-each-ref --sort -committerdate --format %(refname) %(objectname) %(*objectname) [20ms]
[2025-01-26T20:59:01.300Z] > git remote --verbose [8ms]
[2025-01-26T20:59:01.385Z] > git config --get commit.template [3ms]
