2025-01-27 05:30:28.750 [info] Extension host with pid 2451511 started
2025-01-27 05:30:28.786 [info] Lock '/home/gabe/.vscode-server/data/User/workspaceStorage/a723edadd372096c6d1ed4145dd6f8e0/vscode.lock': Lock acquired.
2025-01-27 05:30:29.308 [info] ExtensionService#_doActivateExtension vscode.git-base, startup: false, activationEvent: '*', root cause: vscode.git
2025-01-27 05:30:29.311 [info] ExtensionService#_doActivateExtension vscode.tunnel-forwarding, startup: false, activationEvent: 'onTunnel'
2025-01-27 05:30:29.312 [info] ExtensionService#_doActivateExtension vscode.emmet, startup: false, activationEvent: 'onLanguage'
2025-01-27 05:30:29.313 [info] ExtensionService#_doActivateExtension vscode.html-language-features, startup: false, activationEvent: 'onLanguage:html'
2025-01-27 05:30:29.696 [info] ExtensionService#_doActivateExtension vscode.git, startup: false, activationEvent: '*'
2025-01-27 05:30:29.697 [info] ExtensionService#_doActivateExtension vscode.github, startup: false, activationEvent: '*'
2025-01-27 05:30:30.618 [info] Eager extensions activated
2025-01-27 05:30:30.619 [info] ExtensionService#_doActivateExtension vscode.debug-auto-launch, startup: false, activationEvent: 'onStartupFinished'
2025-01-27 05:30:30.620 [info] ExtensionService#_doActivateExtension vscode.merge-conflict, startup: false, activationEvent: 'onStartupFinished'
2025-01-27 05:30:32.603 [warning] [Decorations] CAPPING events from decorations provider vscode.git 6600
2025-01-27 05:30:36.762 [warning] [Decorations] CAPPING events from decorations provider vscode.git 6600
2025-01-27 05:39:35.850 [warning] [Decorations] CAPPING events from decorations provider vscode.git 6600
2025-01-27 05:39:41.208 [warning] [Decorations] CAPPING events from decorations provider vscode.git 6600
2025-01-27 05:39:46.524 [warning] [Decorations] CAPPING events from decorations provider vscode.git 6600
2025-01-27 05:39:52.057 [warning] [Decorations] CAPPING events from decorations provider vscode.git 6600
2025-01-27 05:39:57.432 [warning] [Decorations] CAPPING events from decorations provider vscode.git 6600
2025-01-27 05:39:58.158 [info] ExtensionService#_doActivateExtension vscode.css-language-features, startup: false, activationEvent: 'onLanguage:css'
2025-01-27 05:39:59.961 [info] ExtensionService#_doActivateExtension vscode.typescript-language-features, startup: false, activationEvent: 'onLanguage:javascript'
2025-01-27 05:40:05.184 [warning] [Decorations] CAPPING events from decorations provider vscode.git 6601
2025-01-27 05:49:00.490 [warning] [Decorations] CAPPING events from decorations provider vscode.git 6612
2025-01-27 05:49:05.911 [warning] [Decorations] CAPPING events from decorations provider vscode.git 6612
2025-01-27 05:49:12.624 [warning] [Decorations] CAPPING events from decorations provider vscode.git 6612
2025-01-27 05:49:18.057 [warning] [Decorations] CAPPING events from decorations provider vscode.git 6612
2025-01-27 05:50:07.306 [warning] [Decorations] CAPPING events from decorations provider vscode.git 6612
2025-01-27 06:01:41.754 [warning] [Decorations] CAPPING events from decorations provider vscode.git 6612
2025-01-27 06:01:59.489 [warning] [Decorations] CAPPING events from decorations provider vscode.git 6612
2025-01-27 06:02:04.830 [warning] [Decorations] CAPPING events from decorations provider vscode.git 6612
2025-01-27 06:02:10.183 [warning] [Decorations] CAPPING events from decorations provider vscode.git 6612
2025-01-27 06:02:16.614 [warning] [Decorations] CAPPING events from decorations provider vscode.git 6612
2025-01-27 06:02:21.959 [warning] [Decorations] CAPPING events from decorations provider vscode.git 6612
2025-01-27 06:02:31.191 [warning] [Decorations] CAPPING events from decorations provider vscode.git 6612
2025-01-27 06:02:37.064 [warning] [Decorations] CAPPING events from decorations provider vscode.git 6612
2025-01-27 06:14:37.363 [warning] [Decorations] CAPPING events from decorations provider vscode.git 6613
2025-01-27 06:23:49.827 [warning] [Decorations] CAPPING events from decorations provider vscode.git 6613
2025-01-27 06:23:55.188 [warning] [Decorations] CAPPING events from decorations provider vscode.git 6613
2025-01-27 06:24:00.593 [warning] [Decorations] CAPPING events from decorations provider vscode.git 6613
2025-01-27 06:25:14.807 [warning] [Decorations] CAPPING events from decorations provider vscode.git 6613
2025-01-27 06:25:20.105 [warning] [Decorations] CAPPING events from decorations provider vscode.git 6613
2025-01-27 06:25:25.488 [warning] [Decorations] CAPPING events from decorations provider vscode.git 6613
2025-01-27 06:25:30.925 [warning] [Decorations] CAPPING events from decorations provider vscode.git 6613
2025-01-27 06:25:36.277 [warning] [Decorations] CAPPING events from decorations provider vscode.git 6613
2025-01-27 06:25:41.639 [warning] [Decorations] CAPPING events from decorations provider vscode.git 6613
2025-01-27 06:25:47.007 [warning] [Decorations] CAPPING events from decorations provider vscode.git 6613
2025-01-27 06:25:52.283 [warning] [Decorations] CAPPING events from decorations provider vscode.git 6613
2025-01-27 06:25:57.600 [warning] [Decorations] CAPPING events from decorations provider vscode.git 6613
2025-01-27 06:26:02.838 [warning] [Decorations] CAPPING events from decorations provider vscode.git 6613
2025-01-27 06:26:08.156 [warning] [Decorations] CAPPING events from decorations provider vscode.git 6613
2025-01-27 06:26:13.484 [warning] [Decorations] CAPPING events from decorations provider vscode.git 6613
2025-01-27 06:26:18.795 [warning] [Decorations] CAPPING events from decorations provider vscode.git 6613
2025-01-27 06:26:24.222 [warning] [Decorations] CAPPING events from decorations provider vscode.git 6613
2025-01-27 06:26:29.450 [warning] [Decorations] CAPPING events from decorations provider vscode.git 6613
2025-01-27 06:26:35.578 [warning] [Decorations] CAPPING events from decorations provider vscode.git 6613
2025-01-27 06:26:40.858 [warning] [Decorations] CAPPING events from decorations provider vscode.git 6613
2025-01-27 06:26:46.207 [warning] [Decorations] CAPPING events from decorations provider vscode.git 6613
2025-01-27 06:26:51.462 [warning] [Decorations] CAPPING events from decorations provider vscode.git 6613
2025-01-27 06:26:56.807 [warning] [Decorations] CAPPING events from decorations provider vscode.git 6613
2025-01-27 06:27:02.026 [warning] [Decorations] CAPPING events from decorations provider vscode.git 6613
2025-01-27 06:27:07.306 [warning] [Decorations] CAPPING events from decorations provider vscode.git 6613
2025-01-27 06:27:12.689 [warning] [Decorations] CAPPING events from decorations provider vscode.git 6613
2025-01-27 06:27:17.985 [warning] [Decorations] CAPPING events from decorations provider vscode.git 6613
2025-01-27 06:27:23.253 [warning] [Decorations] CAPPING events from decorations provider vscode.git 6613
2025-01-27 06:27:28.520 [warning] [Decorations] CAPPING events from decorations provider vscode.git 6613
2025-01-27 06:27:33.780 [warning] [Decorations] CAPPING events from decorations provider vscode.git 6613
2025-01-27 06:27:39.098 [warning] [Decorations] CAPPING events from decorations provider vscode.git 6613
2025-01-27 06:27:44.314 [warning] [Decorations] CAPPING events from decorations provider vscode.git 6613
2025-01-27 06:27:49.639 [warning] [Decorations] CAPPING events from decorations provider vscode.git 6613
2025-01-27 06:27:54.861 [warning] [Decorations] CAPPING events from decorations provider vscode.git 6613
2025-01-27 06:28:00.045 [warning] [Decorations] CAPPING events from decorations provider vscode.git 6613
2025-01-27 06:28:05.247 [warning] [Decorations] CAPPING events from decorations provider vscode.git 6613
2025-01-27 06:28:10.595 [warning] [Decorations] CAPPING events from decorations provider vscode.git 6613
2025-01-27 06:28:12.012 [info] ExtensionService#_doActivateExtension vscode.npm, startup: false, activationEvent: 'onTerminalQuickFixRequest:ms-vscode.npm-command'
2025-01-27 06:28:16.628 [warning] [Decorations] CAPPING events from decorations provider vscode.git 6616
2025-01-27 06:28:21.961 [warning] [Decorations] CAPPING events from decorations provider vscode.git 6616
2025-01-27 06:28:27.299 [warning] [Decorations] CAPPING events from decorations provider vscode.git 6616
2025-01-27 06:28:32.909 [warning] [Decorations] CAPPING events from decorations provider vscode.git 6616
2025-01-27 06:28:38.295 [warning] [Decorations] CAPPING events from decorations provider vscode.git 6616
2025-01-27 06:28:43.646 [warning] [Decorations] CAPPING events from decorations provider vscode.git 6616
2025-01-27 06:28:48.902 [warning] [Decorations] CAPPING events from decorations provider vscode.git 6616
2025-01-27 06:28:54.104 [warning] [Decorations] CAPPING events from decorations provider vscode.git 6616
2025-01-27 06:29:00.227 [warning] [Decorations] CAPPING events from decorations provider vscode.git 6616
2025-01-27 06:35:12.136 [warning] [Decorations] CAPPING events from decorations provider vscode.git 6616
2025-01-27 06:41:51.997 [warning] [Decorations] CAPPING events from decorations provider vscode.git 6616
2025-01-27 06:42:43.798 [warning] [Decorations] CAPPING events from decorations provider vscode.git 6616
2025-01-27 06:42:49.208 [warning] [Decorations] CAPPING events from decorations provider vscode.git 6616
2025-01-27 06:42:54.693 [warning] [Decorations] CAPPING events from decorations provider vscode.git 6616
2025-01-27 06:43:00.130 [warning] [Decorations] CAPPING events from decorations provider vscode.git 6616
2025-01-27 06:43:05.447 [warning] [Decorations] CAPPING events from decorations provider vscode.git 6616
2025-01-27 06:43:10.796 [warning] [Decorations] CAPPING events from decorations provider vscode.git 6616
2025-01-27 06:43:19.184 [warning] [Decorations] CAPPING events from decorations provider vscode.git 6616
2025-01-27 08:02:01.336 [warning] [Decorations] CAPPING events from decorations provider vscode.git 6616
2025-01-27 08:02:06.666 [warning] [Decorations] CAPPING events from decorations provider vscode.git 6616
2025-01-27 08:02:12.020 [warning] [Decorations] CAPPING events from decorations provider vscode.git 6616
2025-01-27 08:02:17.374 [warning] [Decorations] CAPPING events from decorations provider vscode.git 6616
2025-01-27 08:02:27.983 [warning] [Decorations] CAPPING events from decorations provider vscode.git 6616
2025-01-27 08:02:33.321 [warning] [Decorations] CAPPING events from decorations provider vscode.git 6616
2025-01-27 08:02:38.715 [warning] [Decorations] CAPPING events from decorations provider vscode.git 6616
2025-01-27 08:02:44.024 [warning] [Decorations] CAPPING events from decorations provider vscode.git 6616
2025-01-27 19:47:20.117 [warning] [Decorations] CAPPING events from decorations provider vscode.git 6616
2025-01-27 19:47:25.601 [warning] [Decorations] CAPPING events from decorations provider vscode.git 6616
2025-01-27 19:47:30.947 [warning] [Decorations] CAPPING events from decorations provider vscode.git 6616
2025-01-27 19:47:36.318 [warning] [Decorations] CAPPING events from decorations provider vscode.git 6616
2025-01-27 19:47:41.662 [warning] [Decorations] CAPPING events from decorations provider vscode.git 6616
2025-01-27 19:47:50.216 [warning] [Decorations] CAPPING events from decorations provider vscode.git 6616
2025-01-27 19:47:55.566 [warning] [Decorations] CAPPING events from decorations provider vscode.git 6616
2025-01-27 19:48:00.896 [warning] [Decorations] CAPPING events from decorations provider vscode.git 6616
2025-01-27 19:48:06.481 [warning] [Decorations] CAPPING events from decorations provider vscode.git 6616
2025-01-27 19:48:11.769 [warning] [Decorations] CAPPING events from decorations provider vscode.git 6616
2025-01-27 19:48:17.244 [warning] [Decorations] CAPPING events from decorations provider vscode.git 6619
2025-01-27 19:48:22.573 [warning] [Decorations] CAPPING events from decorations provider vscode.git 6619
2025-01-27 19:48:30.047 [warning] [Decorations] CAPPING events from decorations provider vscode.git 6619
2025-01-27 19:48:36.304 [warning] [Decorations] CAPPING events from decorations provider vscode.git 6619
2025-01-27 19:48:42.599 [warning] [Decorations] CAPPING events from decorations provider vscode.git 6627
2025-01-27 19:56:31.020 [warning] [Decorations] CAPPING events from decorations provider vscode.git 6627
2025-01-27 19:56:36.348 [warning] [Decorations] CAPPING events from decorations provider vscode.git 6627
2025-01-27 19:56:41.916 [warning] [Decorations] CAPPING events from decorations provider vscode.git 6627
2025-01-27 19:56:47.484 [warning] [Decorations] CAPPING events from decorations provider vscode.git 6627
2025-01-27 19:56:52.828 [warning] [Decorations] CAPPING events from decorations provider vscode.git 6627
2025-01-27 19:56:58.188 [warning] [Decorations] CAPPING events from decorations provider vscode.git 6628
2025-01-27 19:57:08.065 [warning] [Decorations] CAPPING events from decorations provider vscode.git 6628
2025-01-27 19:57:14.951 [warning] [Decorations] CAPPING events from decorations provider vscode.git 6628
2025-01-27 19:57:20.370 [warning] [Decorations] CAPPING events from decorations provider vscode.git 6631
2025-01-27 19:57:26.637 [warning] [Decorations] CAPPING events from decorations provider vscode.git 6647
2025-01-28 00:56:25.190 [info] Extension host terminating: renderer disconnected for too long (1)
2025-01-28 00:56:25.213 [info] Lock '/home/gabe/.vscode-server/data/User/workspaceStorage/a723edadd372096c6d1ed4145dd6f8e0/vscode.lock': Marking the lockfile as scheduled to be released in 6000 ms.
2025-01-28 00:56:25.716 [error] Canceled: Canceled
	at new IT (file:///home/gabe/.vscode-server/cli/servers/Stable-cd4ee3b1c348a13bafd8f9ad8060705f6d4b9cba/server/out/vs/workbench/api/node/extensionHostProcess.js:32:153476)
	at Dy.U (file:///home/gabe/.vscode-server/cli/servers/Stable-cd4ee3b1c348a13bafd8f9ad8060705f6d4b9cba/server/out/vs/workbench/api/node/extensionHostProcess.js:32:158086)
	at s.<computed>.n.charCodeAt.s.<computed> (file:///home/gabe/.vscode-server/cli/servers/Stable-cd4ee3b1c348a13bafd8f9ad8060705f6d4b9cba/server/out/vs/workbench/api/node/extensionHostProcess.js:32:155580)
	at cw.g (file:///home/gabe/.vscode-server/cli/servers/Stable-cd4ee3b1c348a13bafd8f9ad8060705f6d4b9cba/server/out/vs/workbench/api/node/extensionHostProcess.js:115:32313)
	at cw.executeCommand (file:///home/gabe/.vscode-server/cli/servers/Stable-cd4ee3b1c348a13bafd8f9ad8060705f6d4b9cba/server/out/vs/workbench/api/node/extensionHostProcess.js:115:31817)
	at r.registerCommand.description (file:///home/gabe/.vscode-server/cli/servers/Stable-cd4ee3b1c348a13bafd8f9ad8060705f6d4b9cba/server/out/vs/workbench/api/node/extensionHostProcess.js:115:31147)
	at cw.h (file:///home/gabe/.vscode-server/cli/servers/Stable-cd4ee3b1c348a13bafd8f9ad8060705f6d4b9cba/server/out/vs/workbench/api/node/extensionHostProcess.js:115:32833)
	at cw.g (file:///home/gabe/.vscode-server/cli/servers/Stable-cd4ee3b1c348a13bafd8f9ad8060705f6d4b9cba/server/out/vs/workbench/api/node/extensionHostProcess.js:115:31910)
	at cw.executeCommand (file:///home/gabe/.vscode-server/cli/servers/Stable-cd4ee3b1c348a13bafd8f9ad8060705f6d4b9cba/server/out/vs/workbench/api/node/extensionHostProcess.js:115:31817)
	at Object.executeCommand (file:///home/gabe/.vscode-server/cli/servers/Stable-cd4ee3b1c348a13bafd8f9ad8060705f6d4b9cba/server/out/vs/workbench/api/node/extensionHostProcess.js:157:37484)
	at Sh.L [as value] (/home/gabe/.vscode-server/cli/servers/Stable-cd4ee3b1c348a13bafd8f9ad8060705f6d4b9cba/server/extensions/git/dist/main.js:2:975601)
	at P.B (file:///home/gabe/.vscode-server/cli/servers/Stable-cd4ee3b1c348a13bafd8f9ad8060705f6d4b9cba/server/out/vs/workbench/api/node/extensionHostProcess.js:30:746)
	at P.C (file:///home/gabe/.vscode-server/cli/servers/Stable-cd4ee3b1c348a13bafd8f9ad8060705f6d4b9cba/server/out/vs/workbench/api/node/extensionHostProcess.js:30:816)
	at P.fire (file:///home/gabe/.vscode-server/cli/servers/Stable-cd4ee3b1c348a13bafd8f9ad8060705f6d4b9cba/server/out/vs/workbench/api/node/extensionHostProcess.js:30:1033)
	at Object.p [as dispose] (/home/gabe/.vscode-server/cli/servers/Stable-cd4ee3b1c348a13bafd8f9ad8060705f6d4b9cba/server/extensions/git/dist/main.js:2:997158)
	at /home/gabe/.vscode-server/cli/servers/Stable-cd4ee3b1c348a13bafd8f9ad8060705f6d4b9cba/server/extensions/git/dist/main.js:2:1003280
	at Array.forEach (<anonymous>)
	at b.dispose (/home/gabe/.vscode-server/cli/servers/Stable-cd4ee3b1c348a13bafd8f9ad8060705f6d4b9cba/server/extensions/git/dist/main.js:2:1003266)
	at ev.<anonymous> (file:///home/gabe/.vscode-server/cli/servers/Stable-cd4ee3b1c348a13bafd8f9ad8060705f6d4b9cba/server/out/vs/workbench/api/node/extensionHostProcess.js:109:20047)
	at ev.dispose (file:///home/gabe/.vscode-server/cli/servers/Stable-cd4ee3b1c348a13bafd8f9ad8060705f6d4b9cba/server/out/vs/workbench/api/node/extensionHostProcess.js:109:20143)
	at ev.<anonymous> (/home/gabe/.vscode-server/cli/servers/Stable-cd4ee3b1c348a13bafd8f9ad8060705f6d4b9cba/server/extensions/git/dist/main.js:2:978080)
	at ev.dispose (file:///home/gabe/.vscode-server/cli/servers/Stable-cd4ee3b1c348a13bafd8f9ad8060705f6d4b9cba/server/out/vs/workbench/api/node/extensionHostProcess.js:109:20143)
	at ai (file:///home/gabe/.vscode-server/cli/servers/Stable-cd4ee3b1c348a13bafd8f9ad8060705f6d4b9cba/server/out/vs/workbench/api/node/extensionHostProcess.js:25:699)
	at file:///home/gabe/.vscode-server/cli/servers/Stable-cd4ee3b1c348a13bafd8f9ad8060705f6d4b9cba/server/out/vs/workbench/api/node/extensionHostProcess.js:119:14992
	at file:///home/gabe/.vscode-server/cli/servers/Stable-cd4ee3b1c348a13bafd8f9ad8060705f6d4b9cba/server/out/vs/workbench/api/node/extensionHostProcess.js:25:1009
	at Object.dispose (file:///home/gabe/.vscode-server/cli/servers/Stable-cd4ee3b1c348a13bafd8f9ad8060705f6d4b9cba/server/out/vs/workbench/api/node/extensionHostProcess.js:8:705)
	at zz.eb (file:///home/gabe/.vscode-server/cli/servers/Stable-cd4ee3b1c348a13bafd8f9ad8060705f6d4b9cba/server/out/vs/workbench/api/node/extensionHostProcess.js:119:11919)
	at file:///home/gabe/.vscode-server/cli/servers/Stable-cd4ee3b1c348a13bafd8f9ad8060705f6d4b9cba/server/out/vs/workbench/api/node/extensionHostProcess.js:119:9874
	at Array.map (<anonymous>)
	at zz.$ (file:///home/gabe/.vscode-server/cli/servers/Stable-cd4ee3b1c348a13bafd8f9ad8060705f6d4b9cba/server/out/vs/workbench/api/node/extensionHostProcess.js:119:9862)
	at zz.terminate (file:///home/gabe/.vscode-server/cli/servers/Stable-cd4ee3b1c348a13bafd8f9ad8060705f6d4b9cba/server/out/vs/workbench/api/node/extensionHostProcess.js:119:10105)
	at Q3.terminate (file:///home/gabe/.vscode-server/cli/servers/Stable-cd4ee3b1c348a13bafd8f9ad8060705f6d4b9cba/server/out/vs/workbench/api/node/extensionHostProcess.js:120:1424)
	at Zi (file:///home/gabe/.vscode-server/cli/servers/Stable-cd4ee3b1c348a13bafd8f9ad8060705f6d4b9cba/server/out/vs/workbench/api/node/extensionHostProcess.js:175:15080)
	at C5.a (file:///home/gabe/.vscode-server/cli/servers/Stable-cd4ee3b1c348a13bafd8f9ad8060705f6d4b9cba/server/out/vs/workbench/api/node/extensionHostProcess.js:175:11932)
	at C5.h (file:///home/gabe/.vscode-server/cli/servers/Stable-cd4ee3b1c348a13bafd8f9ad8060705f6d4b9cba/server/out/vs/workbench/api/node/extensionHostProcess.js:31:75719)
	at listOnTimeout (node:internal/timers:581:17)
	at process.processTimers (node:internal/timers:519:7) setContext undefined
2025-01-28 00:56:25.725 [error] Canceled: Canceled
	at new IT (file:///home/gabe/.vscode-server/cli/servers/Stable-cd4ee3b1c348a13bafd8f9ad8060705f6d4b9cba/server/out/vs/workbench/api/node/extensionHostProcess.js:32:153476)
	at Dy.U (file:///home/gabe/.vscode-server/cli/servers/Stable-cd4ee3b1c348a13bafd8f9ad8060705f6d4b9cba/server/out/vs/workbench/api/node/extensionHostProcess.js:32:158086)
	at s.<computed>.n.charCodeAt.s.<computed> (file:///home/gabe/.vscode-server/cli/servers/Stable-cd4ee3b1c348a13bafd8f9ad8060705f6d4b9cba/server/out/vs/workbench/api/node/extensionHostProcess.js:32:155580)
	at cw.g (file:///home/gabe/.vscode-server/cli/servers/Stable-cd4ee3b1c348a13bafd8f9ad8060705f6d4b9cba/server/out/vs/workbench/api/node/extensionHostProcess.js:115:32313)
	at cw.executeCommand (file:///home/gabe/.vscode-server/cli/servers/Stable-cd4ee3b1c348a13bafd8f9ad8060705f6d4b9cba/server/out/vs/workbench/api/node/extensionHostProcess.js:115:31817)
	at r.registerCommand.description (file:///home/gabe/.vscode-server/cli/servers/Stable-cd4ee3b1c348a13bafd8f9ad8060705f6d4b9cba/server/out/vs/workbench/api/node/extensionHostProcess.js:115:31147)
	at cw.h (file:///home/gabe/.vscode-server/cli/servers/Stable-cd4ee3b1c348a13bafd8f9ad8060705f6d4b9cba/server/out/vs/workbench/api/node/extensionHostProcess.js:115:32833)
	at cw.g (file:///home/gabe/.vscode-server/cli/servers/Stable-cd4ee3b1c348a13bafd8f9ad8060705f6d4b9cba/server/out/vs/workbench/api/node/extensionHostProcess.js:115:31910)
	at cw.executeCommand (file:///home/gabe/.vscode-server/cli/servers/Stable-cd4ee3b1c348a13bafd8f9ad8060705f6d4b9cba/server/out/vs/workbench/api/node/extensionHostProcess.js:115:31817)
	at Object.executeCommand (file:///home/gabe/.vscode-server/cli/servers/Stable-cd4ee3b1c348a13bafd8f9ad8060705f6d4b9cba/server/out/vs/workbench/api/node/extensionHostProcess.js:157:37484)
	at set hasGitHubRepositories [as hasGitHubRepositories] (/home/gabe/.vscode-server/cli/servers/Stable-cd4ee3b1c348a13bafd8f9ad8060705f6d4b9cba/server/extensions/github/dist/extension.js:2:328633)
	at /home/gabe/.vscode-server/cli/servers/Stable-cd4ee3b1c348a13bafd8f9ad8060705f6d4b9cba/server/extensions/github/dist/extension.js:2:329592
	at Sh.value (/home/gabe/.vscode-server/cli/servers/Stable-cd4ee3b1c348a13bafd8f9ad8060705f6d4b9cba/server/extensions/git/dist/main.js:2:1088462)
	at P.B (file:///home/gabe/.vscode-server/cli/servers/Stable-cd4ee3b1c348a13bafd8f9ad8060705f6d4b9cba/server/out/vs/workbench/api/node/extensionHostProcess.js:30:746)
	at P.C (file:///home/gabe/.vscode-server/cli/servers/Stable-cd4ee3b1c348a13bafd8f9ad8060705f6d4b9cba/server/out/vs/workbench/api/node/extensionHostProcess.js:30:816)
	at P.fire (file:///home/gabe/.vscode-server/cli/servers/Stable-cd4ee3b1c348a13bafd8f9ad8060705f6d4b9cba/server/out/vs/workbench/api/node/extensionHostProcess.js:30:1033)
	at Object.p [as dispose] (/home/gabe/.vscode-server/cli/servers/Stable-cd4ee3b1c348a13bafd8f9ad8060705f6d4b9cba/server/extensions/git/dist/main.js:2:997158)
	at /home/gabe/.vscode-server/cli/servers/Stable-cd4ee3b1c348a13bafd8f9ad8060705f6d4b9cba/server/extensions/git/dist/main.js:2:1003280
	at Array.forEach (<anonymous>)
	at b.dispose (/home/gabe/.vscode-server/cli/servers/Stable-cd4ee3b1c348a13bafd8f9ad8060705f6d4b9cba/server/extensions/git/dist/main.js:2:1003266)
	at ev.<anonymous> (file:///home/gabe/.vscode-server/cli/servers/Stable-cd4ee3b1c348a13bafd8f9ad8060705f6d4b9cba/server/out/vs/workbench/api/node/extensionHostProcess.js:109:20047)
	at ev.dispose (file:///home/gabe/.vscode-server/cli/servers/Stable-cd4ee3b1c348a13bafd8f9ad8060705f6d4b9cba/server/out/vs/workbench/api/node/extensionHostProcess.js:109:20143)
	at ev.<anonymous> (/home/gabe/.vscode-server/cli/servers/Stable-cd4ee3b1c348a13bafd8f9ad8060705f6d4b9cba/server/extensions/git/dist/main.js:2:978080)
	at ev.dispose (file:///home/gabe/.vscode-server/cli/servers/Stable-cd4ee3b1c348a13bafd8f9ad8060705f6d4b9cba/server/out/vs/workbench/api/node/extensionHostProcess.js:109:20143)
	at ai (file:///home/gabe/.vscode-server/cli/servers/Stable-cd4ee3b1c348a13bafd8f9ad8060705f6d4b9cba/server/out/vs/workbench/api/node/extensionHostProcess.js:25:699)
	at file:///home/gabe/.vscode-server/cli/servers/Stable-cd4ee3b1c348a13bafd8f9ad8060705f6d4b9cba/server/out/vs/workbench/api/node/extensionHostProcess.js:119:14992
	at file:///home/gabe/.vscode-server/cli/servers/Stable-cd4ee3b1c348a13bafd8f9ad8060705f6d4b9cba/server/out/vs/workbench/api/node/extensionHostProcess.js:25:1009
	at Object.dispose (file:///home/gabe/.vscode-server/cli/servers/Stable-cd4ee3b1c348a13bafd8f9ad8060705f6d4b9cba/server/out/vs/workbench/api/node/extensionHostProcess.js:8:705)
	at zz.eb (file:///home/gabe/.vscode-server/cli/servers/Stable-cd4ee3b1c348a13bafd8f9ad8060705f6d4b9cba/server/out/vs/workbench/api/node/extensionHostProcess.js:119:11919)
	at file:///home/gabe/.vscode-server/cli/servers/Stable-cd4ee3b1c348a13bafd8f9ad8060705f6d4b9cba/server/out/vs/workbench/api/node/extensionHostProcess.js:119:9874
	at Array.map (<anonymous>)
	at zz.$ (file:///home/gabe/.vscode-server/cli/servers/Stable-cd4ee3b1c348a13bafd8f9ad8060705f6d4b9cba/server/out/vs/workbench/api/node/extensionHostProcess.js:119:9862)
	at zz.terminate (file:///home/gabe/.vscode-server/cli/servers/Stable-cd4ee3b1c348a13bafd8f9ad8060705f6d4b9cba/server/out/vs/workbench/api/node/extensionHostProcess.js:119:10105)
	at Q3.terminate (file:///home/gabe/.vscode-server/cli/servers/Stable-cd4ee3b1c348a13bafd8f9ad8060705f6d4b9cba/server/out/vs/workbench/api/node/extensionHostProcess.js:120:1424)
	at Zi (file:///home/gabe/.vscode-server/cli/servers/Stable-cd4ee3b1c348a13bafd8f9ad8060705f6d4b9cba/server/out/vs/workbench/api/node/extensionHostProcess.js:175:15080)
	at C5.a (file:///home/gabe/.vscode-server/cli/servers/Stable-cd4ee3b1c348a13bafd8f9ad8060705f6d4b9cba/server/out/vs/workbench/api/node/extensionHostProcess.js:175:11932)
	at C5.h (file:///home/gabe/.vscode-server/cli/servers/Stable-cd4ee3b1c348a13bafd8f9ad8060705f6d4b9cba/server/out/vs/workbench/api/node/extensionHostProcess.js:31:75719)
	at listOnTimeout (node:internal/timers:581:17)
	at process.processTimers (node:internal/timers:519:7) setContext undefined
2025-01-28 00:56:25.823 [info] Extension host with pid 2451511 exiting with code 0
