2025-01-27 05:30:31.016 [info] [main] Log level: Info
2025-01-27 05:30:31.016 [info] [main] Validating found git in: "git"
2025-01-27 05:30:31.016 [info] [main] Using git "2.43.0" from "git"
2025-01-27 05:30:31.016 [info] [Model][doInitialScan] Initial repository scan started
2025-01-27 05:30:31.016 [info] > git rev-parse --show-toplevel [96ms]
2025-01-27 05:30:31.016 [info] > git rev-parse --git-dir --git-common-dir [10ms]
2025-01-27 05:30:31.016 [info] [Model][openRepository] Opened repository: /home/gabe
2025-01-27 05:30:31.082 [info] > git config --get commit.template [46ms]
2025-01-27 05:30:31.085 [info] > git rev-parse --show-toplevel [9ms]
2025-01-27 05:30:31.104 [info] > git rev-parse --show-toplevel [1ms]
2025-01-27 05:30:31.116 [info] [Model][doInitialScan] Initial repository scan completed - repositories (1), closed repositories (0), parent repositories (0), unsafe repositories (0)
2025-01-27 05:30:31.117 [info] > git for-each-ref --format=%(refname)%00%(upstream:short)%00%(objectname)%00%(upstream:track)%00%(upstream:remotename)%00%(upstream:remoteref) refs/heads/main refs/remotes/main [24ms]
2025-01-27 05:30:31.168 [info] > git for-each-ref --sort -committerdate --format %(refname) %(objectname) %(*objectname) [29ms]
2025-01-27 05:30:31.705 [info] > git check-ignore -v -z --stdin [20ms]
2025-01-27 05:30:32.060 [info] > git status -z -uall [934ms]
2025-01-27 05:30:36.069 [info] > git for-each-ref --format=%(refname)%00%(upstream:short)%00%(objectname)%00%(upstream:track)%00%(upstream:remotename)%00%(upstream:remoteref) refs/heads/main refs/remotes/main [3344ms]
2025-01-27 05:30:36.137 [info] > git config --local branch.main.vscode-merge-base [38ms]
2025-01-27 05:30:36.137 [warning] [Git][config] git config failed: Failed to execute git
2025-01-27 05:30:36.143 [info] > git config --get commit.template [253ms]
2025-01-27 05:30:36.289 [info] > git for-each-ref --format=%(refname)%00%(upstream:short)%00%(objectname)%00%(upstream:track)%00%(upstream:remotename)%00%(upstream:remoteref) refs/heads/main refs/remotes/main [136ms]
2025-01-27 05:30:36.315 [info] > git reflog main --grep-reflog=branch: Created from *. [173ms]
2025-01-27 05:30:36.329 [info] > git for-each-ref --sort -committerdate --format %(refname) %(objectname) %(*objectname) [17ms]
2025-01-27 05:30:36.333 [info] > git symbolic-ref --short refs/remotes/origin/HEAD [6ms]
2025-01-27 05:30:36.333 [info] fatal: ref refs/remotes/origin/HEAD is not a symbolic ref
2025-01-27 05:30:36.334 [warning] [Repository][getDefaultBranch] Failed to get default branch details: Failed to execute git.
2025-01-27 05:30:36.637 [info] > git status -z -uall [340ms]
2025-01-27 05:39:35.427 [info] > git config --get commit.template [14ms]
2025-01-27 05:39:35.429 [info] > git for-each-ref --format=%(refname)%00%(upstream:short)%00%(objectname)%00%(upstream:track)%00%(upstream:remotename)%00%(upstream:remoteref) refs/heads/main refs/remotes/main [8ms]
2025-01-27 05:39:35.458 [info] > git for-each-ref --sort -committerdate --format %(refname) %(objectname) %(*objectname) [11ms]
2025-01-27 05:39:35.700 [info] > git status -z -uall [265ms]
2025-01-27 05:39:40.071 [info] > git check-ignore -v -z --stdin [6ms]
2025-01-27 05:39:40.890 [info] > git config --get commit.template [3ms]
2025-01-27 05:39:40.896 [info] > git for-each-ref --format=%(refname)%00%(upstream:short)%00%(objectname)%00%(upstream:track)%00%(upstream:remotename)%00%(upstream:remoteref) refs/heads/main refs/remotes/main [3ms]
2025-01-27 05:39:40.917 [info] > git for-each-ref --sort -committerdate --format %(refname) %(objectname) %(*objectname) [11ms]
2025-01-27 05:39:41.102 [info] > git status -z -uall [202ms]
2025-01-27 05:39:46.248 [info] > git config --get commit.template [12ms]
2025-01-27 05:39:46.249 [info] > git for-each-ref --format=%(refname)%00%(upstream:short)%00%(objectname)%00%(upstream:track)%00%(upstream:remotename)%00%(upstream:remoteref) refs/heads/main refs/remotes/main [4ms]
2025-01-27 05:39:46.269 [info] > git for-each-ref --sort -committerdate --format %(refname) %(objectname) %(*objectname) [7ms]
2025-01-27 05:39:46.432 [info] > git status -z -uall [180ms]
2025-01-27 05:39:49.748 [info] > git show --textconv :gabesite/app_folder/templates/projects.html [16ms]
2025-01-27 05:39:49.750 [info] > git ls-files --stage -- /home/gabe/gabesite/app_folder/templates/projects.html [12ms]
2025-01-27 05:39:49.757 [info] > git cat-file -s 24e65eca8ae2e101af8effc7802ed3769441238b [3ms]
2025-01-27 05:39:49.866 [info] > git blame --root --incremental 95c6daf7748a5bb8f85911349641ccd6f48fd4e0 -- /home/gabe/gabesite/app_folder/templates/projects.html [41ms]
2025-01-27 05:39:50.247 [info] > git show --textconv :gabesite/app_folder/templates/resume.html [11ms]
2025-01-27 05:39:50.250 [info] > git ls-files --stage -- /home/gabe/gabesite/app_folder/templates/resume.html [6ms]
2025-01-27 05:39:50.260 [info] > git cat-file -s b01ca6050eaaa821b8bfe112d24d22bf43956df3 [3ms]
2025-01-27 05:39:51.548 [info] > git for-each-ref --format=%(refname)%00%(upstream:short)%00%(objectname)%00%(upstream:track)%00%(upstream:remotename)%00%(upstream:remoteref) refs/heads/main refs/remotes/main [4ms]
2025-01-27 05:39:51.549 [info] > git config --get commit.template [10ms]
2025-01-27 05:39:51.574 [info] > git for-each-ref --sort -committerdate --format %(refname) %(objectname) %(*objectname) [11ms]
2025-01-27 05:39:51.750 [info] > git status -z -uall [197ms]
2025-01-27 05:39:53.368 [info] > git check-ignore -v -z --stdin [8ms]
2025-01-27 05:39:55.994 [info] > git check-ignore -v -z --stdin [3ms]
2025-01-27 05:39:56.839 [info] > git check-ignore -v -z --stdin [2ms]
2025-01-27 05:39:57.134 [info] > git config --get commit.template [5ms]
2025-01-27 05:39:57.136 [info] > git for-each-ref --format=%(refname)%00%(upstream:short)%00%(objectname)%00%(upstream:track)%00%(upstream:remotename)%00%(upstream:remoteref) refs/heads/main refs/remotes/main [4ms]
2025-01-27 05:39:57.176 [info] > git for-each-ref --sort -committerdate --format %(refname) %(objectname) %(*objectname) [22ms]
2025-01-27 05:39:57.349 [info] > git status -z -uall [210ms]
2025-01-27 05:39:58.406 [info] > git show --textconv :gabesite/app_folder/static/css/root_style.css [51ms]
2025-01-27 05:39:58.408 [info] > git ls-files --stage -- /home/gabe/gabesite/app_folder/static/css/root_style.css [41ms]
2025-01-27 05:39:58.419 [info] > git cat-file -s d788d127f50f59fa4cd148904830c6f899dd8ef4 [3ms]
2025-01-27 05:39:59.518 [info] > git check-ignore -v -z --stdin [3ms]
2025-01-27 05:40:01.391 [info] > git show --textconv :gabesite/app_folder/static/js/root_func.js [152ms]
2025-01-27 05:40:01.396 [info] > git ls-files --stage -- /home/gabe/gabesite/app_folder/static/js/root_func.js [119ms]
2025-01-27 05:40:01.438 [info] > git cat-file -s e69de29bb2d1d6434b8b29ae775ad8c2e48c5391 [15ms]
2025-01-27 05:40:02.540 [info] > git config --get commit.template [24ms]
2025-01-27 05:40:02.576 [info] > git for-each-ref --format=%(refname)%00%(upstream:short)%00%(objectname)%00%(upstream:track)%00%(upstream:remotename)%00%(upstream:remoteref) refs/heads/main refs/remotes/main [13ms]
2025-01-27 05:40:02.663 [info] > git for-each-ref --sort -committerdate --format %(refname) %(objectname) %(*objectname) [23ms]
2025-01-27 05:40:04.499 [info] > git status -z -uall [1899ms]
2025-01-27 05:48:59.466 [info] > git config --get commit.template [22ms]
2025-01-27 05:48:59.468 [info] > git for-each-ref --format=%(refname)%00%(upstream:short)%00%(objectname)%00%(upstream:track)%00%(upstream:remotename)%00%(upstream:remoteref) refs/heads/main refs/remotes/main [15ms]
2025-01-27 05:48:59.496 [info] > git for-each-ref --sort -committerdate --format %(refname) %(objectname) %(*objectname) [14ms]
2025-01-27 05:49:00.339 [info] > git status -z -uall [867ms]
2025-01-27 05:49:05.584 [info] > git config --get commit.template [10ms]
2025-01-27 05:49:05.588 [info] > git for-each-ref --format=%(refname)%00%(upstream:short)%00%(objectname)%00%(upstream:track)%00%(upstream:remotename)%00%(upstream:remoteref) refs/heads/main refs/remotes/main [5ms]
2025-01-27 05:49:05.610 [info] > git for-each-ref --sort -committerdate --format %(refname) %(objectname) %(*objectname) [12ms]
2025-01-27 05:49:05.822 [info] > git status -z -uall [230ms]
2025-01-27 05:49:12.277 [info] > git config --get commit.template [11ms]
2025-01-27 05:49:12.278 [info] > git for-each-ref --format=%(refname)%00%(upstream:short)%00%(objectname)%00%(upstream:track)%00%(upstream:remotename)%00%(upstream:remoteref) refs/heads/main refs/remotes/main [5ms]
2025-01-27 05:49:12.310 [info] > git for-each-ref --sort -committerdate --format %(refname) %(objectname) %(*objectname) [12ms]
2025-01-27 05:49:12.525 [info] > git status -z -uall [242ms]
2025-01-27 05:49:16.298 [info] > git ls-files --stage -- /home/gabe/gabesite/app_folder/app.py [7ms]
2025-01-27 05:49:16.304 [info] > git show --textconv :gabesite/app_folder/app.py [20ms]
2025-01-27 05:49:16.305 [info] > git cat-file -s e762428cb54a75630c891bb6153e1aeb3a15e247 [2ms]
2025-01-27 05:49:17.689 [info] > git config --get commit.template [7ms]
2025-01-27 05:49:17.690 [info] > git for-each-ref --format=%(refname)%00%(upstream:short)%00%(objectname)%00%(upstream:track)%00%(upstream:remotename)%00%(upstream:remoteref) refs/heads/main refs/remotes/main [3ms]
2025-01-27 05:49:17.720 [info] > git for-each-ref --sort -committerdate --format %(refname) %(objectname) %(*objectname) [9ms]
2025-01-27 05:49:17.959 [info] > git status -z -uall [264ms]
2025-01-27 05:49:19.029 [info] > git blame --root --incremental 95c6daf7748a5bb8f85911349641ccd6f48fd4e0 -- /home/gabe/gabesite/app_folder/app.py [207ms]
2025-01-27 05:50:06.987 [info] > git config --get commit.template [14ms]
2025-01-27 05:50:06.988 [info] > git for-each-ref --format=%(refname)%00%(upstream:short)%00%(objectname)%00%(upstream:track)%00%(upstream:remotename)%00%(upstream:remoteref) refs/heads/main refs/remotes/main [6ms]
2025-01-27 05:50:07.014 [info] > git for-each-ref --sort -committerdate --format %(refname) %(objectname) %(*objectname) [10ms]
2025-01-27 05:50:07.216 [info] > git status -z -uall [223ms]
2025-01-27 06:01:41.356 [info] > git config --get commit.template [14ms]
2025-01-27 06:01:41.360 [info] > git for-each-ref --format=%(refname)%00%(upstream:short)%00%(objectname)%00%(upstream:track)%00%(upstream:remotename)%00%(upstream:remoteref) refs/heads/main refs/remotes/main [9ms]
2025-01-27 06:01:41.400 [info] > git for-each-ref --sort -committerdate --format %(refname) %(objectname) %(*objectname) [8ms]
2025-01-27 06:01:41.590 [info] > git status -z -uall [219ms]
2025-01-27 06:01:59.112 [info] > git config --get commit.template [9ms]
2025-01-27 06:01:59.115 [info] > git for-each-ref --format=%(refname)%00%(upstream:short)%00%(objectname)%00%(upstream:track)%00%(upstream:remotename)%00%(upstream:remoteref) refs/heads/main refs/remotes/main [6ms]
2025-01-27 06:01:59.150 [info] > git for-each-ref --sort -committerdate --format %(refname) %(objectname) %(*objectname) [13ms]
2025-01-27 06:01:59.335 [info] > git status -z -uall [213ms]
2025-01-27 06:02:04.539 [info] > git config --get commit.template [11ms]
2025-01-27 06:02:04.541 [info] > git for-each-ref --format=%(refname)%00%(upstream:short)%00%(objectname)%00%(upstream:track)%00%(upstream:remotename)%00%(upstream:remoteref) refs/heads/main refs/remotes/main [3ms]
2025-01-27 06:02:04.568 [info] > git for-each-ref --sort -committerdate --format %(refname) %(objectname) %(*objectname) [7ms]
2025-01-27 06:02:04.739 [info] > git status -z -uall [192ms]
2025-01-27 06:02:09.865 [info] > git config --get commit.template [10ms]
2025-01-27 06:02:09.867 [info] > git for-each-ref --format=%(refname)%00%(upstream:short)%00%(objectname)%00%(upstream:track)%00%(upstream:remotename)%00%(upstream:remoteref) refs/heads/main refs/remotes/main [4ms]
2025-01-27 06:02:09.896 [info] > git for-each-ref --sort -committerdate --format %(refname) %(objectname) %(*objectname) [13ms]
2025-01-27 06:02:10.073 [info] > git status -z -uall [202ms]
2025-01-27 06:02:16.338 [info] > git config --get commit.template [14ms]
2025-01-27 06:02:16.343 [info] > git for-each-ref --format=%(refname)%00%(upstream:short)%00%(objectname)%00%(upstream:track)%00%(upstream:remotename)%00%(upstream:remoteref) refs/heads/main refs/remotes/main [6ms]
2025-01-27 06:02:16.369 [info] > git for-each-ref --sort -committerdate --format %(refname) %(objectname) %(*objectname) [10ms]
2025-01-27 06:02:16.526 [info] > git status -z -uall [179ms]
2025-01-27 06:02:21.645 [info] > git config --get commit.template [7ms]
2025-01-27 06:02:21.653 [info] > git for-each-ref --format=%(refname)%00%(upstream:short)%00%(objectname)%00%(upstream:track)%00%(upstream:remotename)%00%(upstream:remoteref) refs/heads/main refs/remotes/main [3ms]
2025-01-27 06:02:21.681 [info] > git for-each-ref --sort -committerdate --format %(refname) %(objectname) %(*objectname) [9ms]
2025-01-27 06:02:21.865 [info] > git status -z -uall [208ms]
2025-01-27 06:02:30.894 [info] > git config --get commit.template [17ms]
2025-01-27 06:02:30.894 [info] > git for-each-ref --format=%(refname)%00%(upstream:short)%00%(objectname)%00%(upstream:track)%00%(upstream:remotename)%00%(upstream:remoteref) refs/heads/main refs/remotes/main [5ms]
2025-01-27 06:02:30.923 [info] > git for-each-ref --sort -committerdate --format %(refname) %(objectname) %(*objectname) [7ms]
2025-01-27 06:02:31.099 [info] > git status -z -uall [201ms]
2025-01-27 06:02:36.300 [info] > git config --get commit.template [25ms]
2025-01-27 06:02:36.303 [info] > git for-each-ref --format=%(refname)%00%(upstream:short)%00%(objectname)%00%(upstream:track)%00%(upstream:remotename)%00%(upstream:remoteref) refs/heads/main refs/remotes/main [13ms]
2025-01-27 06:02:36.369 [info] > git for-each-ref --sort -committerdate --format %(refname) %(objectname) %(*objectname) [25ms]
2025-01-27 06:02:36.856 [info] > git status -z -uall [541ms]
2025-01-27 06:14:36.894 [info] > git config --get commit.template [12ms]
2025-01-27 06:14:36.896 [info] > git for-each-ref --format=%(refname)%00%(upstream:short)%00%(objectname)%00%(upstream:track)%00%(upstream:remotename)%00%(upstream:remoteref) refs/heads/main refs/remotes/main [5ms]
2025-01-27 06:14:36.928 [info] > git for-each-ref --sort -committerdate --format %(refname) %(objectname) %(*objectname) [11ms]
2025-01-27 06:14:37.144 [info] > git status -z -uall [241ms]
2025-01-27 06:23:49.321 [info] > git config --get commit.template [13ms]
2025-01-27 06:23:49.322 [info] > git for-each-ref --format=%(refname)%00%(upstream:short)%00%(objectname)%00%(upstream:track)%00%(upstream:remotename)%00%(upstream:remoteref) refs/heads/main refs/remotes/main [7ms]
2025-01-27 06:23:49.352 [info] > git for-each-ref --sort -committerdate --format %(refname) %(objectname) %(*objectname) [15ms]
2025-01-27 06:23:49.644 [info] > git status -z -uall [315ms]
2025-01-27 06:23:54.877 [info] > git config --get commit.template [15ms]
2025-01-27 06:23:54.880 [info] > git for-each-ref --format=%(refname)%00%(upstream:short)%00%(objectname)%00%(upstream:track)%00%(upstream:remotename)%00%(upstream:remoteref) refs/heads/main refs/remotes/main [5ms]
2025-01-27 06:23:54.918 [info] > git for-each-ref --sort -committerdate --format %(refname) %(objectname) %(*objectname) [10ms]
2025-01-27 06:23:55.071 [info] > git status -z -uall [186ms]
2025-01-27 06:24:00.258 [info] > git config --get commit.template [10ms]
2025-01-27 06:24:00.259 [info] > git for-each-ref --format=%(refname)%00%(upstream:short)%00%(objectname)%00%(upstream:track)%00%(upstream:remotename)%00%(upstream:remoteref) refs/heads/main refs/remotes/main [5ms]
2025-01-27 06:24:00.286 [info] > git for-each-ref --sort -committerdate --format %(refname) %(objectname) %(*objectname) [14ms]
2025-01-27 06:24:00.454 [info] > git status -z -uall [191ms]
2025-01-27 06:25:14.431 [info] > git config --get commit.template [8ms]
2025-01-27 06:25:14.433 [info] > git for-each-ref --format=%(refname)%00%(upstream:short)%00%(objectname)%00%(upstream:track)%00%(upstream:remotename)%00%(upstream:remoteref) refs/heads/main refs/remotes/main [4ms]
2025-01-27 06:25:14.455 [info] > git for-each-ref --sort -committerdate --format %(refname) %(objectname) %(*objectname) [11ms]
2025-01-27 06:25:14.675 [info] > git status -z -uall [238ms]
2025-01-27 06:25:19.841 [info] > git config --get commit.template [9ms]
2025-01-27 06:25:19.841 [info] > git for-each-ref --format=%(refname)%00%(upstream:short)%00%(objectname)%00%(upstream:track)%00%(upstream:remotename)%00%(upstream:remoteref) refs/heads/main refs/remotes/main [3ms]
2025-01-27 06:25:19.864 [info] > git for-each-ref --sort -committerdate --format %(refname) %(objectname) %(*objectname) [7ms]
2025-01-27 06:25:19.985 [info] > git status -z -uall [140ms]
2025-01-27 06:25:25.165 [info] > git config --get commit.template [12ms]
2025-01-27 06:25:25.166 [info] > git for-each-ref --format=%(refname)%00%(upstream:short)%00%(objectname)%00%(upstream:track)%00%(upstream:remotename)%00%(upstream:remoteref) refs/heads/main refs/remotes/main [4ms]
2025-01-27 06:25:25.188 [info] > git for-each-ref --sort -committerdate --format %(refname) %(objectname) %(*objectname) [5ms]
2025-01-27 06:25:25.339 [info] > git status -z -uall [168ms]
2025-01-27 06:25:30.600 [info] > git config --get commit.template [12ms]
2025-01-27 06:25:30.601 [info] > git for-each-ref --format=%(refname)%00%(upstream:short)%00%(objectname)%00%(upstream:track)%00%(upstream:remotename)%00%(upstream:remoteref) refs/heads/main refs/remotes/main [5ms]
2025-01-27 06:25:30.643 [info] > git for-each-ref --sort -committerdate --format %(refname) %(objectname) %(*objectname) [15ms]
2025-01-27 06:25:30.806 [info] > git status -z -uall [199ms]
2025-01-27 06:25:35.958 [info] > git config --get commit.template [8ms]
2025-01-27 06:25:35.959 [info] > git for-each-ref --format=%(refname)%00%(upstream:short)%00%(objectname)%00%(upstream:track)%00%(upstream:remotename)%00%(upstream:remoteref) refs/heads/main refs/remotes/main [4ms]
2025-01-27 06:25:35.982 [info] > git for-each-ref --sort -committerdate --format %(refname) %(objectname) %(*objectname) [14ms]
2025-01-27 06:25:36.130 [info] > git status -z -uall [168ms]
2025-01-27 06:25:41.368 [info] > git config --get commit.template [13ms]
2025-01-27 06:25:41.373 [info] > git for-each-ref --format=%(refname)%00%(upstream:short)%00%(objectname)%00%(upstream:track)%00%(upstream:remotename)%00%(upstream:remoteref) refs/heads/main refs/remotes/main [7ms]
2025-01-27 06:25:41.415 [info] > git for-each-ref --sort -committerdate --format %(refname) %(objectname) %(*objectname) [10ms]
2025-01-27 06:25:41.562 [info] > git status -z -uall [180ms]
2025-01-27 06:25:46.681 [info] > git config --get commit.template [13ms]
2025-01-27 06:25:46.682 [info] > git for-each-ref --format=%(refname)%00%(upstream:short)%00%(objectname)%00%(upstream:track)%00%(upstream:remotename)%00%(upstream:remoteref) refs/heads/main refs/remotes/main [5ms]
2025-01-27 06:25:46.711 [info] > git for-each-ref --sort -committerdate --format %(refname) %(objectname) %(*objectname) [9ms]
2025-01-27 06:25:46.905 [info] > git status -z -uall [219ms]
2025-01-27 06:25:52.042 [info] > git config --get commit.template [8ms]
2025-01-27 06:25:52.044 [info] > git for-each-ref --format=%(refname)%00%(upstream:short)%00%(objectname)%00%(upstream:track)%00%(upstream:remotename)%00%(upstream:remoteref) refs/heads/main refs/remotes/main [4ms]
2025-01-27 06:25:52.066 [info] > git for-each-ref --sort -committerdate --format %(refname) %(objectname) %(*objectname) [6ms]
2025-01-27 06:25:52.206 [info] > git status -z -uall [159ms]
2025-01-27 06:25:57.317 [info] > git config --get commit.template [8ms]
2025-01-27 06:25:57.318 [info] > git for-each-ref --format=%(refname)%00%(upstream:short)%00%(objectname)%00%(upstream:track)%00%(upstream:remotename)%00%(upstream:remoteref) refs/heads/main refs/remotes/main [4ms]
2025-01-27 06:25:57.348 [info] > git for-each-ref --sort -committerdate --format %(refname) %(objectname) %(*objectname) [13ms]
2025-01-27 06:25:57.511 [info] > git status -z -uall [189ms]
2025-01-27 06:26:02.633 [info] > git for-each-ref --format=%(refname)%00%(upstream:short)%00%(objectname)%00%(upstream:track)%00%(upstream:remotename)%00%(upstream:remoteref) refs/heads/main refs/remotes/main [1ms]
2025-01-27 06:26:02.634 [info] > git config --get commit.template [11ms]
2025-01-27 06:26:02.658 [info] > git for-each-ref --sort -committerdate --format %(refname) %(objectname) %(*objectname) [9ms]
2025-01-27 06:26:02.769 [info] > git status -z -uall [131ms]
2025-01-27 06:26:07.871 [info] > git config --get commit.template [8ms]
2025-01-27 06:26:07.873 [info] > git for-each-ref --format=%(refname)%00%(upstream:short)%00%(objectname)%00%(upstream:track)%00%(upstream:remotename)%00%(upstream:remoteref) refs/heads/main refs/remotes/main [5ms]
2025-01-27 06:26:07.906 [info] > git for-each-ref --sort -committerdate --format %(refname) %(objectname) %(*objectname) [8ms]
2025-01-27 06:26:08.053 [info] > git status -z -uall [174ms]
2025-01-27 06:26:13.191 [info] > git config --get commit.template [11ms]
2025-01-27 06:26:13.192 [info] > git for-each-ref --format=%(refname)%00%(upstream:short)%00%(objectname)%00%(upstream:track)%00%(upstream:remotename)%00%(upstream:remoteref) refs/heads/main refs/remotes/main [3ms]
2025-01-27 06:26:13.227 [info] > git for-each-ref --sort -committerdate --format %(refname) %(objectname) %(*objectname) [12ms]
2025-01-27 06:26:13.367 [info] > git status -z -uall [171ms]
2025-01-27 06:26:18.538 [info] > git config --get commit.template [11ms]
2025-01-27 06:26:18.539 [info] > git for-each-ref --format=%(refname)%00%(upstream:short)%00%(objectname)%00%(upstream:track)%00%(upstream:remotename)%00%(upstream:remoteref) refs/heads/main refs/remotes/main [3ms]
2025-01-27 06:26:18.559 [info] > git for-each-ref --sort -committerdate --format %(refname) %(objectname) %(*objectname) [6ms]
2025-01-27 06:26:18.704 [info] > git status -z -uall [162ms]
2025-01-27 06:26:23.821 [info] > git config --get commit.template [7ms]
2025-01-27 06:26:23.823 [info] > git for-each-ref --format=%(refname)%00%(upstream:short)%00%(objectname)%00%(upstream:track)%00%(upstream:remotename)%00%(upstream:remoteref) refs/heads/main refs/remotes/main [4ms]
2025-01-27 06:26:23.885 [info] > git for-each-ref --sort -committerdate --format %(refname) %(objectname) %(*objectname) [30ms]
2025-01-27 06:26:24.105 [info] > git status -z -uall [275ms]
2025-01-27 06:26:29.266 [info] > git config --get commit.template [9ms]
2025-01-27 06:26:29.267 [info] > git for-each-ref --format=%(refname)%00%(upstream:short)%00%(objectname)%00%(upstream:track)%00%(upstream:remotename)%00%(upstream:remoteref) refs/heads/main refs/remotes/main [3ms]
2025-01-27 06:26:29.287 [info] > git for-each-ref --sort -committerdate --format %(refname) %(objectname) %(*objectname) [8ms]
2025-01-27 06:26:29.379 [info] > git status -z -uall [109ms]
2025-01-27 06:26:35.282 [info] > git config --get commit.template [9ms]
2025-01-27 06:26:35.283 [info] > git for-each-ref --format=%(refname)%00%(upstream:short)%00%(objectname)%00%(upstream:track)%00%(upstream:remotename)%00%(upstream:remoteref) refs/heads/main refs/remotes/main [4ms]
2025-01-27 06:26:35.322 [info] > git for-each-ref --sort -committerdate --format %(refname) %(objectname) %(*objectname) [6ms]
2025-01-27 06:26:35.475 [info] > git status -z -uall [188ms]
2025-01-27 06:26:40.628 [info] > git config --get commit.template [9ms]
2025-01-27 06:26:40.630 [info] > git for-each-ref --format=%(refname)%00%(upstream:short)%00%(objectname)%00%(upstream:track)%00%(upstream:remotename)%00%(upstream:remoteref) refs/heads/main refs/remotes/main [4ms]
2025-01-27 06:26:40.650 [info] > git for-each-ref --sort -committerdate --format %(refname) %(objectname) %(*objectname) [6ms]
2025-01-27 06:26:40.774 [info] > git status -z -uall [140ms]
2025-01-27 06:26:45.890 [info] > git config --get commit.template [7ms]
2025-01-27 06:26:45.892 [info] > git for-each-ref --format=%(refname)%00%(upstream:short)%00%(objectname)%00%(upstream:track)%00%(upstream:remotename)%00%(upstream:remoteref) refs/heads/main refs/remotes/main [4ms]
2025-01-27 06:26:45.940 [info] > git for-each-ref --sort -committerdate --format %(refname) %(objectname) %(*objectname) [7ms]
2025-01-27 06:26:46.106 [info] > git status -z -uall [210ms]
2025-01-27 06:26:51.242 [info] > git config --get commit.template [9ms]
2025-01-27 06:26:51.244 [info] > git for-each-ref --format=%(refname)%00%(upstream:short)%00%(objectname)%00%(upstream:track)%00%(upstream:remotename)%00%(upstream:remoteref) refs/heads/main refs/remotes/main [3ms]
2025-01-27 06:26:51.265 [info] > git for-each-ref --sort -committerdate --format %(refname) %(objectname) %(*objectname) [3ms]
2025-01-27 06:26:51.366 [info] > git status -z -uall [118ms]
2025-01-27 06:26:56.493 [info] > git config --get commit.template [8ms]
2025-01-27 06:26:56.495 [info] > git for-each-ref --format=%(refname)%00%(upstream:short)%00%(objectname)%00%(upstream:track)%00%(upstream:remotename)%00%(upstream:remoteref) refs/heads/main refs/remotes/main [4ms]
2025-01-27 06:26:56.518 [info] > git for-each-ref --sort -committerdate --format %(refname) %(objectname) %(*objectname) [7ms]
2025-01-27 06:26:56.700 [info] > git status -z -uall [202ms]
2025-01-27 06:27:01.835 [info] > git config --get commit.template [6ms]
2025-01-27 06:27:01.837 [info] > git for-each-ref --format=%(refname)%00%(upstream:short)%00%(objectname)%00%(upstream:track)%00%(upstream:remotename)%00%(upstream:remoteref) refs/heads/main refs/remotes/main [3ms]
2025-01-27 06:27:01.859 [info] > git for-each-ref --sort -committerdate --format %(refname) %(objectname) %(*objectname) [9ms]
2025-01-27 06:27:01.961 [info] > git status -z -uall [121ms]
2025-01-27 06:27:07.054 [info] > git config --get commit.template [6ms]
2025-01-27 06:27:07.056 [info] > git for-each-ref --format=%(refname)%00%(upstream:short)%00%(objectname)%00%(upstream:track)%00%(upstream:remotename)%00%(upstream:remoteref) refs/heads/main refs/remotes/main [3ms]
2025-01-27 06:27:07.096 [info] > git for-each-ref --sort -committerdate --format %(refname) %(objectname) %(*objectname) [6ms]
2025-01-27 06:27:07.222 [info] > git status -z -uall [156ms]
2025-01-27 06:27:12.354 [info] > git config --get commit.template [13ms]
2025-01-27 06:27:12.358 [info] > git for-each-ref --format=%(refname)%00%(upstream:short)%00%(objectname)%00%(upstream:track)%00%(upstream:remotename)%00%(upstream:remoteref) refs/heads/main refs/remotes/main [6ms]
2025-01-27 06:27:12.412 [info] > git for-each-ref --sort -committerdate --format %(refname) %(objectname) %(*objectname) [11ms]
2025-01-27 06:27:12.593 [info] > git status -z -uall [223ms]
2025-01-27 06:27:17.718 [info] > git config --get commit.template [9ms]
2025-01-27 06:27:17.720 [info] > git for-each-ref --format=%(refname)%00%(upstream:short)%00%(objectname)%00%(upstream:track)%00%(upstream:remotename)%00%(upstream:remoteref) refs/heads/main refs/remotes/main [4ms]
2025-01-27 06:27:17.747 [info] > git for-each-ref --sort -committerdate --format %(refname) %(objectname) %(*objectname) [12ms]
2025-01-27 06:27:17.902 [info] > git status -z -uall [178ms]
2025-01-27 06:27:23.016 [info] > git config --get commit.template [7ms]
2025-01-27 06:27:23.016 [info] > git for-each-ref --format=%(refname)%00%(upstream:short)%00%(objectname)%00%(upstream:track)%00%(upstream:remotename)%00%(upstream:remoteref) refs/heads/main refs/remotes/main [3ms]
2025-01-27 06:27:23.037 [info] > git for-each-ref --sort -committerdate --format %(refname) %(objectname) %(*objectname) [8ms]
2025-01-27 06:27:23.165 [info] > git status -z -uall [145ms]
2025-01-27 06:27:28.291 [info] > git config --get commit.template [11ms]
2025-01-27 06:27:28.296 [info] > git for-each-ref --format=%(refname)%00%(upstream:short)%00%(objectname)%00%(upstream:track)%00%(upstream:remotename)%00%(upstream:remoteref) refs/heads/main refs/remotes/main [6ms]
2025-01-27 06:27:28.320 [info] > git for-each-ref --sort -committerdate --format %(refname) %(objectname) %(*objectname) [6ms]
2025-01-27 06:27:28.456 [info] > git status -z -uall [156ms]
2025-01-27 06:27:33.552 [info] > git config --get commit.template [9ms]
2025-01-27 06:27:33.554 [info] > git for-each-ref --format=%(refname)%00%(upstream:short)%00%(objectname)%00%(upstream:track)%00%(upstream:remotename)%00%(upstream:remoteref) refs/heads/main refs/remotes/main [4ms]
2025-01-27 06:27:33.585 [info] > git for-each-ref --sort -committerdate --format %(refname) %(objectname) %(*objectname) [10ms]
2025-01-27 06:27:33.694 [info] > git status -z -uall [136ms]
2025-01-27 06:27:38.820 [info] > git config --get commit.template [11ms]
2025-01-27 06:27:38.821 [info] > git for-each-ref --format=%(refname)%00%(upstream:short)%00%(objectname)%00%(upstream:track)%00%(upstream:remotename)%00%(upstream:remoteref) refs/heads/main refs/remotes/main [3ms]
2025-01-27 06:27:38.849 [info] > git for-each-ref --sort -committerdate --format %(refname) %(objectname) %(*objectname) [16ms]
2025-01-27 06:27:39.013 [info] > git status -z -uall [188ms]
2025-01-27 06:27:44.122 [info] > git config --get commit.template [7ms]
2025-01-27 06:27:44.123 [info] > git for-each-ref --format=%(refname)%00%(upstream:short)%00%(objectname)%00%(upstream:track)%00%(upstream:remotename)%00%(upstream:remoteref) refs/heads/main refs/remotes/main [2ms]
2025-01-27 06:27:44.145 [info] > git for-each-ref --sort -committerdate --format %(refname) %(objectname) %(*objectname) [5ms]
2025-01-27 06:27:44.230 [info] > git status -z -uall [102ms]
2025-01-27 06:27:49.355 [info] > git config --get commit.template [12ms]
2025-01-27 06:27:49.359 [info] > git for-each-ref --format=%(refname)%00%(upstream:short)%00%(objectname)%00%(upstream:track)%00%(upstream:remotename)%00%(upstream:remoteref) refs/heads/main refs/remotes/main [5ms]
2025-01-27 06:27:49.386 [info] > git for-each-ref --sort -committerdate --format %(refname) %(objectname) %(*objectname) [13ms]
2025-01-27 06:27:49.561 [info] > git status -z -uall [198ms]
2025-01-27 06:27:54.672 [info] > git config --get commit.template [8ms]
2025-01-27 06:27:54.674 [info] > git for-each-ref --format=%(refname)%00%(upstream:short)%00%(objectname)%00%(upstream:track)%00%(upstream:remotename)%00%(upstream:remoteref) refs/heads/main refs/remotes/main [4ms]
2025-01-27 06:27:54.692 [info] > git for-each-ref --sort -committerdate --format %(refname) %(objectname) %(*objectname) [3ms]
2025-01-27 06:27:54.782 [info] > git status -z -uall [105ms]
2025-01-27 06:27:59.876 [info] > git config --get commit.template [2ms]
2025-01-27 06:27:59.882 [info] > git for-each-ref --format=%(refname)%00%(upstream:short)%00%(objectname)%00%(upstream:track)%00%(upstream:remotename)%00%(upstream:remoteref) refs/heads/main refs/remotes/main [2ms]
2025-01-27 06:27:59.898 [info] > git for-each-ref --sort -committerdate --format %(refname) %(objectname) %(*objectname) [5ms]
2025-01-27 06:27:59.976 [info] > git status -z -uall [91ms]
2025-01-27 06:28:05.069 [info] > git config --get commit.template [6ms]
2025-01-27 06:28:05.070 [info] > git for-each-ref --format=%(refname)%00%(upstream:short)%00%(objectname)%00%(upstream:track)%00%(upstream:remotename)%00%(upstream:remoteref) refs/heads/main refs/remotes/main [2ms]
2025-01-27 06:28:05.086 [info] > git for-each-ref --sort -committerdate --format %(refname) %(objectname) %(*objectname) [5ms]
2025-01-27 06:28:05.170 [info] > git status -z -uall [97ms]
2025-01-27 06:28:10.277 [info] > git config --get commit.template [12ms]
2025-01-27 06:28:10.280 [info] > git for-each-ref --format=%(refname)%00%(upstream:short)%00%(objectname)%00%(upstream:track)%00%(upstream:remotename)%00%(upstream:remoteref) refs/heads/main refs/remotes/main [5ms]
2025-01-27 06:28:10.323 [info] > git for-each-ref --sort -committerdate --format %(refname) %(objectname) %(*objectname) [15ms]
2025-01-27 06:28:10.505 [info] > git status -z -uall [212ms]
2025-01-27 06:28:16.350 [info] > git config --get commit.template [7ms]
2025-01-27 06:28:16.351 [info] > git for-each-ref --format=%(refname)%00%(upstream:short)%00%(objectname)%00%(upstream:track)%00%(upstream:remotename)%00%(upstream:remoteref) refs/heads/main refs/remotes/main [3ms]
2025-01-27 06:28:16.402 [info] > git for-each-ref --sort -committerdate --format %(refname) %(objectname) %(*objectname) [42ms]
2025-01-27 06:28:16.537 [info] > git status -z -uall [182ms]
2025-01-27 06:28:21.651 [info] > git config --get commit.template [8ms]
2025-01-27 06:28:21.653 [info] > git for-each-ref --format=%(refname)%00%(upstream:short)%00%(objectname)%00%(upstream:track)%00%(upstream:remotename)%00%(upstream:remoteref) refs/heads/main refs/remotes/main [4ms]
2025-01-27 06:28:21.682 [info] > git for-each-ref --sort -committerdate --format %(refname) %(objectname) %(*objectname) [4ms]
2025-01-27 06:28:21.860 [info] > git status -z -uall [201ms]
2025-01-27 06:28:26.992 [info] > git config --get commit.template [8ms]
2025-01-27 06:28:26.993 [info] > git for-each-ref --format=%(refname)%00%(upstream:short)%00%(objectname)%00%(upstream:track)%00%(upstream:remotename)%00%(upstream:remoteref) refs/heads/main refs/remotes/main [4ms]
2025-01-27 06:28:27.015 [info] > git for-each-ref --sort -committerdate --format %(refname) %(objectname) %(*objectname) [6ms]
2025-01-27 06:28:27.203 [info] > git status -z -uall [205ms]
2025-01-27 06:28:32.326 [info] > git config --get commit.template [7ms]
2025-01-27 06:28:32.328 [info] > git for-each-ref --format=%(refname)%00%(upstream:short)%00%(objectname)%00%(upstream:track)%00%(upstream:remotename)%00%(upstream:remoteref) refs/heads/main refs/remotes/main [3ms]
2025-01-27 06:28:32.349 [info] > git for-each-ref --sort -committerdate --format %(refname) %(objectname) %(*objectname) [4ms]
2025-01-27 06:28:32.516 [info] > git status -z -uall [181ms]
2025-01-27 06:28:37.952 [info] > git config --get commit.template [9ms]
2025-01-27 06:28:37.954 [info] > git for-each-ref --format=%(refname)%00%(upstream:short)%00%(objectname)%00%(upstream:track)%00%(upstream:remotename)%00%(upstream:remoteref) refs/heads/main refs/remotes/main [11ms]
2025-01-27 06:28:37.988 [info] > git for-each-ref --sort -committerdate --format %(refname) %(objectname) %(*objectname) [12ms]
2025-01-27 06:28:38.181 [info] > git status -z -uall [220ms]
2025-01-27 06:28:43.320 [info] > git config --get commit.template [9ms]
2025-01-27 06:28:43.321 [info] > git for-each-ref --format=%(refname)%00%(upstream:short)%00%(objectname)%00%(upstream:track)%00%(upstream:remotename)%00%(upstream:remoteref) refs/heads/main refs/remotes/main [4ms]
2025-01-27 06:28:43.359 [info] > git for-each-ref --sort -committerdate --format %(refname) %(objectname) %(*objectname) [12ms]
2025-01-27 06:28:43.533 [info] > git status -z -uall [208ms]
2025-01-27 06:28:48.678 [info] > git config --get commit.template [8ms]
2025-01-27 06:28:48.679 [info] > git for-each-ref --format=%(refname)%00%(upstream:short)%00%(objectname)%00%(upstream:track)%00%(upstream:remotename)%00%(upstream:remoteref) refs/heads/main refs/remotes/main [3ms]
2025-01-27 06:28:48.700 [info] > git for-each-ref --sort -committerdate --format %(refname) %(objectname) %(*objectname) [4ms]
2025-01-27 06:28:48.803 [info] > git status -z -uall [119ms]
2025-01-27 06:28:53.922 [info] > git config --get commit.template [6ms]
2025-01-27 06:28:53.926 [info] > git for-each-ref --format=%(refname)%00%(upstream:short)%00%(objectname)%00%(upstream:track)%00%(upstream:remotename)%00%(upstream:remoteref) refs/heads/main refs/remotes/main [5ms]
2025-01-27 06:28:53.948 [info] > git for-each-ref --sort -committerdate --format %(refname) %(objectname) %(*objectname) [4ms]
2025-01-27 06:28:54.032 [info] > git status -z -uall [101ms]
2025-01-27 06:28:59.898 [info] > git config --get commit.template [13ms]
2025-01-27 06:28:59.899 [info] > git for-each-ref --format=%(refname)%00%(upstream:short)%00%(objectname)%00%(upstream:track)%00%(upstream:remotename)%00%(upstream:remoteref) refs/heads/main refs/remotes/main [4ms]
2025-01-27 06:28:59.926 [info] > git for-each-ref --sort -committerdate --format %(refname) %(objectname) %(*objectname) [14ms]
2025-01-27 06:29:00.122 [info] > git status -z -uall [218ms]
2025-01-27 06:35:11.739 [info] > git config --get commit.template [15ms]
2025-01-27 06:35:11.741 [info] > git for-each-ref --format=%(refname)%00%(upstream:short)%00%(objectname)%00%(upstream:track)%00%(upstream:remotename)%00%(upstream:remoteref) refs/heads/main refs/remotes/main [7ms]
2025-01-27 06:35:11.782 [info] > git for-each-ref --sort -committerdate --format %(refname) %(objectname) %(*objectname) [16ms]
2025-01-27 06:35:12.031 [info] > git status -z -uall [282ms]
2025-01-27 06:41:51.559 [info] > git config --get commit.template [11ms]
2025-01-27 06:41:51.560 [info] > git for-each-ref --format=%(refname)%00%(upstream:short)%00%(objectname)%00%(upstream:track)%00%(upstream:remotename)%00%(upstream:remoteref) refs/heads/main refs/remotes/main [5ms]
2025-01-27 06:41:51.596 [info] > git for-each-ref --sort -committerdate --format %(refname) %(objectname) %(*objectname) [12ms]
2025-01-27 06:41:51.854 [info] > git status -z -uall [290ms]
2025-01-27 06:42:43.378 [info] > git config --get commit.template [9ms]
2025-01-27 06:42:43.387 [info] > git for-each-ref --format=%(refname)%00%(upstream:short)%00%(objectname)%00%(upstream:track)%00%(upstream:remotename)%00%(upstream:remoteref) refs/heads/main refs/remotes/main [2ms]
2025-01-27 06:42:43.422 [info] > git for-each-ref --sort -committerdate --format %(refname) %(objectname) %(*objectname) [15ms]
2025-01-27 06:42:43.685 [info] > git status -z -uall [294ms]
2025-01-27 06:42:48.848 [info] > git config --get commit.template [16ms]
2025-01-27 06:42:48.852 [info] > git for-each-ref --format=%(refname)%00%(upstream:short)%00%(objectname)%00%(upstream:track)%00%(upstream:remotename)%00%(upstream:remoteref) refs/heads/main refs/remotes/main [7ms]
2025-01-27 06:42:48.887 [info] > git for-each-ref --sort -committerdate --format %(refname) %(objectname) %(*objectname) [7ms]
2025-01-27 06:42:49.062 [info] > git status -z -uall [207ms]
2025-01-27 06:42:54.268 [info] > git config --get commit.template [12ms]
2025-01-27 06:42:54.269 [info] > git for-each-ref --format=%(refname)%00%(upstream:short)%00%(objectname)%00%(upstream:track)%00%(upstream:remotename)%00%(upstream:remoteref) refs/heads/main refs/remotes/main [7ms]
2025-01-27 06:42:54.293 [info] > git for-each-ref --sort -committerdate --format %(refname) %(objectname) %(*objectname) [12ms]
2025-01-27 06:42:54.499 [info] > git status -z -uall [226ms]
2025-01-27 06:42:59.804 [info] > git config --get commit.template [11ms]
2025-01-27 06:42:59.805 [info] > git for-each-ref --format=%(refname)%00%(upstream:short)%00%(objectname)%00%(upstream:track)%00%(upstream:remotename)%00%(upstream:remoteref) refs/heads/main refs/remotes/main [4ms]
2025-01-27 06:42:59.841 [info] > git for-each-ref --sort -committerdate --format %(refname) %(objectname) %(*objectname) [14ms]
2025-01-27 06:43:00.040 [info] > git status -z -uall [231ms]
2025-01-27 06:43:05.161 [info] > git config --get commit.template [7ms]
2025-01-27 06:43:05.163 [info] > git for-each-ref --format=%(refname)%00%(upstream:short)%00%(objectname)%00%(upstream:track)%00%(upstream:remotename)%00%(upstream:remoteref) refs/heads/main refs/remotes/main [4ms]
2025-01-27 06:43:05.194 [info] > git for-each-ref --sort -committerdate --format %(refname) %(objectname) %(*objectname) [9ms]
2025-01-27 06:43:05.360 [info] > git status -z -uall [194ms]
2025-01-27 06:43:10.567 [info] > git config --get commit.template [10ms]
2025-01-27 06:43:10.569 [info] > git for-each-ref --format=%(refname)%00%(upstream:short)%00%(objectname)%00%(upstream:track)%00%(upstream:remotename)%00%(upstream:remoteref) refs/heads/main refs/remotes/main [4ms]
2025-01-27 06:43:10.591 [info] > git for-each-ref --sort -committerdate --format %(refname) %(objectname) %(*objectname) [7ms]
2025-01-27 06:43:10.721 [info] > git status -z -uall [148ms]
2025-01-27 06:43:18.949 [info] > git config --get commit.template [7ms]
2025-01-27 06:43:18.953 [info] > git for-each-ref --format=%(refname)%00%(upstream:short)%00%(objectname)%00%(upstream:track)%00%(upstream:remotename)%00%(upstream:remoteref) refs/heads/main refs/remotes/main [5ms]
2025-01-27 06:43:18.975 [info] > git for-each-ref --sort -committerdate --format %(refname) %(objectname) %(*objectname) [7ms]
2025-01-27 06:43:19.084 [info] > git status -z -uall [126ms]
2025-01-27 08:02:00.655 [info] > git config --get commit.template [10ms]
2025-01-27 08:02:00.657 [info] > git for-each-ref --format=%(refname)%00%(upstream:short)%00%(objectname)%00%(upstream:track)%00%(upstream:remotename)%00%(upstream:remoteref) refs/heads/main refs/remotes/main [5ms]
2025-01-27 08:02:00.683 [info] > git for-each-ref --sort -committerdate --format %(refname) %(objectname) %(*objectname) [9ms]
2025-01-27 08:02:00.909 [info] > git status -z -uall [248ms]
2025-01-27 08:02:06.377 [info] > git config --get commit.template [7ms]
2025-01-27 08:02:06.378 [info] > git for-each-ref --format=%(refname)%00%(upstream:short)%00%(objectname)%00%(upstream:track)%00%(upstream:remotename)%00%(upstream:remoteref) refs/heads/main refs/remotes/main [4ms]
2025-01-27 08:02:06.404 [info] > git for-each-ref --sort -committerdate --format %(refname) %(objectname) %(*objectname) [15ms]
2025-01-27 08:02:06.587 [info] > git status -z -uall [204ms]
2025-01-27 08:02:11.698 [info] > git config --get commit.template [9ms]
2025-01-27 08:02:11.700 [info] > git for-each-ref --format=%(refname)%00%(upstream:short)%00%(objectname)%00%(upstream:track)%00%(upstream:remotename)%00%(upstream:remoteref) refs/heads/main refs/remotes/main [4ms]
2025-01-27 08:02:11.734 [info] > git for-each-ref --sort -committerdate --format %(refname) %(objectname) %(*objectname) [16ms]
2025-01-27 08:02:11.936 [info] > git status -z -uall [229ms]
2025-01-27 08:02:14.264 [info] > git show --textconv :gabesite/app_folder/app.py [23ms]
2025-01-27 08:02:14.267 [info] > git ls-files --stage -- /home/gabe/gabesite/app_folder/app.py [6ms]
2025-01-27 08:02:14.272 [info] > git cat-file -s e762428cb54a75630c891bb6153e1aeb3a15e247 [2ms]
2025-01-27 08:02:17.087 [info] > git config --get commit.template [6ms]
2025-01-27 08:02:17.088 [info] > git for-each-ref --format=%(refname)%00%(upstream:short)%00%(objectname)%00%(upstream:track)%00%(upstream:remotename)%00%(upstream:remoteref) refs/heads/main refs/remotes/main [2ms]
2025-01-27 08:02:17.110 [info] > git for-each-ref --sort -committerdate --format %(refname) %(objectname) %(*objectname) [13ms]
2025-01-27 08:02:17.269 [info] > git status -z -uall [177ms]
2025-01-27 08:02:27.665 [info] > git config --get commit.template [11ms]
2025-01-27 08:02:27.666 [info] > git for-each-ref --format=%(refname)%00%(upstream:short)%00%(objectname)%00%(upstream:track)%00%(upstream:remotename)%00%(upstream:remoteref) refs/heads/main refs/remotes/main [3ms]
2025-01-27 08:02:27.701 [info] > git for-each-ref --sort -committerdate --format %(refname) %(objectname) %(*objectname) [10ms]
2025-01-27 08:02:27.880 [info] > git status -z -uall [209ms]
2025-01-27 08:02:33.023 [info] > git config --get commit.template [9ms]
2025-01-27 08:02:33.024 [info] > git for-each-ref --format=%(refname)%00%(upstream:short)%00%(objectname)%00%(upstream:track)%00%(upstream:remotename)%00%(upstream:remoteref) refs/heads/main refs/remotes/main [4ms]
2025-01-27 08:02:33.053 [info] > git for-each-ref --sort -committerdate --format %(refname) %(objectname) %(*objectname) [14ms]
2025-01-27 08:02:33.239 [info] > git status -z -uall [211ms]
2025-01-27 08:02:38.376 [info] > git config --get commit.template [16ms]
2025-01-27 08:02:38.377 [info] > git for-each-ref --format=%(refname)%00%(upstream:short)%00%(objectname)%00%(upstream:track)%00%(upstream:remotename)%00%(upstream:remoteref) refs/heads/main refs/remotes/main [7ms]
2025-01-27 08:02:38.409 [info] > git for-each-ref --sort -committerdate --format %(refname) %(objectname) %(*objectname) [15ms]
2025-01-27 08:02:38.623 [info] > git status -z -uall [242ms]
2025-01-27 08:02:43.761 [info] > git config --get commit.template [16ms]
2025-01-27 08:02:43.763 [info] > git for-each-ref --format=%(refname)%00%(upstream:short)%00%(objectname)%00%(upstream:track)%00%(upstream:remotename)%00%(upstream:remoteref) refs/heads/main refs/remotes/main [6ms]
2025-01-27 08:02:43.797 [info] > git for-each-ref --sort -committerdate --format %(refname) %(objectname) %(*objectname) [19ms]
2025-01-27 08:02:43.927 [info] > git status -z -uall [160ms]
2025-01-27 19:47:19.093 [info] > git config --get commit.template [11ms]
2025-01-27 19:47:19.095 [info] > git for-each-ref --format=%(refname)%00%(upstream:short)%00%(objectname)%00%(upstream:track)%00%(upstream:remotename)%00%(upstream:remoteref) refs/heads/main refs/remotes/main [7ms]
2025-01-27 19:47:19.133 [info] > git for-each-ref --sort -committerdate --format %(refname) %(objectname) %(*objectname) [20ms]
2025-01-27 19:47:19.947 [info] > git status -z -uall [847ms]
2025-01-27 19:47:25.277 [info] > git config --get commit.template [14ms]
2025-01-27 19:47:25.278 [info] > git for-each-ref --format=%(refname)%00%(upstream:short)%00%(objectname)%00%(upstream:track)%00%(upstream:remotename)%00%(upstream:remoteref) refs/heads/main refs/remotes/main [4ms]
2025-01-27 19:47:25.317 [info] > git for-each-ref --sort -committerdate --format %(refname) %(objectname) %(*objectname) [21ms]
2025-01-27 19:47:25.503 [info] > git status -z -uall [221ms]
2025-01-27 19:47:30.650 [info] > git config --get commit.template [9ms]
2025-01-27 19:47:30.651 [info] > git for-each-ref --format=%(refname)%00%(upstream:short)%00%(objectname)%00%(upstream:track)%00%(upstream:remotename)%00%(upstream:remoteref) refs/heads/main refs/remotes/main [5ms]
2025-01-27 19:47:30.691 [info] > git for-each-ref --sort -committerdate --format %(refname) %(objectname) %(*objectname) [9ms]
2025-01-27 19:47:30.848 [info] > git status -z -uall [193ms]
2025-01-27 19:47:36.026 [info] > git config --get commit.template [11ms]
2025-01-27 19:47:36.029 [info] > git for-each-ref --format=%(refname)%00%(upstream:short)%00%(objectname)%00%(upstream:track)%00%(upstream:remotename)%00%(upstream:remoteref) refs/heads/main refs/remotes/main [6ms]
2025-01-27 19:47:36.063 [info] > git for-each-ref --sort -committerdate --format %(refname) %(objectname) %(*objectname) [9ms]
2025-01-27 19:47:36.217 [info] > git status -z -uall [182ms]
2025-01-27 19:47:41.357 [info] > git config --get commit.template [12ms]
2025-01-27 19:47:41.358 [info] > git for-each-ref --format=%(refname)%00%(upstream:short)%00%(objectname)%00%(upstream:track)%00%(upstream:remotename)%00%(upstream:remoteref) refs/heads/main refs/remotes/main [6ms]
2025-01-27 19:47:41.395 [info] > git for-each-ref --sort -committerdate --format %(refname) %(objectname) %(*objectname) [9ms]
2025-01-27 19:47:41.569 [info] > git status -z -uall [205ms]
2025-01-27 19:47:49.968 [info] > git config --get commit.template [10ms]
2025-01-27 19:47:49.971 [info] > git for-each-ref --format=%(refname)%00%(upstream:short)%00%(objectname)%00%(upstream:track)%00%(upstream:remotename)%00%(upstream:remoteref) refs/heads/main refs/remotes/main [4ms]
2025-01-27 19:47:49.995 [info] > git for-each-ref --sort -committerdate --format %(refname) %(objectname) %(*objectname) [6ms]
2025-01-27 19:47:50.113 [info] > git status -z -uall [138ms]
2025-01-27 19:47:55.275 [info] > git config --get commit.template [25ms]
2025-01-27 19:47:55.277 [info] > git for-each-ref --format=%(refname)%00%(upstream:short)%00%(objectname)%00%(upstream:track)%00%(upstream:remotename)%00%(upstream:remoteref) refs/heads/main refs/remotes/main [7ms]
2025-01-27 19:47:55.326 [info] > git for-each-ref --sort -committerdate --format %(refname) %(objectname) %(*objectname) [11ms]
2025-01-27 19:47:55.479 [info] > git status -z -uall [189ms]
2025-01-27 19:48:00.601 [info] > git config --get commit.template [9ms]
2025-01-27 19:48:00.602 [info] > git for-each-ref --format=%(refname)%00%(upstream:short)%00%(objectname)%00%(upstream:track)%00%(upstream:remotename)%00%(upstream:remoteref) refs/heads/main refs/remotes/main [3ms]
2025-01-27 19:48:00.641 [info] > git for-each-ref --sort -committerdate --format %(refname) %(objectname) %(*objectname) [8ms]
2025-01-27 19:48:00.801 [info] > git status -z -uall [194ms]
2025-01-27 19:48:05.935 [info] > git config --get commit.template [11ms]
2025-01-27 19:48:05.937 [info] > git for-each-ref --format=%(refname)%00%(upstream:short)%00%(objectname)%00%(upstream:track)%00%(upstream:remotename)%00%(upstream:remoteref) refs/heads/main refs/remotes/main [4ms]
2025-01-27 19:48:05.964 [info] > git for-each-ref --sort -committerdate --format %(refname) %(objectname) %(*objectname) [6ms]
2025-01-27 19:48:06.173 [info] > git status -z -uall [230ms]
2025-01-27 19:48:11.511 [info] > git config --get commit.template [7ms]
2025-01-27 19:48:11.512 [info] > git for-each-ref --format=%(refname)%00%(upstream:short)%00%(objectname)%00%(upstream:track)%00%(upstream:remotename)%00%(upstream:remoteref) refs/heads/main refs/remotes/main [3ms]
2025-01-27 19:48:11.542 [info] > git for-each-ref --sort -committerdate --format %(refname) %(objectname) %(*objectname) [11ms]
2025-01-27 19:48:11.682 [info] > git status -z -uall [165ms]
2025-01-27 19:48:16.805 [info] > git config --get commit.template [12ms]
2025-01-27 19:48:16.806 [info] > git for-each-ref --format=%(refname)%00%(upstream:short)%00%(objectname)%00%(upstream:track)%00%(upstream:remotename)%00%(upstream:remoteref) refs/heads/main refs/remotes/main [4ms]
2025-01-27 19:48:16.840 [info] > git for-each-ref --sort -committerdate --format %(refname) %(objectname) %(*objectname) [9ms]
2025-01-27 19:48:17.008 [info] > git status -z -uall [197ms]
2025-01-27 19:48:22.317 [info] > git config --get commit.template [12ms]
2025-01-27 19:48:22.318 [info] > git for-each-ref --format=%(refname)%00%(upstream:short)%00%(objectname)%00%(upstream:track)%00%(upstream:remotename)%00%(upstream:remoteref) refs/heads/main refs/remotes/main [5ms]
2025-01-27 19:48:22.341 [info] > git for-each-ref --sort -committerdate --format %(refname) %(objectname) %(*objectname) [6ms]
2025-01-27 19:48:22.502 [info] > git status -z -uall [180ms]
2025-01-27 19:48:29.701 [info] > git config --get commit.template [11ms]
2025-01-27 19:48:29.703 [info] > git for-each-ref --format=%(refname)%00%(upstream:short)%00%(objectname)%00%(upstream:track)%00%(upstream:remotename)%00%(upstream:remoteref) refs/heads/main refs/remotes/main [4ms]
2025-01-27 19:48:29.749 [info] > git for-each-ref --sort -committerdate --format %(refname) %(objectname) %(*objectname) [17ms]
2025-01-27 19:48:29.946 [info] > git status -z -uall [239ms]
2025-01-27 19:48:35.980 [info] > git config --get commit.template [10ms]
2025-01-27 19:48:35.988 [info] > git for-each-ref --format=%(refname)%00%(upstream:short)%00%(objectname)%00%(upstream:track)%00%(upstream:remotename)%00%(upstream:remoteref) refs/heads/main refs/remotes/main [2ms]
2025-01-27 19:48:36.019 [info] > git for-each-ref --sort -committerdate --format %(refname) %(objectname) %(*objectname) [10ms]
2025-01-27 19:48:36.178 [info] > git status -z -uall [185ms]
2025-01-27 19:48:42.273 [info] > git config --get commit.template [12ms]
2025-01-27 19:48:42.275 [info] > git for-each-ref --format=%(refname)%00%(upstream:short)%00%(objectname)%00%(upstream:track)%00%(upstream:remotename)%00%(upstream:remoteref) refs/heads/main refs/remotes/main [4ms]
2025-01-27 19:48:42.307 [info] > git for-each-ref --sort -committerdate --format %(refname) %(objectname) %(*objectname) [13ms]
2025-01-27 19:48:42.489 [info] > git status -z -uall [209ms]
2025-01-27 19:56:30.579 [info] > git config --get commit.template [10ms]
2025-01-27 19:56:30.580 [info] > git for-each-ref --format=%(refname)%00%(upstream:short)%00%(objectname)%00%(upstream:track)%00%(upstream:remotename)%00%(upstream:remoteref) refs/heads/main refs/remotes/main [5ms]
2025-01-27 19:56:30.626 [info] > git for-each-ref --sort -committerdate --format %(refname) %(objectname) %(*objectname) [12ms]
2025-01-27 19:56:30.877 [info] > git status -z -uall [292ms]
2025-01-27 19:56:36.059 [info] > git config --get commit.template [9ms]
2025-01-27 19:56:36.060 [info] > git for-each-ref --format=%(refname)%00%(upstream:short)%00%(objectname)%00%(upstream:track)%00%(upstream:remotename)%00%(upstream:remoteref) refs/heads/main refs/remotes/main [4ms]
2025-01-27 19:56:36.085 [info] > git for-each-ref --sort -committerdate --format %(refname) %(objectname) %(*objectname) [8ms]
2025-01-27 19:56:36.255 [info] > git status -z -uall [191ms]
2025-01-27 19:56:41.399 [info] > git config --get commit.template [14ms]
2025-01-27 19:56:41.400 [info] > git for-each-ref --format=%(refname)%00%(upstream:short)%00%(objectname)%00%(upstream:track)%00%(upstream:remotename)%00%(upstream:remoteref) refs/heads/main refs/remotes/main [5ms]
2025-01-27 19:56:41.436 [info] > git for-each-ref --sort -committerdate --format %(refname) %(objectname) %(*objectname) [6ms]
2025-01-27 19:56:41.597 [info] > git status -z -uall [192ms]
2025-01-27 19:56:46.997 [info] > git config --get commit.template [8ms]
2025-01-27 19:56:46.998 [info] > git for-each-ref --format=%(refname)%00%(upstream:short)%00%(objectname)%00%(upstream:track)%00%(upstream:remotename)%00%(upstream:remoteref) refs/heads/main refs/remotes/main [5ms]
2025-01-27 19:56:47.023 [info] > git for-each-ref --sort -committerdate --format %(refname) %(objectname) %(*objectname) [6ms]
2025-01-27 19:56:47.202 [info] > git status -z -uall [199ms]
2025-01-27 19:56:52.535 [info] > git config --get commit.template [12ms]
2025-01-27 19:56:52.536 [info] > git for-each-ref --format=%(refname)%00%(upstream:short)%00%(objectname)%00%(upstream:track)%00%(upstream:remotename)%00%(upstream:remoteref) refs/heads/main refs/remotes/main [4ms]
2025-01-27 19:56:52.565 [info] > git for-each-ref --sort -committerdate --format %(refname) %(objectname) %(*objectname) [8ms]
2025-01-27 19:56:52.741 [info] > git status -z -uall [200ms]
2025-01-27 19:56:57.889 [info] > git config --get commit.template [11ms]
2025-01-27 19:56:57.890 [info] > git for-each-ref --format=%(refname)%00%(upstream:short)%00%(objectname)%00%(upstream:track)%00%(upstream:remotename)%00%(upstream:remoteref) refs/heads/main refs/remotes/main [4ms]
2025-01-27 19:56:57.916 [info] > git for-each-ref --sort -committerdate --format %(refname) %(objectname) %(*objectname) [7ms]
2025-01-27 19:56:58.083 [info] > git status -z -uall [189ms]
2025-01-27 19:57:07.798 [info] > git config --get commit.template [8ms]
2025-01-27 19:57:07.799 [info] > git for-each-ref --format=%(refname)%00%(upstream:short)%00%(objectname)%00%(upstream:track)%00%(upstream:remotename)%00%(upstream:remoteref) refs/heads/main refs/remotes/main [4ms]
2025-01-27 19:57:07.822 [info] > git for-each-ref --sort -committerdate --format %(refname) %(objectname) %(*objectname) [6ms]
2025-01-27 19:57:07.972 [info] > git status -z -uall [169ms]
2025-01-27 19:57:14.661 [info] > git config --get commit.template [15ms]
2025-01-27 19:57:14.664 [info] > git for-each-ref --format=%(refname)%00%(upstream:short)%00%(objectname)%00%(upstream:track)%00%(upstream:remotename)%00%(upstream:remoteref) refs/heads/main refs/remotes/main [6ms]
2025-01-27 19:57:14.691 [info] > git for-each-ref --sort -committerdate --format %(refname) %(objectname) %(*objectname) [11ms]
2025-01-27 19:57:14.858 [info] > git status -z -uall [190ms]
2025-01-27 19:57:19.994 [info] > git config --get commit.template [14ms]
2025-01-27 19:57:19.996 [info] > git for-each-ref --format=%(refname)%00%(upstream:short)%00%(objectname)%00%(upstream:track)%00%(upstream:remotename)%00%(upstream:remoteref) refs/heads/main refs/remotes/main [9ms]
2025-01-27 19:57:20.034 [info] > git for-each-ref --sort -committerdate --format %(refname) %(objectname) %(*objectname) [11ms]
2025-01-27 19:57:20.222 [info] > git status -z -uall [220ms]
2025-01-27 19:57:25.498 [info] > git config --get commit.template [30ms]
2025-01-27 19:57:25.504 [info] > git for-each-ref --format=%(refname)%00%(upstream:short)%00%(objectname)%00%(upstream:track)%00%(upstream:remotename)%00%(upstream:remoteref) refs/heads/main refs/remotes/main [11ms]
2025-01-27 19:57:25.616 [info] > git for-each-ref --sort -committerdate --format %(refname) %(objectname) %(*objectname) [18ms]
2025-01-27 19:57:26.224 [info] > git status -z -uall [703ms]
2025-01-27 19:57:33.553 [info] > git check-ignore -v -z --stdin [14ms]
2025-01-27 19:59:22.277 [info] > git config --get commit.template [274ms]
2025-01-27 19:59:22.286 [info] > git for-each-ref --format=%(refname)%00%(upstream:short)%00%(objectname)%00%(upstream:track)%00%(upstream:remotename)%00%(upstream:remoteref) refs/heads/main refs/remotes/main [90ms]
2025-01-27 19:59:23.302 [info] > git for-each-ref --sort -committerdate --format %(refname) %(objectname) %(*objectname) [539ms]
2025-01-27 19:59:31.901 [info] > git status -z -uall [9564ms] (cancelled)
2025-01-27 20:13:48.944 [info] > git check-ignore -v -z --stdin [162477ms]
2025-01-27 20:14:08.888 [info] > git check-ignore -v -z --stdin [14081ms]
