2025-01-24 08:06:08.285 [info] Extension host with pid 2395066 started
2025-01-24 08:06:08.309 [info] Lock '/home/gabe/.vscode-server/data/User/workspaceStorage/a723edadd372096c6d1ed4145dd6f8e0/vscode.lock': Lock acquired.
2025-01-24 08:06:08.587 [info] ExtensionService#_doActivateExtension vscode.emmet, startup: false, activationEvent: 'onLanguage'
2025-01-24 08:06:08.588 [info] ExtensionService#_doActivateExtension vscode.git-base, startup: false, activationEvent: '*'
2025-01-24 08:06:08.722 [info] ExtensionService#_doActivateExtension vscode.github, startup: false, activationEvent: '*'
2025-01-24 08:06:08.847 [info] Eager extensions activated
2025-01-24 08:06:08.847 [info] ExtensionService#_doActivateExtension vscode.debug-auto-launch, startup: false, activationEvent: 'onStartupFinished'
2025-01-24 08:06:08.847 [info] ExtensionService#_doActivateExtension vscode.merge-conflict, startup: false, activationEvent: 'onStartupFinished'
2025-01-24 08:06:11.245 [info] ExtensionService#_doActivateExtension vscode.git, startup: false, activationEvent: 'api', root cause: vscode.github
2025-01-24 08:06:25.319 [warning] [Decorations] CAPPING events from decorations provider vscode.git 3203
2025-01-24 08:06:26.789 [warning] [Decorations] CAPPING events from decorations provider vscode.git 3203
2025-01-24 08:06:28.865 [warning] [Decorations] CAPPING events from decorations provider vscode.git 3203
2025-01-24 08:06:34.882 [warning] [Decorations] CAPPING events from decorations provider vscode.git 3203
2025-01-24 08:06:40.065 [warning] [Decorations] CAPPING events from decorations provider vscode.git 3203
2025-01-24 08:06:45.267 [warning] [Decorations] CAPPING events from decorations provider vscode.git 3203
2025-01-24 08:06:50.458 [warning] [Decorations] CAPPING events from decorations provider vscode.git 3203
2025-01-24 08:06:55.627 [warning] [Decorations] CAPPING events from decorations provider vscode.git 3203
2025-01-24 08:07:00.834 [warning] [Decorations] CAPPING events from decorations provider vscode.git 3203
2025-01-24 08:07:06.079 [warning] [Decorations] CAPPING events from decorations provider vscode.git 3203
2025-01-24 08:07:11.251 [warning] [Decorations] CAPPING events from decorations provider vscode.git 3203
2025-01-24 08:07:16.412 [warning] [Decorations] CAPPING events from decorations provider vscode.git 3203
2025-01-24 08:07:21.605 [warning] [Decorations] CAPPING events from decorations provider vscode.git 3203
2025-01-24 08:07:26.849 [warning] [Decorations] CAPPING events from decorations provider vscode.git 3203
2025-01-24 08:07:32.069 [warning] [Decorations] CAPPING events from decorations provider vscode.git 3203
2025-01-24 08:07:37.275 [warning] [Decorations] CAPPING events from decorations provider vscode.git 3203
2025-01-24 08:07:42.464 [warning] [Decorations] CAPPING events from decorations provider vscode.git 3203
2025-01-24 08:07:47.628 [warning] [Decorations] CAPPING events from decorations provider vscode.git 3203
2025-01-24 08:07:52.797 [warning] [Decorations] CAPPING events from decorations provider vscode.git 3203
2025-01-24 08:07:57.994 [warning] [Decorations] CAPPING events from decorations provider vscode.git 3203
2025-01-24 08:08:03.146 [warning] [Decorations] CAPPING events from decorations provider vscode.git 3203
2025-01-24 08:08:08.358 [warning] [Decorations] CAPPING events from decorations provider vscode.git 3203
2025-01-24 08:08:13.547 [warning] [Decorations] CAPPING events from decorations provider vscode.git 3203
2025-01-24 08:08:18.690 [warning] [Decorations] CAPPING events from decorations provider vscode.git 3203
2025-01-24 08:08:23.815 [warning] [Decorations] CAPPING events from decorations provider vscode.git 3203
2025-01-24 08:08:29.056 [warning] [Decorations] CAPPING events from decorations provider vscode.git 3203
2025-01-24 08:08:34.339 [warning] [Decorations] CAPPING events from decorations provider vscode.git 3203
2025-01-24 08:08:39.578 [warning] [Decorations] CAPPING events from decorations provider vscode.git 3203
2025-01-24 08:08:44.810 [warning] [Decorations] CAPPING events from decorations provider vscode.git 3203
2025-01-24 08:08:50.093 [warning] [Decorations] CAPPING events from decorations provider vscode.git 3203
2025-01-24 08:08:55.276 [warning] [Decorations] CAPPING events from decorations provider vscode.git 3203
2025-01-24 08:09:00.467 [warning] [Decorations] CAPPING events from decorations provider vscode.git 3203
2025-01-24 08:09:05.651 [warning] [Decorations] CAPPING events from decorations provider vscode.git 3203
2025-01-24 08:09:10.811 [warning] [Decorations] CAPPING events from decorations provider vscode.git 3203
2025-01-24 08:09:15.973 [warning] [Decorations] CAPPING events from decorations provider vscode.git 3203
2025-01-24 08:09:21.143 [warning] [Decorations] CAPPING events from decorations provider vscode.git 3203
2025-01-24 08:09:26.290 [warning] [Decorations] CAPPING events from decorations provider vscode.git 3203
2025-01-24 08:12:18.102 [warning] [Decorations] CAPPING events from decorations provider vscode.git 3203
2025-01-24 08:12:23.276 [warning] [Decorations] CAPPING events from decorations provider vscode.git 3203
2025-01-24 08:12:27.013 [info] ExtensionService#_doActivateExtension vscode.html-language-features, startup: false, activationEvent: 'onLanguage:html'
2025-01-24 08:12:29.015 [warning] [Decorations] CAPPING events from decorations provider vscode.git 3204
2025-01-24 08:12:34.250 [warning] [Decorations] CAPPING events from decorations provider vscode.git 3204
2025-01-24 08:12:39.477 [warning] [Decorations] CAPPING events from decorations provider vscode.git 3204
2025-01-24 08:12:44.640 [warning] [Decorations] CAPPING events from decorations provider vscode.git 3204
2025-01-24 08:12:48.665 [info] ExtensionService#_doActivateExtension vscode.npm, startup: false, activationEvent: 'onTerminalQuickFixRequest:ms-vscode.npm-command'
2025-01-24 08:12:49.854 [warning] [Decorations] CAPPING events from decorations provider vscode.git 3204
2025-01-24 08:12:54.996 [warning] [Decorations] CAPPING events from decorations provider vscode.git 3204
2025-01-24 08:13:00.132 [warning] [Decorations] CAPPING events from decorations provider vscode.git 3204
2025-01-24 08:13:28.272 [warning] [Decorations] CAPPING events from decorations provider vscode.git 3204
2025-01-24 08:14:54.896 [warning] [Decorations] CAPPING events from decorations provider vscode.git 3204
2025-01-24 08:15:00.052 [warning] [Decorations] CAPPING events from decorations provider vscode.git 3204
2025-01-24 08:15:05.277 [warning] [Decorations] CAPPING events from decorations provider vscode.git 3204
2025-01-24 08:15:10.532 [warning] [Decorations] CAPPING events from decorations provider vscode.git 3204
2025-01-24 08:15:15.673 [warning] [Decorations] CAPPING events from decorations provider vscode.git 3204
2025-01-24 08:15:17.729 [info] ExtensionService#_doActivateExtension vscode.debug-server-ready, startup: false, activationEvent: 'onDebugResolve'
2025-01-24 08:15:17.730 [info] ExtensionService#_doActivateExtension ms-vscode.js-debug, startup: false, activationEvent: 'onDebugResolve:pwa-chrome'
2025-01-24 08:15:18.628 [info] ExtensionService#_doActivateExtension vscode.tunnel-forwarding, startup: false, activationEvent: 'onTunnel'
2025-01-24 08:15:28.629 [warning] [Decorations] CAPPING events from decorations provider vscode.git 3204
2025-01-24 08:15:33.826 [warning] [Decorations] CAPPING events from decorations provider vscode.git 3204
2025-01-24 08:15:38.983 [warning] [Decorations] CAPPING events from decorations provider vscode.git 3204
2025-01-24 08:15:44.172 [warning] [Decorations] CAPPING events from decorations provider vscode.git 3204
2025-01-24 08:15:49.355 [warning] [Decorations] CAPPING events from decorations provider vscode.git 3204
2025-01-24 08:17:17.618 [warning] [Decorations] CAPPING events from decorations provider vscode.git 3204
2025-01-24 08:17:22.832 [warning] [Decorations] CAPPING events from decorations provider vscode.git 3204
2025-01-24 08:17:28.049 [warning] [Decorations] CAPPING events from decorations provider vscode.git 3204
2025-01-24 08:17:33.217 [warning] [Decorations] CAPPING events from decorations provider vscode.git 3204
2025-01-24 08:17:46.317 [warning] [Decorations] CAPPING events from decorations provider vscode.git 3204
2025-01-24 08:17:51.512 [warning] [Decorations] CAPPING events from decorations provider vscode.git 3204
2025-01-24 08:17:56.667 [warning] [Decorations] CAPPING events from decorations provider vscode.git 3204
2025-01-24 08:18:01.831 [warning] [Decorations] CAPPING events from decorations provider vscode.git 3204
2025-01-24 08:18:07.075 [warning] [Decorations] CAPPING events from decorations provider vscode.git 3204
2025-01-24 08:18:12.288 [warning] [Decorations] CAPPING events from decorations provider vscode.git 3204
2025-01-24 08:18:17.442 [warning] [Decorations] CAPPING events from decorations provider vscode.git 3204
2025-01-24 08:18:22.693 [warning] [Decorations] CAPPING events from decorations provider vscode.git 3204
2025-01-24 08:18:27.859 [warning] [Decorations] CAPPING events from decorations provider vscode.git 3204
2025-01-24 08:18:33.067 [warning] [Decorations] CAPPING events from decorations provider vscode.git 3204
2025-01-24 08:18:38.255 [warning] [Decorations] CAPPING events from decorations provider vscode.git 3204
2025-01-24 08:18:43.462 [warning] [Decorations] CAPPING events from decorations provider vscode.git 3204
2025-01-24 08:18:48.605 [warning] [Decorations] CAPPING events from decorations provider vscode.git 3204
2025-01-24 08:18:53.785 [warning] [Decorations] CAPPING events from decorations provider vscode.git 3204
2025-01-24 08:19:00.505 [warning] [Decorations] CAPPING events from decorations provider vscode.git 3204
2025-01-24 08:19:05.646 [warning] [Decorations] CAPPING events from decorations provider vscode.git 3204
2025-01-24 08:19:10.782 [warning] [Decorations] CAPPING events from decorations provider vscode.git 3204
2025-01-24 08:19:15.917 [warning] [Decorations] CAPPING events from decorations provider vscode.git 3204
2025-01-24 08:19:21.059 [warning] [Decorations] CAPPING events from decorations provider vscode.git 3204
2025-01-24 08:19:26.201 [warning] [Decorations] CAPPING events from decorations provider vscode.git 3204
2025-01-24 08:19:31.443 [warning] [Decorations] CAPPING events from decorations provider vscode.git 3204
2025-01-24 08:19:36.617 [warning] [Decorations] CAPPING events from decorations provider vscode.git 3204
2025-01-24 08:19:41.879 [warning] [Decorations] CAPPING events from decorations provider vscode.git 3204
2025-01-24 08:19:47.931 [warning] [Decorations] CAPPING events from decorations provider vscode.git 3204
2025-01-24 08:19:53.137 [warning] [Decorations] CAPPING events from decorations provider vscode.git 3204
2025-01-24 08:19:58.336 [warning] [Decorations] CAPPING events from decorations provider vscode.git 3204
2025-01-24 08:20:03.545 [warning] [Decorations] CAPPING events from decorations provider vscode.git 3204
2025-01-24 08:20:08.701 [warning] [Decorations] CAPPING events from decorations provider vscode.git 3204
2025-01-24 08:20:13.883 [warning] [Decorations] CAPPING events from decorations provider vscode.git 3204
2025-01-24 08:25:16.035 [warning] [Decorations] CAPPING events from decorations provider vscode.git 3204
2025-01-24 08:25:21.213 [warning] [Decorations] CAPPING events from decorations provider vscode.git 3204
2025-01-24 08:25:26.426 [warning] [Decorations] CAPPING events from decorations provider vscode.git 3204
2025-01-24 08:25:31.633 [warning] [Decorations] CAPPING events from decorations provider vscode.git 3204
2025-01-24 08:25:36.865 [warning] [Decorations] CAPPING events from decorations provider vscode.git 3204
2025-01-24 08:25:42.061 [warning] [Decorations] CAPPING events from decorations provider vscode.git 3204
2025-01-24 08:25:47.244 [warning] [Decorations] CAPPING events from decorations provider vscode.git 3204
2025-01-24 08:25:52.364 [warning] [Decorations] CAPPING events from decorations provider vscode.git 3204
2025-01-25 05:44:55.224 [warning] [Decorations] CAPPING events from decorations provider vscode.git 3204
2025-01-25 05:45:00.439 [info] Extension host terminating: received terminate message from renderer
2025-01-25 05:45:00.446 [info] Lock '/home/gabe/.vscode-server/data/User/workspaceStorage/a723edadd372096c6d1ed4145dd6f8e0/vscode.lock': Marking the lockfile as scheduled to be released in 6000 ms.
2025-01-25 05:45:00.825 [error] Canceled: Canceled
	at new tT (file:///home/gabe/.vscode-server/cli/servers/Stable-f1a4fb101478ce6ec82fe9627c43efbf9e98c813/server/out/vs/workbench/api/node/extensionHostProcess.js:31:151066)
	at py.U (file:///home/gabe/.vscode-server/cli/servers/Stable-f1a4fb101478ce6ec82fe9627c43efbf9e98c813/server/out/vs/workbench/api/node/extensionHostProcess.js:31:155676)
	at s.<computed>.n.charCodeAt.s.<computed> (file:///home/gabe/.vscode-server/cli/servers/Stable-f1a4fb101478ce6ec82fe9627c43efbf9e98c813/server/out/vs/workbench/api/node/extensionHostProcess.js:31:153170)
	at Y0.g (file:///home/gabe/.vscode-server/cli/servers/Stable-f1a4fb101478ce6ec82fe9627c43efbf9e98c813/server/out/vs/workbench/api/node/extensionHostProcess.js:114:32313)
	at Y0.executeCommand (file:///home/gabe/.vscode-server/cli/servers/Stable-f1a4fb101478ce6ec82fe9627c43efbf9e98c813/server/out/vs/workbench/api/node/extensionHostProcess.js:114:31817)
	at r.registerCommand.description (file:///home/gabe/.vscode-server/cli/servers/Stable-f1a4fb101478ce6ec82fe9627c43efbf9e98c813/server/out/vs/workbench/api/node/extensionHostProcess.js:114:31147)
	at Y0.h (file:///home/gabe/.vscode-server/cli/servers/Stable-f1a4fb101478ce6ec82fe9627c43efbf9e98c813/server/out/vs/workbench/api/node/extensionHostProcess.js:114:32833)
	at Y0.g (file:///home/gabe/.vscode-server/cli/servers/Stable-f1a4fb101478ce6ec82fe9627c43efbf9e98c813/server/out/vs/workbench/api/node/extensionHostProcess.js:114:31910)
	at Y0.executeCommand (file:///home/gabe/.vscode-server/cli/servers/Stable-f1a4fb101478ce6ec82fe9627c43efbf9e98c813/server/out/vs/workbench/api/node/extensionHostProcess.js:114:31817)
	at Object.executeCommand (file:///home/gabe/.vscode-server/cli/servers/Stable-f1a4fb101478ce6ec82fe9627c43efbf9e98c813/server/out/vs/workbench/api/node/extensionHostProcess.js:156:37246)
	at mh.O [as value] (/home/gabe/.vscode-server/cli/servers/Stable-f1a4fb101478ce6ec82fe9627c43efbf9e98c813/server/extensions/git/dist/main.js:2:961845)
	at P.B (file:///home/gabe/.vscode-server/cli/servers/Stable-f1a4fb101478ce6ec82fe9627c43efbf9e98c813/server/out/vs/workbench/api/node/extensionHostProcess.js:29:746)
	at P.C (file:///home/gabe/.vscode-server/cli/servers/Stable-f1a4fb101478ce6ec82fe9627c43efbf9e98c813/server/out/vs/workbench/api/node/extensionHostProcess.js:29:816)
	at P.fire (file:///home/gabe/.vscode-server/cli/servers/Stable-f1a4fb101478ce6ec82fe9627c43efbf9e98c813/server/out/vs/workbench/api/node/extensionHostProcess.js:29:1033)
	at Object.p [as dispose] (/home/gabe/.vscode-server/cli/servers/Stable-f1a4fb101478ce6ec82fe9627c43efbf9e98c813/server/extensions/git/dist/main.js:2:983333)
	at /home/gabe/.vscode-server/cli/servers/Stable-f1a4fb101478ce6ec82fe9627c43efbf9e98c813/server/extensions/git/dist/main.js:2:989455
	at Array.forEach (<anonymous>)
	at b.dispose (/home/gabe/.vscode-server/cli/servers/Stable-f1a4fb101478ce6ec82fe9627c43efbf9e98c813/server/extensions/git/dist/main.js:2:989441)
	at V1.<anonymous> (file:///home/gabe/.vscode-server/cli/servers/Stable-f1a4fb101478ce6ec82fe9627c43efbf9e98c813/server/out/vs/workbench/api/node/extensionHostProcess.js:108:19994)
	at V1.dispose (file:///home/gabe/.vscode-server/cli/servers/Stable-f1a4fb101478ce6ec82fe9627c43efbf9e98c813/server/out/vs/workbench/api/node/extensionHostProcess.js:108:20090)
	at V1.<anonymous> (/home/gabe/.vscode-server/cli/servers/Stable-f1a4fb101478ce6ec82fe9627c43efbf9e98c813/server/extensions/git/dist/main.js:2:964255)
	at V1.dispose (file:///home/gabe/.vscode-server/cli/servers/Stable-f1a4fb101478ce6ec82fe9627c43efbf9e98c813/server/out/vs/workbench/api/node/extensionHostProcess.js:108:20090)
	at ci (file:///home/gabe/.vscode-server/cli/servers/Stable-f1a4fb101478ce6ec82fe9627c43efbf9e98c813/server/out/vs/workbench/api/node/extensionHostProcess.js:24:699)
	at file:///home/gabe/.vscode-server/cli/servers/Stable-f1a4fb101478ce6ec82fe9627c43efbf9e98c813/server/out/vs/workbench/api/node/extensionHostProcess.js:118:14992
	at file:///home/gabe/.vscode-server/cli/servers/Stable-f1a4fb101478ce6ec82fe9627c43efbf9e98c813/server/out/vs/workbench/api/node/extensionHostProcess.js:24:1009
	at Object.dispose (file:///home/gabe/.vscode-server/cli/servers/Stable-f1a4fb101478ce6ec82fe9627c43efbf9e98c813/server/out/vs/workbench/api/node/extensionHostProcess.js:7:2146)
	at _z.eb (file:///home/gabe/.vscode-server/cli/servers/Stable-f1a4fb101478ce6ec82fe9627c43efbf9e98c813/server/out/vs/workbench/api/node/extensionHostProcess.js:118:11919)
	at file:///home/gabe/.vscode-server/cli/servers/Stable-f1a4fb101478ce6ec82fe9627c43efbf9e98c813/server/out/vs/workbench/api/node/extensionHostProcess.js:118:9874
	at Array.map (<anonymous>)
	at _z.$ (file:///home/gabe/.vscode-server/cli/servers/Stable-f1a4fb101478ce6ec82fe9627c43efbf9e98c813/server/out/vs/workbench/api/node/extensionHostProcess.js:118:9862)
	at _z.terminate (file:///home/gabe/.vscode-server/cli/servers/Stable-f1a4fb101478ce6ec82fe9627c43efbf9e98c813/server/out/vs/workbench/api/node/extensionHostProcess.js:118:10105)
	at xC.terminate (file:///home/gabe/.vscode-server/cli/servers/Stable-f1a4fb101478ce6ec82fe9627c43efbf9e98c813/server/out/vs/workbench/api/node/extensionHostProcess.js:119:1424)
	at Zi (file:///home/gabe/.vscode-server/cli/servers/Stable-f1a4fb101478ce6ec82fe9627c43efbf9e98c813/server/out/vs/workbench/api/node/extensionHostProcess.js:174:15084)
	at mh.value (file:///home/gabe/.vscode-server/cli/servers/Stable-f1a4fb101478ce6ec82fe9627c43efbf9e98c813/server/out/vs/workbench/api/node/extensionHostProcess.js:174:13245)
	at P.B (file:///home/gabe/.vscode-server/cli/servers/Stable-f1a4fb101478ce6ec82fe9627c43efbf9e98c813/server/out/vs/workbench/api/node/extensionHostProcess.js:29:746)
	at P.fire (file:///home/gabe/.vscode-server/cli/servers/Stable-f1a4fb101478ce6ec82fe9627c43efbf9e98c813/server/out/vs/workbench/api/node/extensionHostProcess.js:29:964)
	at Vn.fire (file:///home/gabe/.vscode-server/cli/servers/Stable-f1a4fb101478ce6ec82fe9627c43efbf9e98c813/server/out/vs/workbench/api/node/extensionHostProcess.js:31:9457)
	at Fm.A (file:///home/gabe/.vscode-server/cli/servers/Stable-f1a4fb101478ce6ec82fe9627c43efbf9e98c813/server/out/vs/workbench/api/node/extensionHostProcess.js:31:12573)
	at mh.value (file:///home/gabe/.vscode-server/cli/servers/Stable-f1a4fb101478ce6ec82fe9627c43efbf9e98c813/server/out/vs/workbench/api/node/extensionHostProcess.js:31:10993)
	at P.B (file:///home/gabe/.vscode-server/cli/servers/Stable-f1a4fb101478ce6ec82fe9627c43efbf9e98c813/server/out/vs/workbench/api/node/extensionHostProcess.js:29:746)
	at P.fire (file:///home/gabe/.vscode-server/cli/servers/Stable-f1a4fb101478ce6ec82fe9627c43efbf9e98c813/server/out/vs/workbench/api/node/extensionHostProcess.js:29:964)
	at j5.acceptChunk (file:///home/gabe/.vscode-server/cli/servers/Stable-f1a4fb101478ce6ec82fe9627c43efbf9e98c813/server/out/vs/workbench/api/node/extensionHostProcess.js:31:7940)
	at file:///home/gabe/.vscode-server/cli/servers/Stable-f1a4fb101478ce6ec82fe9627c43efbf9e98c813/server/out/vs/workbench/api/node/extensionHostProcess.js:31:7226
	at Socket.t (file:///home/gabe/.vscode-server/cli/servers/Stable-f1a4fb101478ce6ec82fe9627c43efbf9e98c813/server/out/vs/workbench/api/node/extensionHostProcess.js:31:15451)
	at Socket.emit (node:events:519:28)
	at addChunk (node:internal/streams/readable:559:12)
	at readableAddChunkPushByteMode (node:internal/streams/readable:510:3)
	at Readable.push (node:internal/streams/readable:390:5)
	at Pipe.onStreamRead (node:internal/stream_base_commons:191:23) setContext undefined
2025-01-25 05:45:00.831 [error] Canceled: Canceled
	at new tT (file:///home/gabe/.vscode-server/cli/servers/Stable-f1a4fb101478ce6ec82fe9627c43efbf9e98c813/server/out/vs/workbench/api/node/extensionHostProcess.js:31:151066)
	at py.U (file:///home/gabe/.vscode-server/cli/servers/Stable-f1a4fb101478ce6ec82fe9627c43efbf9e98c813/server/out/vs/workbench/api/node/extensionHostProcess.js:31:155676)
	at s.<computed>.n.charCodeAt.s.<computed> (file:///home/gabe/.vscode-server/cli/servers/Stable-f1a4fb101478ce6ec82fe9627c43efbf9e98c813/server/out/vs/workbench/api/node/extensionHostProcess.js:31:153170)
	at Y0.g (file:///home/gabe/.vscode-server/cli/servers/Stable-f1a4fb101478ce6ec82fe9627c43efbf9e98c813/server/out/vs/workbench/api/node/extensionHostProcess.js:114:32313)
	at Y0.executeCommand (file:///home/gabe/.vscode-server/cli/servers/Stable-f1a4fb101478ce6ec82fe9627c43efbf9e98c813/server/out/vs/workbench/api/node/extensionHostProcess.js:114:31817)
	at r.registerCommand.description (file:///home/gabe/.vscode-server/cli/servers/Stable-f1a4fb101478ce6ec82fe9627c43efbf9e98c813/server/out/vs/workbench/api/node/extensionHostProcess.js:114:31147)
	at Y0.h (file:///home/gabe/.vscode-server/cli/servers/Stable-f1a4fb101478ce6ec82fe9627c43efbf9e98c813/server/out/vs/workbench/api/node/extensionHostProcess.js:114:32833)
	at Y0.g (file:///home/gabe/.vscode-server/cli/servers/Stable-f1a4fb101478ce6ec82fe9627c43efbf9e98c813/server/out/vs/workbench/api/node/extensionHostProcess.js:114:31910)
	at Y0.executeCommand (file:///home/gabe/.vscode-server/cli/servers/Stable-f1a4fb101478ce6ec82fe9627c43efbf9e98c813/server/out/vs/workbench/api/node/extensionHostProcess.js:114:31817)
	at Object.executeCommand (file:///home/gabe/.vscode-server/cli/servers/Stable-f1a4fb101478ce6ec82fe9627c43efbf9e98c813/server/out/vs/workbench/api/node/extensionHostProcess.js:156:37246)
	at set hasGitHubRepositories [as hasGitHubRepositories] (/home/gabe/.vscode-server/cli/servers/Stable-f1a4fb101478ce6ec82fe9627c43efbf9e98c813/server/extensions/github/dist/extension.js:2:328633)
	at /home/gabe/.vscode-server/cli/servers/Stable-f1a4fb101478ce6ec82fe9627c43efbf9e98c813/server/extensions/github/dist/extension.js:2:329592
	at mh.value (/home/gabe/.vscode-server/cli/servers/Stable-f1a4fb101478ce6ec82fe9627c43efbf9e98c813/server/extensions/git/dist/main.js:2:1073936)
	at P.B (file:///home/gabe/.vscode-server/cli/servers/Stable-f1a4fb101478ce6ec82fe9627c43efbf9e98c813/server/out/vs/workbench/api/node/extensionHostProcess.js:29:746)
	at P.C (file:///home/gabe/.vscode-server/cli/servers/Stable-f1a4fb101478ce6ec82fe9627c43efbf9e98c813/server/out/vs/workbench/api/node/extensionHostProcess.js:29:816)
	at P.fire (file:///home/gabe/.vscode-server/cli/servers/Stable-f1a4fb101478ce6ec82fe9627c43efbf9e98c813/server/out/vs/workbench/api/node/extensionHostProcess.js:29:1033)
	at Object.p [as dispose] (/home/gabe/.vscode-server/cli/servers/Stable-f1a4fb101478ce6ec82fe9627c43efbf9e98c813/server/extensions/git/dist/main.js:2:983333)
	at /home/gabe/.vscode-server/cli/servers/Stable-f1a4fb101478ce6ec82fe9627c43efbf9e98c813/server/extensions/git/dist/main.js:2:989455
	at Array.forEach (<anonymous>)
	at b.dispose (/home/gabe/.vscode-server/cli/servers/Stable-f1a4fb101478ce6ec82fe9627c43efbf9e98c813/server/extensions/git/dist/main.js:2:989441)
	at V1.<anonymous> (file:///home/gabe/.vscode-server/cli/servers/Stable-f1a4fb101478ce6ec82fe9627c43efbf9e98c813/server/out/vs/workbench/api/node/extensionHostProcess.js:108:19994)
	at V1.dispose (file:///home/gabe/.vscode-server/cli/servers/Stable-f1a4fb101478ce6ec82fe9627c43efbf9e98c813/server/out/vs/workbench/api/node/extensionHostProcess.js:108:20090)
	at V1.<anonymous> (/home/gabe/.vscode-server/cli/servers/Stable-f1a4fb101478ce6ec82fe9627c43efbf9e98c813/server/extensions/git/dist/main.js:2:964255)
	at V1.dispose (file:///home/gabe/.vscode-server/cli/servers/Stable-f1a4fb101478ce6ec82fe9627c43efbf9e98c813/server/out/vs/workbench/api/node/extensionHostProcess.js:108:20090)
	at ci (file:///home/gabe/.vscode-server/cli/servers/Stable-f1a4fb101478ce6ec82fe9627c43efbf9e98c813/server/out/vs/workbench/api/node/extensionHostProcess.js:24:699)
	at file:///home/gabe/.vscode-server/cli/servers/Stable-f1a4fb101478ce6ec82fe9627c43efbf9e98c813/server/out/vs/workbench/api/node/extensionHostProcess.js:118:14992
	at file:///home/gabe/.vscode-server/cli/servers/Stable-f1a4fb101478ce6ec82fe9627c43efbf9e98c813/server/out/vs/workbench/api/node/extensionHostProcess.js:24:1009
	at Object.dispose (file:///home/gabe/.vscode-server/cli/servers/Stable-f1a4fb101478ce6ec82fe9627c43efbf9e98c813/server/out/vs/workbench/api/node/extensionHostProcess.js:7:2146)
	at _z.eb (file:///home/gabe/.vscode-server/cli/servers/Stable-f1a4fb101478ce6ec82fe9627c43efbf9e98c813/server/out/vs/workbench/api/node/extensionHostProcess.js:118:11919)
	at file:///home/gabe/.vscode-server/cli/servers/Stable-f1a4fb101478ce6ec82fe9627c43efbf9e98c813/server/out/vs/workbench/api/node/extensionHostProcess.js:118:9874
	at Array.map (<anonymous>)
	at _z.$ (file:///home/gabe/.vscode-server/cli/servers/Stable-f1a4fb101478ce6ec82fe9627c43efbf9e98c813/server/out/vs/workbench/api/node/extensionHostProcess.js:118:9862)
	at _z.terminate (file:///home/gabe/.vscode-server/cli/servers/Stable-f1a4fb101478ce6ec82fe9627c43efbf9e98c813/server/out/vs/workbench/api/node/extensionHostProcess.js:118:10105)
	at xC.terminate (file:///home/gabe/.vscode-server/cli/servers/Stable-f1a4fb101478ce6ec82fe9627c43efbf9e98c813/server/out/vs/workbench/api/node/extensionHostProcess.js:119:1424)
	at Zi (file:///home/gabe/.vscode-server/cli/servers/Stable-f1a4fb101478ce6ec82fe9627c43efbf9e98c813/server/out/vs/workbench/api/node/extensionHostProcess.js:174:15084)
	at mh.value (file:///home/gabe/.vscode-server/cli/servers/Stable-f1a4fb101478ce6ec82fe9627c43efbf9e98c813/server/out/vs/workbench/api/node/extensionHostProcess.js:174:13245)
	at P.B (file:///home/gabe/.vscode-server/cli/servers/Stable-f1a4fb101478ce6ec82fe9627c43efbf9e98c813/server/out/vs/workbench/api/node/extensionHostProcess.js:29:746)
	at P.fire (file:///home/gabe/.vscode-server/cli/servers/Stable-f1a4fb101478ce6ec82fe9627c43efbf9e98c813/server/out/vs/workbench/api/node/extensionHostProcess.js:29:964)
	at Vn.fire (file:///home/gabe/.vscode-server/cli/servers/Stable-f1a4fb101478ce6ec82fe9627c43efbf9e98c813/server/out/vs/workbench/api/node/extensionHostProcess.js:31:9457)
	at Fm.A (file:///home/gabe/.vscode-server/cli/servers/Stable-f1a4fb101478ce6ec82fe9627c43efbf9e98c813/server/out/vs/workbench/api/node/extensionHostProcess.js:31:12573)
	at mh.value (file:///home/gabe/.vscode-server/cli/servers/Stable-f1a4fb101478ce6ec82fe9627c43efbf9e98c813/server/out/vs/workbench/api/node/extensionHostProcess.js:31:10993)
	at P.B (file:///home/gabe/.vscode-server/cli/servers/Stable-f1a4fb101478ce6ec82fe9627c43efbf9e98c813/server/out/vs/workbench/api/node/extensionHostProcess.js:29:746)
	at P.fire (file:///home/gabe/.vscode-server/cli/servers/Stable-f1a4fb101478ce6ec82fe9627c43efbf9e98c813/server/out/vs/workbench/api/node/extensionHostProcess.js:29:964)
	at j5.acceptChunk (file:///home/gabe/.vscode-server/cli/servers/Stable-f1a4fb101478ce6ec82fe9627c43efbf9e98c813/server/out/vs/workbench/api/node/extensionHostProcess.js:31:7940)
	at file:///home/gabe/.vscode-server/cli/servers/Stable-f1a4fb101478ce6ec82fe9627c43efbf9e98c813/server/out/vs/workbench/api/node/extensionHostProcess.js:31:7226
	at Socket.t (file:///home/gabe/.vscode-server/cli/servers/Stable-f1a4fb101478ce6ec82fe9627c43efbf9e98c813/server/out/vs/workbench/api/node/extensionHostProcess.js:31:15451)
	at Socket.emit (node:events:519:28)
	at addChunk (node:internal/streams/readable:559:12)
	at readableAddChunkPushByteMode (node:internal/streams/readable:510:3)
	at Readable.push (node:internal/streams/readable:390:5)
	at Pipe.onStreamRead (node:internal/stream_base_commons:191:23) setContext undefined
2025-01-25 05:45:00.858 [info] Extension host with pid 2395066 exiting with code 0
