2025-01-24 08:06:11.631 [info] [main] Log level: Info
2025-01-24 08:06:11.631 [info] [main] Validating found git in: "git"
2025-01-24 08:06:11.631 [info] [main] Using git "2.43.0" from "git"
2025-01-24 08:06:11.631 [info] [Model][doInitialScan] Initial repository scan started
2025-01-24 08:06:11.631 [info] > git rev-parse --show-toplevel [6ms]
2025-01-24 08:06:11.631 [info] > git rev-parse --show-toplevel [3ms]
2025-01-24 08:06:11.631 [info] > git rev-parse --show-toplevel [2ms]
2025-01-24 08:06:11.631 [info] [Model][doInitialScan] Initial repository scan completed - repositories (0), closed repositories (0), parent repositories (1), unsafe repositories (0)
2025-01-24 08:06:24.279 [info] > git rev-parse --show-toplevel [14ms]
2025-01-24 08:06:24.292 [info] > git rev-parse --git-dir --git-common-dir [4ms]
2025-01-24 08:06:24.321 [info] [Model][openRepository] Opened repository: /home/gabe
2025-01-24 08:06:24.368 [info] > git config --get commit.template [9ms]
2025-01-24 08:06:24.371 [info] > git for-each-ref --format=%(refname)%00%(upstream:short)%00%(objectname)%00%(upstream:track)%00%(upstream:remotename)%00%(upstream:remoteref) refs/heads/main refs/remotes/main [7ms]
2025-01-24 08:06:24.439 [info] > git for-each-ref --sort -committerdate --format %(refname) %(objectname) %(*objectname) [56ms]
2025-01-24 08:06:24.987 [info] > git check-ignore -v -z --stdin [18ms]
2025-01-24 08:06:25.106 [info] > git status -z -uall [730ms]
2025-01-24 08:06:26.511 [info] > git for-each-ref --format=%(refname)%00%(upstream:short)%00%(objectname)%00%(upstream:track)%00%(upstream:remotename)%00%(upstream:remoteref) refs/heads/main refs/remotes/main [1140ms]
2025-01-24 08:06:26.531 [info] > git config --local branch.main.vscode-merge-base [9ms]
2025-01-24 08:06:26.531 [warning] [Git][config] git config failed: Failed to execute git
2025-01-24 08:06:26.538 [info] > git config --get commit.template [39ms]
2025-01-24 08:06:26.552 [info] > git for-each-ref --format=%(refname)%00%(upstream:short)%00%(objectname)%00%(upstream:track)%00%(upstream:remotename)%00%(upstream:remoteref) refs/heads/main refs/remotes/main [6ms]
2025-01-24 08:06:26.597 [info] > git for-each-ref --sort -committerdate --format %(refname) %(objectname) %(*objectname) [23ms]
2025-01-24 08:06:26.609 [info] > git reflog main --grep-reflog=branch: Created from *. [74ms]
2025-01-24 08:06:26.623 [info] > git symbolic-ref --short refs/remotes/origin/HEAD [5ms]
2025-01-24 08:06:26.623 [info] fatal: ref refs/remotes/origin/HEAD is not a symbolic ref
2025-01-24 08:06:26.623 [warning] [Repository][getDefaultBranch] Failed to get default branch details: Failed to execute git.
2025-01-24 08:06:26.742 [info] > git status -z -uall [181ms]
2025-01-24 08:06:28.665 [info] > git config --get commit.template [7ms]
2025-01-24 08:06:28.667 [info] > git for-each-ref --format=%(refname)%00%(upstream:short)%00%(objectname)%00%(upstream:track)%00%(upstream:remotename)%00%(upstream:remoteref) refs/heads/main refs/remotes/main [2ms]
2025-01-24 08:06:28.685 [info] > git for-each-ref --sort -committerdate --format %(refname) %(objectname) %(*objectname) [7ms]
2025-01-24 08:06:28.793 [info] > git status -z -uall [122ms]
2025-01-24 08:06:29.396 [info] > git check-ignore -v -z --stdin [5ms]
2025-01-24 08:06:31.666 [info] > git check-ignore -v -z --stdin [12ms]
2025-01-24 08:06:34.670 [info] > git config --get commit.template [8ms]
2025-01-24 08:06:34.670 [info] > git for-each-ref --format=%(refname)%00%(upstream:short)%00%(objectname)%00%(upstream:track)%00%(upstream:remotename)%00%(upstream:remoteref) refs/heads/main refs/remotes/main [5ms]
2025-01-24 08:06:34.697 [info] > git for-each-ref --sort -committerdate --format %(refname) %(objectname) %(*objectname) [6ms]
2025-01-24 08:06:34.805 [info] > git status -z -uall [130ms]
2025-01-24 08:06:39.905 [info] > git config --get commit.template [7ms]
2025-01-24 08:06:39.908 [info] > git for-each-ref --format=%(refname)%00%(upstream:short)%00%(objectname)%00%(upstream:track)%00%(upstream:remotename)%00%(upstream:remoteref) refs/heads/main refs/remotes/main [5ms]
2025-01-24 08:06:39.934 [info] > git for-each-ref --sort -committerdate --format %(refname) %(objectname) %(*objectname) [9ms]
2025-01-24 08:06:40.019 [info] > git status -z -uall [106ms]
2025-01-24 08:06:45.091 [info] > git config --get commit.template [9ms]
2025-01-24 08:06:45.092 [info] > git for-each-ref --format=%(refname)%00%(upstream:short)%00%(objectname)%00%(upstream:track)%00%(upstream:remotename)%00%(upstream:remoteref) refs/heads/main refs/remotes/main [6ms]
2025-01-24 08:06:45.118 [info] > git for-each-ref --sort -committerdate --format %(refname) %(objectname) %(*objectname) [13ms]
2025-01-24 08:06:45.222 [info] > git status -z -uall [126ms]
2025-01-24 08:06:50.306 [info] > git config --get commit.template [10ms]
2025-01-24 08:06:50.309 [info] > git for-each-ref --format=%(refname)%00%(upstream:short)%00%(objectname)%00%(upstream:track)%00%(upstream:remotename)%00%(upstream:remoteref) refs/heads/main refs/remotes/main [6ms]
2025-01-24 08:06:50.331 [info] > git for-each-ref --sort -committerdate --format %(refname) %(objectname) %(*objectname) [9ms]
2025-01-24 08:06:50.414 [info] > git status -z -uall [102ms]
2025-01-24 08:06:55.481 [info] > git config --get commit.template [8ms]
2025-01-24 08:06:55.483 [info] > git for-each-ref --format=%(refname)%00%(upstream:short)%00%(objectname)%00%(upstream:track)%00%(upstream:remotename)%00%(upstream:remoteref) refs/heads/main refs/remotes/main [4ms]
2025-01-24 08:06:55.504 [info] > git for-each-ref --sort -committerdate --format %(refname) %(objectname) %(*objectname) [7ms]
2025-01-24 08:06:55.588 [info] > git status -z -uall [102ms]
2025-01-24 08:07:00.671 [info] > git config --get commit.template [19ms]
2025-01-24 08:07:00.673 [info] > git for-each-ref --format=%(refname)%00%(upstream:short)%00%(objectname)%00%(upstream:track)%00%(upstream:remotename)%00%(upstream:remoteref) refs/heads/main refs/remotes/main [7ms]
2025-01-24 08:07:00.701 [info] > git for-each-ref --sort -committerdate --format %(refname) %(objectname) %(*objectname) [11ms]
2025-01-24 08:07:00.794 [info] > git status -z -uall [116ms]
2025-01-24 08:07:05.874 [info] > git config --get commit.template [9ms]
2025-01-24 08:07:05.876 [info] > git for-each-ref --format=%(refname)%00%(upstream:short)%00%(objectname)%00%(upstream:track)%00%(upstream:remotename)%00%(upstream:remoteref) refs/heads/main refs/remotes/main [5ms]
2025-01-24 08:07:05.898 [info] > git for-each-ref --sort -committerdate --format %(refname) %(objectname) %(*objectname) [12ms]
2025-01-24 08:07:06.011 [info] > git status -z -uall [132ms]
2025-01-24 08:07:11.118 [info] > git config --get commit.template [12ms]
2025-01-24 08:07:11.119 [info] > git for-each-ref --format=%(refname)%00%(upstream:short)%00%(objectname)%00%(upstream:track)%00%(upstream:remotename)%00%(upstream:remoteref) refs/heads/main refs/remotes/main [4ms]
2025-01-24 08:07:11.137 [info] > git for-each-ref --sort -committerdate --format %(refname) %(objectname) %(*objectname) [7ms]
2025-01-24 08:07:11.209 [info] > git status -z -uall [87ms]
2025-01-24 08:07:16.276 [info] > git config --get commit.template [7ms]
2025-01-24 08:07:16.278 [info] > git for-each-ref --format=%(refname)%00%(upstream:short)%00%(objectname)%00%(upstream:track)%00%(upstream:remotename)%00%(upstream:remoteref) refs/heads/main refs/remotes/main [3ms]
2025-01-24 08:07:16.299 [info] > git for-each-ref --sort -committerdate --format %(refname) %(objectname) %(*objectname) [11ms]
2025-01-24 08:07:16.381 [info] > git status -z -uall [100ms]
2025-01-24 08:07:21.452 [info] > git config --get commit.template [7ms]
2025-01-24 08:07:21.453 [info] > git for-each-ref --format=%(refname)%00%(upstream:short)%00%(objectname)%00%(upstream:track)%00%(upstream:remotename)%00%(upstream:remoteref) refs/heads/main refs/remotes/main [3ms]
2025-01-24 08:07:21.475 [info] > git for-each-ref --sort -committerdate --format %(refname) %(objectname) %(*objectname) [7ms]
2025-01-24 08:07:21.572 [info] > git status -z -uall [115ms]
2025-01-24 08:07:26.639 [info] > git config --get commit.template [8ms]
2025-01-24 08:07:26.646 [info] > git for-each-ref --format=%(refname)%00%(upstream:short)%00%(objectname)%00%(upstream:track)%00%(upstream:remotename)%00%(upstream:remoteref) refs/heads/main refs/remotes/main [2ms]
2025-01-24 08:07:26.670 [info] > git for-each-ref --sort -committerdate --format %(refname) %(objectname) %(*objectname) [7ms]
2025-01-24 08:07:26.788 [info] > git status -z -uall [137ms]
2025-01-24 08:07:31.877 [info] > git config --get commit.template [11ms]
2025-01-24 08:07:31.878 [info] > git for-each-ref --format=%(refname)%00%(upstream:short)%00%(objectname)%00%(upstream:track)%00%(upstream:remotename)%00%(upstream:remoteref) refs/heads/main refs/remotes/main [5ms]
2025-01-24 08:07:31.900 [info] > git for-each-ref --sort -committerdate --format %(refname) %(objectname) %(*objectname) [13ms]
2025-01-24 08:07:32.017 [info] > git status -z -uall [135ms]
2025-01-24 08:07:37.114 [info] > git config --get commit.template [14ms]
2025-01-24 08:07:37.115 [info] > git for-each-ref --format=%(refname)%00%(upstream:short)%00%(objectname)%00%(upstream:track)%00%(upstream:remotename)%00%(upstream:remoteref) refs/heads/main refs/remotes/main [6ms]
2025-01-24 08:07:37.162 [info] > git for-each-ref --sort -committerdate --format %(refname) %(objectname) %(*objectname) [10ms]
2025-01-24 08:07:37.241 [info] > git status -z -uall [105ms]
2025-01-24 08:07:42.295 [info] > git config --get commit.template [7ms]
2025-01-24 08:07:42.297 [info] > git for-each-ref --format=%(refname)%00%(upstream:short)%00%(objectname)%00%(upstream:track)%00%(upstream:remotename)%00%(upstream:remoteref) refs/heads/main refs/remotes/main [3ms]
2025-01-24 08:07:42.315 [info] > git for-each-ref --sort -committerdate --format %(refname) %(objectname) %(*objectname) [3ms]
2025-01-24 08:07:42.407 [info] > git status -z -uall [107ms]
2025-01-24 08:07:47.492 [info] > git config --get commit.template [9ms]
2025-01-24 08:07:47.494 [info] > git for-each-ref --format=%(refname)%00%(upstream:short)%00%(objectname)%00%(upstream:track)%00%(upstream:remotename)%00%(upstream:remoteref) refs/heads/main refs/remotes/main [4ms]
2025-01-24 08:07:47.514 [info] > git for-each-ref --sort -committerdate --format %(refname) %(objectname) %(*objectname) [9ms]
2025-01-24 08:07:47.597 [info] > git status -z -uall [100ms]
2025-01-24 08:07:52.658 [info] > git config --get commit.template [8ms]
2025-01-24 08:07:52.661 [info] > git for-each-ref --format=%(refname)%00%(upstream:short)%00%(objectname)%00%(upstream:track)%00%(upstream:remotename)%00%(upstream:remoteref) refs/heads/main refs/remotes/main [4ms]
2025-01-24 08:07:52.684 [info] > git for-each-ref --sort -committerdate --format %(refname) %(objectname) %(*objectname) [12ms]
2025-01-24 08:07:52.763 [info] > git status -z -uall [99ms]
2025-01-24 08:07:57.817 [info] > git config --get commit.template [6ms]
2025-01-24 08:07:57.819 [info] > git for-each-ref --format=%(refname)%00%(upstream:short)%00%(objectname)%00%(upstream:track)%00%(upstream:remotename)%00%(upstream:remoteref) refs/heads/main refs/remotes/main [4ms]
2025-01-24 08:07:57.844 [info] > git for-each-ref --sort -committerdate --format %(refname) %(objectname) %(*objectname) [11ms]
2025-01-24 08:07:57.932 [info] > git status -z -uall [109ms]
2025-01-24 08:08:03.019 [info] > git config --get commit.template [8ms]
2025-01-24 08:08:03.021 [info] > git for-each-ref --format=%(refname)%00%(upstream:short)%00%(objectname)%00%(upstream:track)%00%(upstream:remotename)%00%(upstream:remoteref) refs/heads/main refs/remotes/main [4ms]
2025-01-24 08:08:03.039 [info] > git for-each-ref --sort -committerdate --format %(refname) %(objectname) %(*objectname) [9ms]
2025-01-24 08:08:03.112 [info] > git status -z -uall [88ms]
2025-01-24 08:08:08.175 [info] > git config --get commit.template [7ms]
2025-01-24 08:08:08.177 [info] > git for-each-ref --format=%(refname)%00%(upstream:short)%00%(objectname)%00%(upstream:track)%00%(upstream:remotename)%00%(upstream:remoteref) refs/heads/main refs/remotes/main [4ms]
2025-01-24 08:08:08.199 [info] > git for-each-ref --sort -committerdate --format %(refname) %(objectname) %(*objectname) [12ms]
2025-01-24 08:08:08.312 [info] > git status -z -uall [130ms]
2025-01-24 08:08:13.384 [info] > git config --get commit.template [11ms]
2025-01-24 08:08:13.388 [info] > git for-each-ref --format=%(refname)%00%(upstream:short)%00%(objectname)%00%(upstream:track)%00%(upstream:remotename)%00%(upstream:remoteref) refs/heads/main refs/remotes/main [5ms]
2025-01-24 08:08:13.417 [info] > git for-each-ref --sort -committerdate --format %(refname) %(objectname) %(*objectname) [8ms]
2025-01-24 08:08:13.503 [info] > git status -z -uall [109ms]
2025-01-24 08:08:18.564 [info] > git config --get commit.template [6ms]
2025-01-24 08:08:18.566 [info] > git for-each-ref --format=%(refname)%00%(upstream:short)%00%(objectname)%00%(upstream:track)%00%(upstream:remotename)%00%(upstream:remoteref) refs/heads/main refs/remotes/main [3ms]
2025-01-24 08:08:18.581 [info] > git for-each-ref --sort -committerdate --format %(refname) %(objectname) %(*objectname) [2ms]
2025-01-24 08:08:18.660 [info] > git status -z -uall [91ms]
2025-01-24 08:08:23.714 [info] > git config --get commit.template [6ms]
2025-01-24 08:08:23.714 [info] > git for-each-ref --format=%(refname)%00%(upstream:short)%00%(objectname)%00%(upstream:track)%00%(upstream:remotename)%00%(upstream:remoteref) refs/heads/main refs/remotes/main [3ms]
2025-01-24 08:08:23.729 [info] > git for-each-ref --sort -committerdate --format %(refname) %(objectname) %(*objectname) [0ms]
2025-01-24 08:08:23.786 [info] > git status -z -uall [69ms]
2025-01-24 08:08:28.851 [info] > git config --get commit.template [13ms]
2025-01-24 08:08:28.861 [info] > git for-each-ref --format=%(refname)%00%(upstream:short)%00%(objectname)%00%(upstream:track)%00%(upstream:remotename)%00%(upstream:remoteref) refs/heads/main refs/remotes/main [4ms]
2025-01-24 08:08:28.890 [info] > git for-each-ref --sort -committerdate --format %(refname) %(objectname) %(*objectname) [7ms]
2025-01-24 08:08:28.998 [info] > git status -z -uall [130ms]
2025-01-24 08:08:34.076 [info] > git config --get commit.template [5ms]
2025-01-24 08:08:34.078 [info] > git for-each-ref --format=%(refname)%00%(upstream:short)%00%(objectname)%00%(upstream:track)%00%(upstream:remotename)%00%(upstream:remoteref) refs/heads/main refs/remotes/main [3ms]
2025-01-24 08:08:34.100 [info] > git for-each-ref --sort -committerdate --format %(refname) %(objectname) %(*objectname) [4ms]
2025-01-24 08:08:34.270 [info] > git status -z -uall [189ms]
2025-01-24 08:08:39.376 [info] > git config --get commit.template [9ms]
2025-01-24 08:08:39.377 [info] > git for-each-ref --format=%(refname)%00%(upstream:short)%00%(objectname)%00%(upstream:track)%00%(upstream:remotename)%00%(upstream:remoteref) refs/heads/main refs/remotes/main [4ms]
2025-01-24 08:08:39.399 [info] > git for-each-ref --sort -committerdate --format %(refname) %(objectname) %(*objectname) [10ms]
2025-01-24 08:08:39.528 [info] > git status -z -uall [146ms]
2025-01-24 08:08:44.601 [info] > git config --get commit.template [7ms]
2025-01-24 08:08:44.603 [info] > git for-each-ref --format=%(refname)%00%(upstream:short)%00%(objectname)%00%(upstream:track)%00%(upstream:remotename)%00%(upstream:remoteref) refs/heads/main refs/remotes/main [4ms]
2025-01-24 08:08:44.627 [info] > git for-each-ref --sort -committerdate --format %(refname) %(objectname) %(*objectname) [4ms]
2025-01-24 08:08:44.747 [info] > git status -z -uall [138ms]
2025-01-24 08:08:49.865 [info] > git config --get commit.template [15ms]
2025-01-24 08:08:49.870 [info] > git for-each-ref --format=%(refname)%00%(upstream:short)%00%(objectname)%00%(upstream:track)%00%(upstream:remotename)%00%(upstream:remoteref) refs/heads/main refs/remotes/main [10ms]
2025-01-24 08:08:49.903 [info] > git for-each-ref --sort -committerdate --format %(refname) %(objectname) %(*objectname) [12ms]
2025-01-24 08:08:50.023 [info] > git status -z -uall [148ms]
2025-01-24 08:08:55.127 [info] > git config --get commit.template [9ms]
2025-01-24 08:08:55.130 [info] > git for-each-ref --format=%(refname)%00%(upstream:short)%00%(objectname)%00%(upstream:track)%00%(upstream:remotename)%00%(upstream:remoteref) refs/heads/main refs/remotes/main [5ms]
2025-01-24 08:08:55.154 [info] > git for-each-ref --sort -committerdate --format %(refname) %(objectname) %(*objectname) [10ms]
2025-01-24 08:08:55.239 [info] > git status -z -uall [106ms]
2025-01-24 08:09:00.299 [info] > git config --get commit.template [6ms]
2025-01-24 08:09:00.307 [info] > git for-each-ref --format=%(refname)%00%(upstream:short)%00%(objectname)%00%(upstream:track)%00%(upstream:remotename)%00%(upstream:remoteref) refs/heads/main refs/remotes/main [3ms]
2025-01-24 08:09:00.332 [info] > git for-each-ref --sort -committerdate --format %(refname) %(objectname) %(*objectname) [13ms]
2025-01-24 08:09:00.421 [info] > git status -z -uall [111ms]
2025-01-24 08:09:05.493 [info] > git config --get commit.template [5ms]
2025-01-24 08:09:05.507 [info] > git for-each-ref --format=%(refname)%00%(upstream:short)%00%(objectname)%00%(upstream:track)%00%(upstream:remotename)%00%(upstream:remoteref) refs/heads/main refs/remotes/main [7ms]
2025-01-24 08:09:05.534 [info] > git for-each-ref --sort -committerdate --format %(refname) %(objectname) %(*objectname) [5ms]
2025-01-24 08:09:05.613 [info] > git status -z -uall [101ms]
2025-01-24 08:09:10.680 [info] > git config --get commit.template [8ms]
2025-01-24 08:09:10.683 [info] > git for-each-ref --format=%(refname)%00%(upstream:short)%00%(objectname)%00%(upstream:track)%00%(upstream:remotename)%00%(upstream:remoteref) refs/heads/main refs/remotes/main [4ms]
2025-01-24 08:09:10.701 [info] > git for-each-ref --sort -committerdate --format %(refname) %(objectname) %(*objectname) [6ms]
2025-01-24 08:09:10.771 [info] > git status -z -uall [85ms]
2025-01-24 08:09:15.829 [info] > git config --get commit.template [7ms]
2025-01-24 08:09:15.831 [info] > git for-each-ref --format=%(refname)%00%(upstream:short)%00%(objectname)%00%(upstream:track)%00%(upstream:remotename)%00%(upstream:remoteref) refs/heads/main refs/remotes/main [3ms]
2025-01-24 08:09:15.855 [info] > git for-each-ref --sort -committerdate --format %(refname) %(objectname) %(*objectname) [11ms]
2025-01-24 08:09:15.933 [info] > git status -z -uall [97ms]
2025-01-24 08:09:20.995 [info] > git config --get commit.template [8ms]
2025-01-24 08:09:20.999 [info] > git for-each-ref --format=%(refname)%00%(upstream:short)%00%(objectname)%00%(upstream:track)%00%(upstream:remotename)%00%(upstream:remoteref) refs/heads/main refs/remotes/main [4ms]
2025-01-24 08:09:21.025 [info] > git for-each-ref --sort -committerdate --format %(refname) %(objectname) %(*objectname) [5ms]
2025-01-24 08:09:21.112 [info] > git status -z -uall [110ms]
2025-01-24 08:09:26.167 [info] > git config --get commit.template [7ms]
2025-01-24 08:09:26.167 [info] > git for-each-ref --format=%(refname)%00%(upstream:short)%00%(objectname)%00%(upstream:track)%00%(upstream:remotename)%00%(upstream:remoteref) refs/heads/main refs/remotes/main [2ms]
2025-01-24 08:09:26.184 [info] > git for-each-ref --sort -committerdate --format %(refname) %(objectname) %(*objectname) [6ms]
2025-01-24 08:09:26.258 [info] > git status -z -uall [88ms]
2025-01-24 08:12:17.830 [info] > git config --get commit.template [9ms]
2025-01-24 08:12:17.831 [info] > git for-each-ref --format=%(refname)%00%(upstream:short)%00%(objectname)%00%(upstream:track)%00%(upstream:remotename)%00%(upstream:remoteref) refs/heads/main refs/remotes/main [4ms]
2025-01-24 08:12:17.861 [info] > git for-each-ref --sort -committerdate --format %(refname) %(objectname) %(*objectname) [11ms]
2025-01-24 08:12:18.005 [info] > git status -z -uall [168ms]
2025-01-24 08:12:22.897 [info] > git check-ignore -v -z --stdin [5ms]
2025-01-24 08:12:23.127 [info] > git config --get commit.template [6ms]
2025-01-24 08:12:23.129 [info] > git for-each-ref --format=%(refname)%00%(upstream:short)%00%(objectname)%00%(upstream:track)%00%(upstream:remotename)%00%(upstream:remoteref) refs/heads/main refs/remotes/main [3ms]
2025-01-24 08:12:23.148 [info] > git for-each-ref --sort -committerdate --format %(refname) %(objectname) %(*objectname) [5ms]
2025-01-24 08:12:23.239 [info] > git status -z -uall [108ms]
2025-01-24 08:12:25.656 [info] > git check-ignore -v -z --stdin [4ms]
2025-01-24 08:12:27.338 [info] > git show --textconv :gabesite/app_folder/templates/projects.html [21ms]
2025-01-24 08:12:27.340 [info] > git ls-files --stage -- /home/gabe/gabesite/app_folder/templates/projects.html [10ms]
2025-01-24 08:12:27.363 [info] > git cat-file -s 24e65eca8ae2e101af8effc7802ed3769441238b [14ms]
2025-01-24 08:12:28.391 [info] > git config --get commit.template [41ms]
2025-01-24 08:12:28.402 [info] > git for-each-ref --format=%(refname)%00%(upstream:short)%00%(objectname)%00%(upstream:track)%00%(upstream:remotename)%00%(upstream:remoteref) refs/heads/main refs/remotes/main [15ms]
2025-01-24 08:12:28.460 [info] > git for-each-ref --sort -committerdate --format %(refname) %(objectname) %(*objectname) [29ms]
2025-01-24 08:12:28.789 [info] > git status -z -uall [372ms]
2025-01-24 08:12:34.051 [info] > git config --get commit.template [15ms]
2025-01-24 08:12:34.054 [info] > git for-each-ref --format=%(refname)%00%(upstream:short)%00%(objectname)%00%(upstream:track)%00%(upstream:remotename)%00%(upstream:remoteref) refs/heads/main refs/remotes/main [5ms]
2025-01-24 08:12:34.085 [info] > git for-each-ref --sort -committerdate --format %(refname) %(objectname) %(*objectname) [13ms]
2025-01-24 08:12:34.194 [info] > git status -z -uall [137ms]
2025-01-24 08:12:39.291 [info] > git config --get commit.template [9ms]
2025-01-24 08:12:39.293 [info] > git for-each-ref --format=%(refname)%00%(upstream:short)%00%(objectname)%00%(upstream:track)%00%(upstream:remotename)%00%(upstream:remoteref) refs/heads/main refs/remotes/main [4ms]
2025-01-24 08:12:39.321 [info] > git for-each-ref --sort -committerdate --format %(refname) %(objectname) %(*objectname) [13ms]
2025-01-24 08:12:39.428 [info] > git status -z -uall [133ms]
2025-01-24 08:12:44.501 [info] > git config --get commit.template [7ms]
2025-01-24 08:12:44.503 [info] > git for-each-ref --format=%(refname)%00%(upstream:short)%00%(objectname)%00%(upstream:track)%00%(upstream:remotename)%00%(upstream:remoteref) refs/heads/main refs/remotes/main [4ms]
2025-01-24 08:12:44.523 [info] > git for-each-ref --sort -committerdate --format %(refname) %(objectname) %(*objectname) [6ms]
2025-01-24 08:12:44.608 [info] > git status -z -uall [102ms]
2025-01-24 08:12:49.663 [info] > git config --get commit.template [8ms]
2025-01-24 08:12:49.665 [info] > git for-each-ref --format=%(refname)%00%(upstream:short)%00%(objectname)%00%(upstream:track)%00%(upstream:remotename)%00%(upstream:remoteref) refs/heads/main refs/remotes/main [4ms]
2025-01-24 08:12:49.690 [info] > git for-each-ref --sort -committerdate --format %(refname) %(objectname) %(*objectname) [10ms]
2025-01-24 08:12:49.790 [info] > git status -z -uall [122ms]
2025-01-24 08:12:54.869 [info] > git config --get commit.template [3ms]
2025-01-24 08:12:54.874 [info] > git for-each-ref --format=%(refname)%00%(upstream:short)%00%(objectname)%00%(upstream:track)%00%(upstream:remotename)%00%(upstream:remoteref) refs/heads/main refs/remotes/main [3ms]
2025-01-24 08:12:54.891 [info] > git for-each-ref --sort -committerdate --format %(refname) %(objectname) %(*objectname) [6ms]
2025-01-24 08:12:54.956 [info] > git status -z -uall [79ms]
2025-01-24 08:13:00.011 [info] > git config --get commit.template [6ms]
2025-01-24 08:13:00.014 [info] > git for-each-ref --format=%(refname)%00%(upstream:short)%00%(objectname)%00%(upstream:track)%00%(upstream:remotename)%00%(upstream:remoteref) refs/heads/main refs/remotes/main [2ms]
2025-01-24 08:13:00.032 [info] > git for-each-ref --sort -committerdate --format %(refname) %(objectname) %(*objectname) [7ms]
2025-01-24 08:13:00.099 [info] > git status -z -uall [81ms]
2025-01-24 08:13:28.030 [info] > git config --get commit.template [18ms]
2025-01-24 08:13:28.033 [info] > git for-each-ref --format=%(refname)%00%(upstream:short)%00%(objectname)%00%(upstream:track)%00%(upstream:remotename)%00%(upstream:remoteref) refs/heads/main refs/remotes/main [9ms]
2025-01-24 08:13:28.054 [info] > git for-each-ref --sort -committerdate --format %(refname) %(objectname) %(*objectname) [9ms]
2025-01-24 08:13:28.190 [info] > git status -z -uall [153ms]
2025-01-24 08:14:54.679 [info] > git config --get commit.template [10ms]
2025-01-24 08:14:54.681 [info] > git for-each-ref --format=%(refname)%00%(upstream:short)%00%(objectname)%00%(upstream:track)%00%(upstream:remotename)%00%(upstream:remoteref) refs/heads/main refs/remotes/main [5ms]
2025-01-24 08:14:54.708 [info] > git for-each-ref --sort -committerdate --format %(refname) %(objectname) %(*objectname) [10ms]
2025-01-24 08:14:54.830 [info] > git status -z -uall [144ms]
2025-01-24 08:14:59.604 [info] > git show --textconv :gabesite/app_folder/templates/resume.html [10ms]
2025-01-24 08:14:59.606 [info] > git ls-files --stage -- /home/gabe/gabesite/app_folder/templates/resume.html [4ms]
2025-01-24 08:14:59.611 [info] > git cat-file -s b01ca6050eaaa821b8bfe112d24d22bf43956df3 [2ms]
2025-01-24 08:14:59.915 [info] > git config --get commit.template [5ms]
2025-01-24 08:14:59.916 [info] > git for-each-ref --format=%(refname)%00%(upstream:short)%00%(objectname)%00%(upstream:track)%00%(upstream:remotename)%00%(upstream:remoteref) refs/heads/main refs/remotes/main [2ms]
2025-01-24 08:14:59.955 [info] > git show --textconv :gabesite/app_folder/templates/root.html [15ms]
2025-01-24 08:14:59.958 [info] > git for-each-ref --sort -committerdate --format %(refname) %(objectname) %(*objectname) [26ms]
2025-01-24 08:14:59.959 [info] > git ls-files --stage -- /home/gabe/gabesite/app_folder/templates/root.html [10ms]
2025-01-24 08:14:59.972 [info] > git cat-file -s ff8671143dd17f89befe3087ae06d37310d70b10 [5ms]
2025-01-24 08:15:00.023 [info] > git status -z -uall [104ms]
2025-01-24 08:15:04.233 [info] > git show --textconv :gabesite/app_folder/templates/projects.html [8ms]
2025-01-24 08:15:04.237 [info] > git ls-files --stage -- /home/gabe/gabesite/app_folder/templates/projects.html [6ms]
2025-01-24 08:15:04.245 [info] > git cat-file -s 24e65eca8ae2e101af8effc7802ed3769441238b [4ms]
2025-01-24 08:15:04.829 [info] > git show --textconv :gabesite/app_folder/templates/resume.html [6ms]
2025-01-24 08:15:04.831 [info] > git ls-files --stage -- /home/gabe/gabesite/app_folder/templates/resume.html [3ms]
2025-01-24 08:15:04.835 [info] > git cat-file -s b01ca6050eaaa821b8bfe112d24d22bf43956df3 [1ms]
2025-01-24 08:15:05.088 [info] > git config --get commit.template [5ms]
2025-01-24 08:15:05.090 [info] > git for-each-ref --format=%(refname)%00%(upstream:short)%00%(objectname)%00%(upstream:track)%00%(upstream:remotename)%00%(upstream:remoteref) refs/heads/main refs/remotes/main [3ms]
2025-01-24 08:15:05.125 [info] > git for-each-ref --sort -committerdate --format %(refname) %(objectname) %(*objectname) [5ms]
2025-01-24 08:15:05.202 [info] > git show --textconv :gabesite/app_folder/templates/root.html [14ms]
2025-01-24 08:15:05.205 [info] > git ls-files --stage -- /home/gabe/gabesite/app_folder/templates/root.html [6ms]
2025-01-24 08:15:05.215 [info] > git cat-file -s ff8671143dd17f89befe3087ae06d37310d70b10 [5ms]
2025-01-24 08:15:05.238 [info] > git status -z -uall [145ms]
2025-01-24 08:15:10.297 [info] > git config --get commit.template [7ms]
2025-01-24 08:15:10.298 [info] > git for-each-ref --format=%(refname)%00%(upstream:short)%00%(objectname)%00%(upstream:track)%00%(upstream:remotename)%00%(upstream:remoteref) refs/heads/main refs/remotes/main [3ms]
2025-01-24 08:15:10.317 [info] > git for-each-ref --sort -committerdate --format %(refname) %(objectname) %(*objectname) [8ms]
2025-01-24 08:15:10.391 [info] > git status -z -uall [90ms]
2025-01-24 08:15:15.562 [info] > git config --get commit.template [7ms]
2025-01-24 08:15:15.563 [info] > git for-each-ref --format=%(refname)%00%(upstream:short)%00%(objectname)%00%(upstream:track)%00%(upstream:remotename)%00%(upstream:remoteref) refs/heads/main refs/remotes/main [2ms]
2025-01-24 08:15:15.581 [info] > git for-each-ref --sort -committerdate --format %(refname) %(objectname) %(*objectname) [7ms]
2025-01-24 08:15:15.642 [info] > git status -z -uall [76ms]
2025-01-24 08:15:28.427 [info] > git config --get commit.template [15ms]
2025-01-24 08:15:28.430 [info] > git for-each-ref --format=%(refname)%00%(upstream:short)%00%(objectname)%00%(upstream:track)%00%(upstream:remotename)%00%(upstream:remoteref) refs/heads/main refs/remotes/main [4ms]
2025-01-24 08:15:28.457 [info] > git for-each-ref --sort -committerdate --format %(refname) %(objectname) %(*objectname) [11ms]
2025-01-24 08:15:28.565 [info] > git status -z -uall [132ms]
2025-01-24 08:15:33.660 [info] > git config --get commit.template [11ms]
2025-01-24 08:15:33.663 [info] > git for-each-ref --format=%(refname)%00%(upstream:short)%00%(objectname)%00%(upstream:track)%00%(upstream:remotename)%00%(upstream:remoteref) refs/heads/main refs/remotes/main [4ms]
2025-01-24 08:15:33.687 [info] > git for-each-ref --sort -committerdate --format %(refname) %(objectname) %(*objectname) [11ms]
2025-01-24 08:15:33.779 [info] > git status -z -uall [112ms]
2025-01-24 08:15:38.854 [info] > git config --get commit.template [6ms]
2025-01-24 08:15:38.856 [info] > git for-each-ref --format=%(refname)%00%(upstream:short)%00%(objectname)%00%(upstream:track)%00%(upstream:remotename)%00%(upstream:remoteref) refs/heads/main refs/remotes/main [5ms]
2025-01-24 08:15:38.878 [info] > git for-each-ref --sort -committerdate --format %(refname) %(objectname) %(*objectname) [6ms]
2025-01-24 08:15:38.943 [info] > git status -z -uall [82ms]
2025-01-24 08:15:44.005 [info] > git config --get commit.template [5ms]
2025-01-24 08:15:44.006 [info] > git for-each-ref --format=%(refname)%00%(upstream:short)%00%(objectname)%00%(upstream:track)%00%(upstream:remotename)%00%(upstream:remoteref) refs/heads/main refs/remotes/main [3ms]
2025-01-24 08:15:44.026 [info] > git for-each-ref --sort -committerdate --format %(refname) %(objectname) %(*objectname) [6ms]
2025-01-24 08:15:44.127 [info] > git status -z -uall [118ms]
2025-01-24 08:15:49.207 [info] > git config --get commit.template [13ms]
2025-01-24 08:15:49.207 [info] > git for-each-ref --format=%(refname)%00%(upstream:short)%00%(objectname)%00%(upstream:track)%00%(upstream:remotename)%00%(upstream:remoteref) refs/heads/main refs/remotes/main [6ms]
2025-01-24 08:15:49.237 [info] > git for-each-ref --sort -committerdate --format %(refname) %(objectname) %(*objectname) [10ms]
2025-01-24 08:15:49.309 [info] > git status -z -uall [96ms]
2025-01-24 08:17:17.387 [info] > git config --get commit.template [8ms]
2025-01-24 08:17:17.388 [info] > git for-each-ref --format=%(refname)%00%(upstream:short)%00%(objectname)%00%(upstream:track)%00%(upstream:remotename)%00%(upstream:remoteref) refs/heads/main refs/remotes/main [4ms]
2025-01-24 08:17:17.411 [info] > git for-each-ref --sort -committerdate --format %(refname) %(objectname) %(*objectname) [8ms]
2025-01-24 08:17:17.551 [info] > git status -z -uall [160ms]
2025-01-24 08:17:22.644 [info] > git config --get commit.template [9ms]
2025-01-24 08:17:22.645 [info] > git for-each-ref --format=%(refname)%00%(upstream:short)%00%(objectname)%00%(upstream:track)%00%(upstream:remotename)%00%(upstream:remoteref) refs/heads/main refs/remotes/main [4ms]
2025-01-24 08:17:22.685 [info] > git for-each-ref --sort -committerdate --format %(refname) %(objectname) %(*objectname) [5ms]
2025-01-24 08:17:22.785 [info] > git status -z -uall [130ms]
2025-01-24 08:17:27.864 [info] > git config --get commit.template [7ms]
2025-01-24 08:17:27.865 [info] > git for-each-ref --format=%(refname)%00%(upstream:short)%00%(objectname)%00%(upstream:track)%00%(upstream:remotename)%00%(upstream:remoteref) refs/heads/main refs/remotes/main [3ms]
2025-01-24 08:17:27.888 [info] > git for-each-ref --sort -committerdate --format %(refname) %(objectname) %(*objectname) [6ms]
2025-01-24 08:17:27.999 [info] > git status -z -uall [131ms]
2025-01-24 08:17:33.072 [info] > git config --get commit.template [7ms]
2025-01-24 08:17:33.076 [info] > git for-each-ref --format=%(refname)%00%(upstream:short)%00%(objectname)%00%(upstream:track)%00%(upstream:remotename)%00%(upstream:remoteref) refs/heads/main refs/remotes/main [7ms]
2025-01-24 08:17:33.098 [info] > git for-each-ref --sort -committerdate --format %(refname) %(objectname) %(*objectname) [9ms]
2025-01-24 08:17:33.177 [info] > git status -z -uall [98ms]
2025-01-24 08:17:46.190 [info] > git config --get commit.template [6ms]
2025-01-24 08:17:46.192 [info] > git for-each-ref --format=%(refname)%00%(upstream:short)%00%(objectname)%00%(upstream:track)%00%(upstream:remotename)%00%(upstream:remoteref) refs/heads/main refs/remotes/main [2ms]
2025-01-24 08:17:46.209 [info] > git for-each-ref --sort -committerdate --format %(refname) %(objectname) %(*objectname) [6ms]
2025-01-24 08:17:46.271 [info] > git status -z -uall [77ms]
2025-01-24 08:17:51.349 [info] > git config --get commit.template [8ms]
2025-01-24 08:17:51.351 [info] > git for-each-ref --format=%(refname)%00%(upstream:short)%00%(objectname)%00%(upstream:track)%00%(upstream:remotename)%00%(upstream:remoteref) refs/heads/main refs/remotes/main [4ms]
2025-01-24 08:17:51.372 [info] > git for-each-ref --sort -committerdate --format %(refname) %(objectname) %(*objectname) [9ms]
2025-01-24 08:17:51.469 [info] > git status -z -uall [115ms]
2025-01-24 08:17:56.541 [info] > git config --get commit.template [8ms]
2025-01-24 08:17:56.542 [info] > git for-each-ref --format=%(refname)%00%(upstream:short)%00%(objectname)%00%(upstream:track)%00%(upstream:remotename)%00%(upstream:remoteref) refs/heads/main refs/remotes/main [3ms]
2025-01-24 08:17:56.559 [info] > git for-each-ref --sort -committerdate --format %(refname) %(objectname) %(*objectname) [3ms]
2025-01-24 08:17:56.629 [info] > git status -z -uall [84ms]
2025-01-24 08:18:01.684 [info] > git config --get commit.template [4ms]
2025-01-24 08:18:01.694 [info] > git for-each-ref --format=%(refname)%00%(upstream:short)%00%(objectname)%00%(upstream:track)%00%(upstream:remotename)%00%(upstream:remoteref) refs/heads/main refs/remotes/main [5ms]
2025-01-24 08:18:01.717 [info] > git for-each-ref --sort -committerdate --format %(refname) %(objectname) %(*objectname) [5ms]
2025-01-24 08:18:01.795 [info] > git status -z -uall [96ms]
2025-01-24 08:18:06.861 [info] > git config --get commit.template [10ms]
2025-01-24 08:18:06.862 [info] > git for-each-ref --format=%(refname)%00%(upstream:short)%00%(objectname)%00%(upstream:track)%00%(upstream:remotename)%00%(upstream:remoteref) refs/heads/main refs/remotes/main [5ms]
2025-01-24 08:18:06.889 [info] > git for-each-ref --sort -committerdate --format %(refname) %(objectname) %(*objectname) [10ms]
2025-01-24 08:18:07.016 [info] > git status -z -uall [149ms]
2025-01-24 08:18:11.804 [info] > git show --textconv :gabesite/app_folder/app.py [10ms]
2025-01-24 08:18:11.806 [info] > git ls-files --stage -- /home/gabe/gabesite/app_folder/app.py [4ms]
2025-01-24 08:18:11.812 [info] > git cat-file -s e762428cb54a75630c891bb6153e1aeb3a15e247 [2ms]
2025-01-24 08:18:12.097 [info] > git config --get commit.template [5ms]
2025-01-24 08:18:12.098 [info] > git for-each-ref --format=%(refname)%00%(upstream:short)%00%(objectname)%00%(upstream:track)%00%(upstream:remotename)%00%(upstream:remoteref) refs/heads/main refs/remotes/main [2ms]
2025-01-24 08:18:12.118 [info] > git for-each-ref --sort -committerdate --format %(refname) %(objectname) %(*objectname) [8ms]
2025-01-24 08:18:12.224 [info] > git status -z -uall [121ms]
2025-01-24 08:18:14.276 [info] > git show --textconv :gabesite/app_folder/wsgi.py [17ms]
2025-01-24 08:18:14.277 [info] > git ls-files --stage -- /home/gabe/gabesite/app_folder/wsgi.py [10ms]
2025-01-24 08:18:14.284 [info] > git cat-file -s d889df93fc71c2e0aef130461a7c9d37ac5023bf [2ms]
2025-01-24 08:18:17.305 [info] > git config --get commit.template [5ms]
2025-01-24 08:18:17.306 [info] > git for-each-ref --format=%(refname)%00%(upstream:short)%00%(objectname)%00%(upstream:track)%00%(upstream:remotename)%00%(upstream:remoteref) refs/heads/main refs/remotes/main [2ms]
2025-01-24 08:18:17.322 [info] > git for-each-ref --sort -committerdate --format %(refname) %(objectname) %(*objectname) [5ms]
2025-01-24 08:18:17.400 [info] > git status -z -uall [91ms]
2025-01-24 08:18:18.885 [info] > git check-ignore -v -z --stdin [5ms]
2025-01-24 08:18:22.466 [info] > git config --get commit.template [7ms]
2025-01-24 08:18:22.469 [info] > git for-each-ref --format=%(refname)%00%(upstream:short)%00%(objectname)%00%(upstream:track)%00%(upstream:remotename)%00%(upstream:remoteref) refs/heads/main refs/remotes/main [6ms]
2025-01-24 08:18:22.509 [info] > git for-each-ref --sort -committerdate --format %(refname) %(objectname) %(*objectname) [11ms]
2025-01-24 08:18:22.623 [info] > git status -z -uall [146ms]
2025-01-24 08:18:27.731 [info] > git config --get commit.template [7ms]
2025-01-24 08:18:27.733 [info] > git for-each-ref --format=%(refname)%00%(upstream:short)%00%(objectname)%00%(upstream:track)%00%(upstream:remotename)%00%(upstream:remoteref) refs/heads/main refs/remotes/main [4ms]
2025-01-24 08:18:27.751 [info] > git for-each-ref --sort -committerdate --format %(refname) %(objectname) %(*objectname) [6ms]
2025-01-24 08:18:27.824 [info] > git status -z -uall [88ms]
2025-01-24 08:18:32.886 [info] > git config --get commit.template [7ms]
2025-01-24 08:18:32.887 [info] > git for-each-ref --format=%(refname)%00%(upstream:short)%00%(objectname)%00%(upstream:track)%00%(upstream:remotename)%00%(upstream:remoteref) refs/heads/main refs/remotes/main [4ms]
2025-01-24 08:18:32.911 [info] > git for-each-ref --sort -committerdate --format %(refname) %(objectname) %(*objectname) [5ms]
2025-01-24 08:18:33.005 [info] > git status -z -uall [113ms]
2025-01-24 08:18:38.098 [info] > git config --get commit.template [8ms]
2025-01-24 08:18:38.100 [info] > git for-each-ref --format=%(refname)%00%(upstream:short)%00%(objectname)%00%(upstream:track)%00%(upstream:remotename)%00%(upstream:remoteref) refs/heads/main refs/remotes/main [4ms]
2025-01-24 08:18:38.121 [info] > git for-each-ref --sort -committerdate --format %(refname) %(objectname) %(*objectname) [12ms]
2025-01-24 08:18:38.223 [info] > git status -z -uall [120ms]
2025-01-24 08:18:43.293 [info] > git config --get commit.template [15ms]
2025-01-24 08:18:43.294 [info] > git for-each-ref --format=%(refname)%00%(upstream:short)%00%(objectname)%00%(upstream:track)%00%(upstream:remotename)%00%(upstream:remoteref) refs/heads/main refs/remotes/main [4ms]
2025-01-24 08:18:43.314 [info] > git for-each-ref --sort -committerdate --format %(refname) %(objectname) %(*objectname) [8ms]
2025-01-24 08:18:43.404 [info] > git status -z -uall [107ms]
2025-01-24 08:18:48.483 [info] > git config --get commit.template [8ms]
2025-01-24 08:18:48.483 [info] > git for-each-ref --format=%(refname)%00%(upstream:short)%00%(objectname)%00%(upstream:track)%00%(upstream:remotename)%00%(upstream:remoteref) refs/heads/main refs/remotes/main [2ms]
2025-01-24 08:18:48.501 [info] > git for-each-ref --sort -committerdate --format %(refname) %(objectname) %(*objectname) [3ms]
2025-01-24 08:18:48.564 [info] > git status -z -uall [78ms]
2025-01-24 08:18:53.627 [info] > git config --get commit.template [8ms]
2025-01-24 08:18:53.628 [info] > git for-each-ref --format=%(refname)%00%(upstream:short)%00%(objectname)%00%(upstream:track)%00%(upstream:remotename)%00%(upstream:remoteref) refs/heads/main refs/remotes/main [2ms]
2025-01-24 08:18:53.650 [info] > git for-each-ref --sort -committerdate --format %(refname) %(objectname) %(*objectname) [8ms]
2025-01-24 08:18:53.732 [info] > git status -z -uall [98ms]
2025-01-24 08:19:00.344 [info] > git config --get commit.template [7ms]
2025-01-24 08:19:00.346 [info] > git for-each-ref --format=%(refname)%00%(upstream:short)%00%(objectname)%00%(upstream:track)%00%(upstream:remotename)%00%(upstream:remoteref) refs/heads/main refs/remotes/main [3ms]
2025-01-24 08:19:00.367 [info] > git for-each-ref --sort -committerdate --format %(refname) %(objectname) %(*objectname) [6ms]
2025-01-24 08:19:00.454 [info] > git status -z -uall [104ms]
2025-01-24 08:19:05.526 [info] > git config --get commit.template [7ms]
2025-01-24 08:19:05.527 [info] > git for-each-ref --format=%(refname)%00%(upstream:short)%00%(objectname)%00%(upstream:track)%00%(upstream:remotename)%00%(upstream:remoteref) refs/heads/main refs/remotes/main [3ms]
2025-01-24 08:19:05.547 [info] > git for-each-ref --sort -committerdate --format %(refname) %(objectname) %(*objectname) [7ms]
2025-01-24 08:19:05.609 [info] > git status -z -uall [79ms]
2025-01-24 08:19:10.665 [info] > git config --get commit.template [6ms]
2025-01-24 08:19:10.665 [info] > git for-each-ref --format=%(refname)%00%(upstream:short)%00%(objectname)%00%(upstream:track)%00%(upstream:remotename)%00%(upstream:remoteref) refs/heads/main refs/remotes/main [2ms]
2025-01-24 08:19:10.687 [info] > git for-each-ref --sort -committerdate --format %(refname) %(objectname) %(*objectname) [7ms]
2025-01-24 08:19:10.747 [info] > git status -z -uall [78ms]
2025-01-24 08:19:15.797 [info] > git config --get commit.template [5ms]
2025-01-24 08:19:15.799 [info] > git for-each-ref --format=%(refname)%00%(upstream:short)%00%(objectname)%00%(upstream:track)%00%(upstream:remotename)%00%(upstream:remoteref) refs/heads/main refs/remotes/main [3ms]
2025-01-24 08:19:15.814 [info] > git for-each-ref --sort -committerdate --format %(refname) %(objectname) %(*objectname) [4ms]
2025-01-24 08:19:15.880 [info] > git status -z -uall [78ms]
2025-01-24 08:19:20.938 [info] > git config --get commit.template [7ms]
2025-01-24 08:19:20.939 [info] > git for-each-ref --format=%(refname)%00%(upstream:short)%00%(objectname)%00%(upstream:track)%00%(upstream:remotename)%00%(upstream:remoteref) refs/heads/main refs/remotes/main [3ms]
2025-01-24 08:19:20.958 [info] > git for-each-ref --sort -committerdate --format %(refname) %(objectname) %(*objectname) [8ms]
2025-01-24 08:19:21.025 [info] > git status -z -uall [83ms]
2025-01-24 08:19:26.077 [info] > git config --get commit.template [4ms]
2025-01-24 08:19:26.082 [info] > git for-each-ref --format=%(refname)%00%(upstream:short)%00%(objectname)%00%(upstream:track)%00%(upstream:remotename)%00%(upstream:remoteref) refs/heads/main refs/remotes/main [2ms]
2025-01-24 08:19:26.100 [info] > git for-each-ref --sort -committerdate --format %(refname) %(objectname) %(*objectname) [6ms]
2025-01-24 08:19:26.166 [info] > git status -z -uall [80ms]
2025-01-24 08:19:31.238 [info] > git config --get commit.template [16ms]
2025-01-24 08:19:31.239 [info] > git for-each-ref --format=%(refname)%00%(upstream:short)%00%(objectname)%00%(upstream:track)%00%(upstream:remotename)%00%(upstream:remoteref) refs/heads/main refs/remotes/main [6ms]
2025-01-24 08:19:31.266 [info] > git for-each-ref --sort -committerdate --format %(refname) %(objectname) %(*objectname) [12ms]
2025-01-24 08:19:31.371 [info] > git status -z -uall [127ms]
2025-01-24 08:19:36.462 [info] > git config --get commit.template [6ms]
2025-01-24 08:19:36.465 [info] > git for-each-ref --format=%(refname)%00%(upstream:short)%00%(objectname)%00%(upstream:track)%00%(upstream:remotename)%00%(upstream:remoteref) refs/heads/main refs/remotes/main [4ms]
2025-01-24 08:19:36.496 [info] > git for-each-ref --sort -committerdate --format %(refname) %(objectname) %(*objectname) [14ms]
2025-01-24 08:19:36.582 [info] > git status -z -uall [111ms]
2025-01-24 08:19:41.649 [info] > git config --get commit.template [8ms]
2025-01-24 08:19:41.650 [info] > git for-each-ref --format=%(refname)%00%(upstream:short)%00%(objectname)%00%(upstream:track)%00%(upstream:remotename)%00%(upstream:remoteref) refs/heads/main refs/remotes/main [3ms]
2025-01-24 08:19:41.682 [info] > git for-each-ref --sort -committerdate --format %(refname) %(objectname) %(*objectname) [16ms]
2025-01-24 08:19:41.824 [info] > git status -z -uall [169ms]
2025-01-24 08:19:47.765 [info] > git config --get commit.template [6ms]
2025-01-24 08:19:47.768 [info] > git for-each-ref --format=%(refname)%00%(upstream:short)%00%(objectname)%00%(upstream:track)%00%(upstream:remotename)%00%(upstream:remoteref) refs/heads/main refs/remotes/main [4ms]
2025-01-24 08:19:47.800 [info] > git for-each-ref --sort -committerdate --format %(refname) %(objectname) %(*objectname) [15ms]
2025-01-24 08:19:47.880 [info] > git status -z -uall [108ms]
2025-01-24 08:19:52.955 [info] > git config --get commit.template [7ms]
2025-01-24 08:19:52.956 [info] > git for-each-ref --format=%(refname)%00%(upstream:short)%00%(objectname)%00%(upstream:track)%00%(upstream:remotename)%00%(upstream:remoteref) refs/heads/main refs/remotes/main [3ms]
2025-01-24 08:19:52.976 [info] > git for-each-ref --sort -committerdate --format %(refname) %(objectname) %(*objectname) [8ms]
2025-01-24 08:19:53.099 [info] > git status -z -uall [140ms]
2025-01-24 08:19:58.165 [info] > git config --get commit.template [8ms]
2025-01-24 08:19:58.168 [info] > git for-each-ref --format=%(refname)%00%(upstream:short)%00%(objectname)%00%(upstream:track)%00%(upstream:remotename)%00%(upstream:remoteref) refs/heads/main refs/remotes/main [4ms]
2025-01-24 08:19:58.199 [info] > git for-each-ref --sort -committerdate --format %(refname) %(objectname) %(*objectname) [13ms]
2025-01-24 08:19:58.299 [info] > git status -z -uall [128ms]
2025-01-24 08:20:03.362 [info] > git config --get commit.template [6ms]
2025-01-24 08:20:03.369 [info] > git for-each-ref --format=%(refname)%00%(upstream:short)%00%(objectname)%00%(upstream:track)%00%(upstream:remotename)%00%(upstream:remoteref) refs/heads/main refs/remotes/main [2ms]
2025-01-24 08:20:03.394 [info] > git for-each-ref --sort -committerdate --format %(refname) %(objectname) %(*objectname) [6ms]
2025-01-24 08:20:03.495 [info] > git status -z -uall [121ms]
2025-01-24 08:20:05.761 [info] > git show --textconv :gabesite/app_folder/templates/projects.html [11ms]
2025-01-24 08:20:05.763 [info] > git ls-files --stage -- /home/gabe/gabesite/app_folder/templates/projects.html [6ms]
2025-01-24 08:20:05.770 [info] > git cat-file -s 24e65eca8ae2e101af8effc7802ed3769441238b [1ms]
2025-01-24 08:20:07.081 [info] > git show --textconv :gabesite/app_folder/templates/resume.html [12ms]
2025-01-24 08:20:07.088 [info] > git ls-files --stage -- /home/gabe/gabesite/app_folder/templates/resume.html [9ms]
2025-01-24 08:20:07.094 [info] > git cat-file -s b01ca6050eaaa821b8bfe112d24d22bf43956df3 [2ms]
2025-01-24 08:20:08.563 [info] > git config --get commit.template [6ms]
2025-01-24 08:20:08.565 [info] > git for-each-ref --format=%(refname)%00%(upstream:short)%00%(objectname)%00%(upstream:track)%00%(upstream:remotename)%00%(upstream:remoteref) refs/heads/main refs/remotes/main [3ms]
2025-01-24 08:20:08.585 [info] > git for-each-ref --sort -committerdate --format %(refname) %(objectname) %(*objectname) [9ms]
2025-01-24 08:20:08.662 [info] > git status -z -uall [93ms]
2025-01-24 08:20:11.606 [info] > git show --textconv :gabesite/app_folder/templates/root.html [13ms]
2025-01-24 08:20:11.607 [info] > git ls-files --stage -- /home/gabe/gabesite/app_folder/templates/root.html [6ms]
2025-01-24 08:20:11.613 [info] > git cat-file -s ff8671143dd17f89befe3087ae06d37310d70b10 [2ms]
2025-01-24 08:20:13.717 [info] > git config --get commit.template [6ms]
2025-01-24 08:20:13.720 [info] > git for-each-ref --format=%(refname)%00%(upstream:short)%00%(objectname)%00%(upstream:track)%00%(upstream:remotename)%00%(upstream:remoteref) refs/heads/main refs/remotes/main [4ms]
2025-01-24 08:20:13.740 [info] > git for-each-ref --sort -committerdate --format %(refname) %(objectname) %(*objectname) [8ms]
2025-01-24 08:20:13.842 [info] > git status -z -uall [119ms]
2025-01-24 08:25:15.795 [info] > git config --get commit.template [9ms]
2025-01-24 08:25:15.810 [info] > git for-each-ref --format=%(refname)%00%(upstream:short)%00%(objectname)%00%(upstream:track)%00%(upstream:remotename)%00%(upstream:remoteref) refs/heads/main refs/remotes/main [3ms]
2025-01-24 08:25:15.842 [info] > git for-each-ref --sort -committerdate --format %(refname) %(objectname) %(*objectname) [7ms]
2025-01-24 08:25:15.957 [info] > git status -z -uall [142ms]
2025-01-24 08:25:21.063 [info] > git config --get commit.template [7ms]
2025-01-24 08:25:21.064 [info] > git for-each-ref --format=%(refname)%00%(upstream:short)%00%(objectname)%00%(upstream:track)%00%(upstream:remotename)%00%(upstream:remoteref) refs/heads/main refs/remotes/main [3ms]
2025-01-24 08:25:21.088 [info] > git for-each-ref --sort -committerdate --format %(refname) %(objectname) %(*objectname) [7ms]
2025-01-24 08:25:21.174 [info] > git status -z -uall [106ms]
2025-01-24 08:25:26.246 [info] > git config --get commit.template [9ms]
2025-01-24 08:25:26.247 [info] > git for-each-ref --format=%(refname)%00%(upstream:short)%00%(objectname)%00%(upstream:track)%00%(upstream:remotename)%00%(upstream:remoteref) refs/heads/main refs/remotes/main [5ms]
2025-01-24 08:25:26.266 [info] > git for-each-ref --sort -committerdate --format %(refname) %(objectname) %(*objectname) [8ms]
2025-01-24 08:25:26.379 [info] > git status -z -uall [129ms]
2025-01-24 08:25:27.851 [info] > git show --textconv :gabesite/app_folder/templates/resume.html [14ms]
2025-01-24 08:25:27.852 [info] > git ls-files --stage -- /home/gabe/gabesite/app_folder/templates/resume.html [5ms]
2025-01-24 08:25:27.859 [info] > git cat-file -s b01ca6050eaaa821b8bfe112d24d22bf43956df3 [2ms]
2025-01-24 08:25:31.453 [info] > git config --get commit.template [7ms]
2025-01-24 08:25:31.458 [info] > git for-each-ref --format=%(refname)%00%(upstream:short)%00%(objectname)%00%(upstream:track)%00%(upstream:remotename)%00%(upstream:remoteref) refs/heads/main refs/remotes/main [12ms]
2025-01-24 08:25:31.493 [info] > git for-each-ref --sort -committerdate --format %(refname) %(objectname) %(*objectname) [8ms]
2025-01-24 08:25:31.584 [info] > git status -z -uall [118ms]
2025-01-24 08:25:36.673 [info] > git config --get commit.template [9ms]
2025-01-24 08:25:36.674 [info] > git for-each-ref --format=%(refname)%00%(upstream:short)%00%(objectname)%00%(upstream:track)%00%(upstream:remotename)%00%(upstream:remoteref) refs/heads/main refs/remotes/main [5ms]
2025-01-24 08:25:36.709 [info] > git for-each-ref --sort -committerdate --format %(refname) %(objectname) %(*objectname) [11ms]
2025-01-24 08:25:36.815 [info] > git status -z -uall [138ms]
2025-01-24 08:25:40.339 [info] > git show --textconv :gabesite/app_folder/templates/root.html [10ms]
2025-01-24 08:25:40.341 [info] > git ls-files --stage -- /home/gabe/gabesite/app_folder/templates/root.html [4ms]
2025-01-24 08:25:40.346 [info] > git cat-file -s ff8671143dd17f89befe3087ae06d37310d70b10 [2ms]
2025-01-24 08:25:41.886 [info] > git config --get commit.template [3ms]
2025-01-24 08:25:41.892 [info] > git for-each-ref --format=%(refname)%00%(upstream:short)%00%(objectname)%00%(upstream:track)%00%(upstream:remotename)%00%(upstream:remoteref) refs/heads/main refs/remotes/main [2ms]
2025-01-24 08:25:41.915 [info] > git for-each-ref --sort -committerdate --format %(refname) %(objectname) %(*objectname) [7ms]
2025-01-24 08:25:42.015 [info] > git status -z -uall [118ms]
2025-01-24 08:25:47.093 [info] > git config --get commit.template [8ms]
2025-01-24 08:25:47.095 [info] > git for-each-ref --format=%(refname)%00%(upstream:short)%00%(objectname)%00%(upstream:track)%00%(upstream:remotename)%00%(upstream:remoteref) refs/heads/main refs/remotes/main [3ms]
2025-01-24 08:25:47.115 [info] > git for-each-ref --sort -committerdate --format %(refname) %(objectname) %(*objectname) [10ms]
2025-01-24 08:25:47.197 [info] > git status -z -uall [99ms]
2025-01-24 08:25:49.527 [info] > git show --textconv :gabesite/app_folder/templates/projects.html [8ms]
2025-01-24 08:25:49.528 [info] > git ls-files --stage -- /home/gabe/gabesite/app_folder/templates/projects.html [4ms]
2025-01-24 08:25:49.533 [info] > git cat-file -s 24e65eca8ae2e101af8effc7802ed3769441238b [1ms]
2025-01-24 08:25:52.254 [info] > git config --get commit.template [1ms]
2025-01-24 08:25:52.260 [info] > git for-each-ref --format=%(refname)%00%(upstream:short)%00%(objectname)%00%(upstream:track)%00%(upstream:remotename)%00%(upstream:remoteref) refs/heads/main refs/remotes/main [2ms]
2025-01-24 08:25:52.277 [info] > git for-each-ref --sort -committerdate --format %(refname) %(objectname) %(*objectname) [7ms]
2025-01-24 08:25:52.330 [info] > git status -z -uall [68ms]
2025-01-25 05:44:54.441 [info] > git config --get commit.template [31ms]
2025-01-25 05:44:54.445 [info] > git for-each-ref --format=%(refname)%00%(upstream:short)%00%(objectname)%00%(upstream:track)%00%(upstream:remotename)%00%(upstream:remoteref) refs/heads/main refs/remotes/main [28ms]
2025-01-25 05:44:54.485 [info] > git for-each-ref --sort -committerdate --format %(refname) %(objectname) %(*objectname) [22ms]
2025-01-25 05:44:55.108 [info] > git status -z -uall [656ms]
2025-01-25 05:45:00.309 [info] > git config --get commit.template [25ms]
2025-01-25 05:45:00.311 [info] > git for-each-ref --format=%(refname)%00%(upstream:short)%00%(objectname)%00%(upstream:track)%00%(upstream:remotename)%00%(upstream:remoteref) refs/heads/main refs/remotes/main [6ms]
2025-01-25 05:45:00.373 [info] > git for-each-ref --sort -committerdate --format %(refname) %(objectname) %(*objectname) [9ms]
