0 verbose cli /usr/bin/node /usr/bin/npm
1 info using npm@9.2.0
2 info using node@v18.19.1
3 timing npm:load:whichnode Completed in 0ms
4 timing config:load:defaults Completed in 11ms
5 timing config:load:file:/usr/share/nodejs/npm/npmrc Completed in 19ms
6 timing config:load:builtin Completed in 19ms
7 timing config:load:cli Completed in 9ms
8 timing config:load:env Completed in 1ms
9 timing config:load:file:/home/gabe/.cache/typescript/4.7/.npmrc Completed in 0ms
10 timing config:load:project Completed in 45ms
11 timing config:load:file:/home/gabe/.npmrc Completed in 1ms
12 timing config:load:user Completed in 1ms
13 timing config:load:file:/etc/npmrc Completed in 4ms
14 timing config:load:global Completed in 4ms
15 timing config:load:setEnvs Completed in 2ms
16 timing config:load Completed in 94ms
17 timing npm:load:configload Completed in 94ms
18 timing npm:load:mkdirpcache Completed in 10ms
19 timing npm:load:mkdirplogs Completed in 24ms
20 verbose title npm install types-registry@latest
21 verbose argv "install" "--ignore-scripts" "types-registry@latest"
22 timing npm:load:setTitle Completed in 24ms
23 timing config:load:flatten Completed in 32ms
24 timing npm:load:display Completed in 41ms
25 verbose logfile logs-max:10 dir:/home/gabe/.npm/_logs/2025-01-28T02_10_06_722Z-
26 verbose logfile /home/gabe/.npm/_logs/2025-01-28T02_10_06_722Z-debug-0.log
27 timing npm:load:logFile Completed in 75ms
28 timing npm:load:timers Completed in 0ms
29 timing npm:load:configScope Completed in 0ms
30 timing npm:load Completed in 281ms
31 timing config:load:flatten Completed in 1ms
32 timing arborist:ctor Completed in 3ms
33 silly logfile start cleaning logs, removing 1 files
34 silly logfile done cleaning log files
35 timing idealTree:init Completed in 94ms
36 timing arborist:ctor Completed in 0ms
37 http fetch GET 200 https://registry.npmjs.org/types-registry 625ms (cache miss)
38 timing idealTree:userRequests Completed in 674ms
39 silly idealTree buildDeps
40 silly fetch manifest types-registry@0.1.705
41 silly placeDep ROOT types-registry@0.1.705 REPLACE for:  want: 0.1.705
42 timing idealTree:#root Completed in 18ms
43 timing idealTree:node_modules/types-registry Completed in 0ms
44 timing idealTree:buildDeps Completed in 23ms
45 timing idealTree:fixDepFlags Completed in 1ms
46 timing idealTree Completed in 795ms
47 timing reify:loadTrees Completed in 804ms
48 timing reify:diffTrees Completed in 4ms
49 silly reify moves {}
50 timing reify:retireShallow Completed in 5ms
51 timing reify:createSparse Completed in 0ms
52 timing reify:loadBundles Completed in 0ms
53 silly audit bulk request {
53 silly audit   '@types/prop-types': [ '15.7.14' ],
53 silly audit   '@types/react': [ '18.3.3' ],
53 silly audit   '@types/react-dom': [ '18.3.0' ],
53 silly audit   '@types/scheduler': [ '0.23.0' ],
53 silly audit   csstype: [ '3.1.3' ],
53 silly audit   'types-registry': [ '0.1.705' ]
53 silly audit }
54 timing reify:unpack Completed in 3ms
55 timing reify:unretire Completed in 0ms
56 timing build:queue Completed in 0ms
57 timing build:deps Completed in 3ms
58 timing build Completed in 3ms
59 timing reify:build Completed in 3ms
60 timing reify:trash Completed in 0ms
61 timing reify:save Completed in 40ms
62 http fetch POST 200 https://registry.npmjs.org/-/npm/v1/security/advisories/bulk 132ms
63 timing auditReport:getReport Completed in 136ms
64 silly audit report {}
65 timing auditReport:init Completed in 0ms
66 timing reify:audit Completed in 138ms
67 timing reify Completed in 990ms
68 timing command:install Completed in 1014ms
69 verbose exit 0
70 timing npm Completed in 1414ms
71 info ok
