0 verbose cli /home/gabe/.nvm/versions/node/v22.13.1/bin/node /home/gabe/.nvm/versions/node/v22.13.1/bin/npm
1 info using npm@11.0.0
2 info using node@v22.13.1
3 silly config load:file:/home/gabe/.nvm/versions/node/v22.13.1/lib/node_modules/npm/npmrc
4 silly config load:file:/home/gabe/gabesite/app_folder/.npmrc
5 silly config load:file:/home/gabe/.npmrc
6 silly config load:file:/home/gabe/.nvm/versions/node/v22.13.1/etc/npmrc
7 verbose title npm create vite@latest frontend --template react
8 verbose argv "create" "vite@latest" "frontend" "--" "--template" "react"
9 verbose logfile logs-max:10 dir:/home/gabe/.npm/_logs/2025-01-28T01_51_04_942Z-
10 verbose logfile /home/gabe/.npm/_logs/2025-01-28T01_51_04_942Z-debug-0.log
11 silly logfile start cleaning logs, removing 1 files
12 silly logfile done cleaning log files
13 silly packumentCache heap:516947968 maxSize:129236992 maxEntrySize:64618496
14 http fetch GET 200 https://registry.npmjs.org/create-vite 138ms (cache miss)
15 silly packumentCache heap:516947968 maxSize:129236992 maxEntrySize:64618496
16 silly idealTree buildDeps
17 silly fetch manifest create-vite@6.1.1
18 silly packumentCache full:https://registry.npmjs.org/create-vite cache-miss
19 http fetch GET 200 https://registry.npmjs.org/create-vite 57ms (cache miss)
20 silly packumentCache full:https://registry.npmjs.org/create-vite set size:undefined disposed:false
21 silly placeDep ROOT create-vite@6.1.1 OK for:  want: 6.1.1
22 silly reify moves {}
23 silly audit bulk request { 'create-vite': [ '6.1.1' ] }
24 http cache create-vite@https://registry.npmjs.org/create-vite/-/create-vite-6.1.1.tgz 0ms (cache hit)
25 silly tarball no local data for create-vite@https://registry.npmjs.org/create-vite/-/create-vite-6.1.1.tgz. Extracting by manifest.
26 http fetch POST 200 https://registry.npmjs.org/-/npm/v1/security/advisories/bulk 103ms
27 silly audit report {}
28 http fetch GET 200 https://registry.npmjs.org/create-vite/-/create-vite-6.1.1.tgz 218ms (cache miss)
29 verbose cwd /home/gabe/gabesite/app_folder
30 verbose os Linux 6.8.0-41-generic
31 verbose node v22.13.1
32 verbose npm  v11.0.0
33 verbose exit 0
34 info ok
