0 verbose cli /usr/bin/node /usr/share/nodejs/npm/bin/npm-cli.js
1 info using npm@9.2.0
2 info using node@v18.19.1
3 timing npm:load:whichnode Completed in 0ms
4 timing config:load:defaults Completed in 3ms
5 timing config:load:file:/usr/share/nodejs/npm/npmrc Completed in 6ms
6 timing config:load:builtin Completed in 6ms
7 timing config:load:cli Completed in 4ms
8 timing config:load:env Completed in 1ms
9 timing config:load:file:/home/gabe/gabesite/app_folder/.npmrc Completed in 0ms
10 timing config:load:project Completed in 2ms
11 timing config:load:file:/home/gabe/.npmrc Completed in 1ms
12 timing config:load:user Completed in 1ms
13 timing config:load:file:/etc/npmrc Completed in 0ms
14 timing config:load:global Completed in 0ms
15 timing config:load:setEnvs Completed in 2ms
16 timing config:load Completed in 20ms
17 timing npm:load:configload Completed in 20ms
18 timing npm:load:mkdirpcache Completed in 3ms
19 timing npm:load:mkdirplogs Completed in 1ms
20 verbose title npm exec create-react-app frontend
21 verbose argv "exec" "--" "create-react-app" "frontend"
22 timing npm:load:setTitle Completed in 3ms
23 timing config:load:flatten Completed in 9ms
24 timing npm:load:display Completed in 10ms
25 verbose logfile logs-max:10 dir:/home/gabe/.npm/_logs/2025-01-28T01_22_24_066Z-
26 verbose logfile /home/gabe/.npm/_logs/2025-01-28T01_22_24_066Z-debug-0.log
27 timing npm:load:logFile Completed in 12ms
28 timing npm:load:timers Completed in 0ms
29 timing npm:load:configScope Completed in 0ms
30 timing npm:load Completed in 49ms
31 silly logfile start cleaning logs, removing 1 files
32 silly logfile done cleaning log files
33 timing arborist:ctor Completed in 2ms
34 http fetch GET 200 https://registry.npmjs.org/create-react-app 191ms (cache updated)
35 timing arborist:ctor Completed in 0ms
36 timing arborist:ctor Completed in 1ms
37 timing arborist:ctor Completed in 0ms
38 timing command:exec Completed in 86861ms
39 verbose exit 0
40 timing npm Completed in 86996ms
41 info ok
