0 verbose cli /usr/bin/node /usr/share/nodejs/npm/bin/npm-cli.js
1 info using npm@9.2.0
2 info using node@v18.19.1
3 timing npm:load:whichnode Completed in 0ms
4 timing config:load:defaults Completed in 3ms
5 timing config:load:file:/usr/share/nodejs/npm/npmrc Completed in 6ms
6 timing config:load:builtin Completed in 8ms
7 timing config:load:cli Completed in 4ms
8 timing config:load:env Completed in 1ms
9 timing config:load:file:/home/gabe/gabesite/app_folder/.npmrc Completed in 0ms
10 timing config:load:project Completed in 3ms
11 timing config:load:file:/home/gabe/.npmrc Completed in 0ms
12 timing config:load:user Completed in 0ms
13 timing config:load:file:/etc/npmrc Completed in 1ms
14 timing config:load:global Completed in 1ms
15 timing config:load:setEnvs Completed in 2ms
16 timing config:load Completed in 23ms
17 timing npm:load:configload Completed in 23ms
18 timing npm:load:mkdirpcache Completed in 1ms
19 timing npm:load:mkdirplogs Completed in 1ms
20 verbose title npm exec create-react-app frontend
21 verbose argv "exec" "--" "create-react-app" "frontend"
22 timing npm:load:setTitle Completed in 3ms
23 timing config:load:flatten Completed in 8ms
24 timing npm:load:display Completed in 10ms
25 verbose logfile logs-max:10 dir:/home/gabe/.npm/_logs/2025-01-27T19_57_18_980Z-
26 verbose logfile /home/gabe/.npm/_logs/2025-01-27T19_57_18_980Z-debug-0.log
27 timing npm:load:logFile Completed in 12ms
28 timing npm:load:timers Completed in 0ms
29 timing npm:load:configScope Completed in 0ms
30 timing npm:load Completed in 50ms
31 silly logfile done cleaning log files
32 timing arborist:ctor Completed in 3ms
33 http fetch GET 200 https://registry.npmjs.org/create-react-app 244ms (cache miss)
34 timing arborist:ctor Completed in 0ms
35 timing arborist:ctor Completed in 1ms
36 timing arborist:ctor Completed in 0ms
37 timing idealTree:init Completed in 22ms
38 timing idealTree:userRequests Completed in 10ms
39 silly idealTree buildDeps
40 silly fetch manifest create-react-app@5.0.1
41 http fetch GET 200 https://registry.npmjs.org/create-react-app 59ms (cache hit)
42 silly placeDep ROOT create-react-app@5.0.1 OK for:  want: 5.0.1
43 silly fetch manifest chalk@^4.1.2
44 silly fetch manifest commander@^4.1.1
45 silly fetch manifest cross-spawn@^7.0.3
46 silly fetch manifest envinfo@^7.8.1
47 silly fetch manifest fs-extra@^10.0.0
48 silly fetch manifest hyperquest@^2.1.3
49 silly fetch manifest prompts@^2.4.2
50 silly fetch manifest semver@^7.3.5
51 silly fetch manifest tar-pack@^3.4.1
52 silly fetch manifest tmp@^0.2.1
53 silly fetch manifest validate-npm-package-name@^3.0.0
54 http fetch GET 200 https://registry.npmjs.org/chalk 437ms (cache miss)
55 http fetch GET 200 https://registry.npmjs.org/tar-pack 477ms (cache miss)
56 http fetch GET 200 https://registry.npmjs.org/validate-npm-package-name 485ms (cache miss)
57 http fetch GET 200 https://registry.npmjs.org/hyperquest 516ms (cache miss)
58 http fetch GET 200 https://registry.npmjs.org/tmp 514ms (cache miss)
59 http fetch GET 200 https://registry.npmjs.org/prompts 572ms (cache miss)
60 http fetch GET 200 https://registry.npmjs.org/cross-spawn 613ms (cache updated)
61 http fetch GET 200 https://registry.npmjs.org/fs-extra 608ms (cache miss)
62 http fetch GET 200 https://registry.npmjs.org/envinfo 647ms (cache miss)
63 http fetch GET 200 https://registry.npmjs.org/semver 649ms (cache miss)
64 http fetch GET 200 https://registry.npmjs.org/commander 713ms (cache updated)
65 timing idealTree:#root Completed in 839ms
66 silly placeDep ROOT chalk@4.1.2 OK for: create-react-app@5.0.1 want: ^4.1.2
67 silly placeDep ROOT commander@4.1.1 OK for: create-react-app@5.0.1 want: ^4.1.1
68 silly placeDep ROOT cross-spawn@7.0.6 OK for: create-react-app@5.0.1 want: ^7.0.3
69 silly placeDep ROOT envinfo@7.14.0 OK for: create-react-app@5.0.1 want: ^7.8.1
70 silly placeDep ROOT fs-extra@10.1.0 OK for: create-react-app@5.0.1 want: ^10.0.0
71 silly placeDep ROOT hyperquest@2.1.3 OK for: create-react-app@5.0.1 want: ^2.1.3
72 silly placeDep ROOT prompts@2.4.2 OK for: create-react-app@5.0.1 want: ^2.4.2
73 silly placeDep ROOT semver@7.6.3 OK for: create-react-app@5.0.1 want: ^7.3.5
74 silly placeDep ROOT tar-pack@3.4.1 OK for: create-react-app@5.0.1 want: ^3.4.1
75 silly placeDep ROOT tmp@0.2.3 OK for: create-react-app@5.0.1 want: ^0.2.1
76 silly placeDep ROOT validate-npm-package-name@3.0.0 OK for: create-react-app@5.0.1 want: ^3.0.0
77 silly fetch manifest ansi-styles@^4.1.0
78 silly fetch manifest supports-color@^7.1.0
79 silly fetch manifest which@^2.0.1
80 silly fetch manifest path-key@^3.1.0
81 silly fetch manifest shebang-command@^2.0.0
82 silly fetch manifest jsonfile@^6.0.1
83 silly fetch manifest graceful-fs@^4.2.0
84 silly fetch manifest universalify@^2.0.0
85 silly fetch manifest buffer-from@^0.1.1
86 silly fetch manifest duplexer2@~0.0.2
87 silly fetch manifest through2@~0.6.3
88 silly fetch manifest kleur@^3.0.3
89 silly fetch manifest sisteransi@^1.0.5
90 silly fetch manifest debug@^2.2.0
91 silly fetch manifest fstream@^1.0.10
92 silly fetch manifest fstream-ignore@^1.0.5
93 silly fetch manifest once@^1.3.3
94 silly fetch manifest readable-stream@^2.1.4
95 silly fetch manifest rimraf@^2.5.1
96 silly fetch manifest tar@^2.2.1
97 silly fetch manifest uid-number@^0.0.6
98 silly fetch manifest builtins@^1.0.3
99 http fetch GET 200 https://registry.npmjs.org/sisteransi 545ms (cache miss)
100 http fetch GET 200 https://registry.npmjs.org/universalify 586ms (cache miss)
101 http fetch GET 200 https://registry.npmjs.org/duplexer2 584ms (cache miss)
102 http fetch GET 200 https://registry.npmjs.org/buffer-from 626ms (cache miss)
103 http fetch GET 200 https://registry.npmjs.org/uid-number 583ms (cache miss)
104 http fetch GET 200 https://registry.npmjs.org/once 623ms (cache miss)
105 http fetch GET 200 https://registry.npmjs.org/supports-color 691ms (cache miss)
106 http fetch GET 200 https://registry.npmjs.org/jsonfile 696ms (cache miss)
107 http fetch GET 200 https://registry.npmjs.org/builtins 636ms (cache miss)
108 http fetch GET 200 https://registry.npmjs.org/fstream-ignore 673ms (cache miss)
109 http fetch GET 200 https://registry.npmjs.org/through2 709ms (cache miss)
110 http fetch GET 200 https://registry.npmjs.org/fstream 701ms (cache miss)
111 http fetch GET 200 https://registry.npmjs.org/kleur 717ms (cache miss)
112 http fetch GET 200 https://registry.npmjs.org/graceful-fs 765ms (cache miss)
113 http fetch GET 200 https://registry.npmjs.org/tar 715ms (cache miss)
114 http fetch GET 200 https://registry.npmjs.org/shebang-command 795ms (cache updated)
115 http fetch GET 200 https://registry.npmjs.org/path-key 807ms (cache updated)
116 http fetch GET 200 https://registry.npmjs.org/debug 768ms (cache miss)
117 http fetch GET 200 https://registry.npmjs.org/which 832ms (cache updated)
118 http fetch GET 200 https://registry.npmjs.org/ansi-styles 861ms (cache updated)
119 http fetch GET 200 https://registry.npmjs.org/rimraf 792ms (cache miss)
120 http fetch GET 200 https://registry.npmjs.org/readable-stream 808ms (cache miss)
121 timing idealTree:node_modules/create-react-app Completed in 996ms
122 silly placeDep ROOT ansi-styles@4.3.0 OK for: chalk@4.1.2 want: ^4.1.0
123 silly placeDep ROOT supports-color@7.2.0 OK for: chalk@4.1.2 want: ^7.1.0
124 silly fetch manifest color-convert@^2.0.1
125 silly fetch manifest has-flag@^4.0.0
126 http fetch GET 200 https://registry.npmjs.org/has-flag 55ms (cache miss)
127 http fetch GET 200 https://registry.npmjs.org/color-convert 97ms (cache updated)
128 timing idealTree:node_modules/chalk Completed in 114ms
129 silly placeDep ROOT color-convert@2.0.1 OK for: ansi-styles@4.3.0 want: ^2.0.1
130 silly fetch manifest color-name@~1.1.4
131 http fetch GET 200 https://registry.npmjs.org/color-name 108ms (cache updated)
132 timing idealTree:node_modules/ansi-styles Completed in 115ms
133 silly placeDep ROOT color-name@1.1.4 OK for: color-convert@2.0.1 want: ~1.1.4
134 timing idealTree:node_modules/color-convert Completed in 5ms
135 timing idealTree:node_modules/color-name Completed in 0ms
136 timing idealTree:node_modules/commander Completed in 0ms
137 silly placeDep ROOT path-key@3.1.1 OK for: cross-spawn@7.0.6 want: ^3.1.0
138 silly placeDep ROOT shebang-command@2.0.0 OK for: cross-spawn@7.0.6 want: ^2.0.0
139 silly placeDep ROOT which@2.0.2 OK for: cross-spawn@7.0.6 want: ^2.0.1
140 silly fetch manifest shebang-regex@^3.0.0
141 silly fetch manifest isexe@^2.0.0
142 http fetch GET 200 https://registry.npmjs.org/isexe 126ms (cache updated)
143 http fetch GET 200 https://registry.npmjs.org/shebang-regex 135ms (cache updated)
144 timing idealTree:node_modules/cross-spawn Completed in 150ms
145 timing idealTree:node_modules/envinfo Completed in 2ms
146 silly placeDep ROOT graceful-fs@4.2.11 OK for: fs-extra@10.1.0 want: ^4.2.0
147 silly placeDep ROOT jsonfile@6.1.0 OK for: fs-extra@10.1.0 want: ^6.0.1
148 silly placeDep ROOT universalify@2.0.1 OK for: fs-extra@10.1.0 want: ^2.0.0
149 timing idealTree:node_modules/fs-extra Completed in 15ms
150 timing idealTree:node_modules/graceful-fs Completed in 0ms
151 silly placeDep ROOT buffer-from@0.1.2 OK for: hyperquest@2.1.3 want: ^0.1.1
152 silly placeDep ROOT duplexer2@0.0.2 OK for: hyperquest@2.1.3 want: ~0.0.2
153 silly placeDep ROOT through2@0.6.5 OK for: hyperquest@2.1.3 want: ~0.6.3
154 silly fetch manifest readable-stream@~1.1.9
155 silly fetch manifest readable-stream@>=1.0.33-1 <1.1.0-0
156 silly fetch manifest xtend@>=4.0.0 <4.1.0-0
157 http fetch GET 200 https://registry.npmjs.org/xtend 82ms (cache miss)
158 timing idealTree:node_modules/hyperquest Completed in 109ms
159 timing idealTree:node_modules/buffer-from Completed in 0ms
160 silly placeDep ROOT readable-stream@1.1.14 OK for: duplexer2@0.0.2 want: ~1.1.9
161 silly fetch manifest isarray@0.0.1
162 silly fetch manifest inherits@~2.0.1
163 silly fetch manifest core-util-is@~1.0.0
164 silly fetch manifest string_decoder@~0.10.x
165 http fetch GET 200 https://registry.npmjs.org/isarray 135ms (cache miss)
166 http fetch GET 200 https://registry.npmjs.org/inherits 137ms (cache miss)
167 http fetch GET 200 https://registry.npmjs.org/core-util-is 139ms (cache miss)
168 http fetch GET 200 https://registry.npmjs.org/string_decoder 136ms (cache miss)
169 timing idealTree:node_modules/duplexer2 Completed in 182ms
170 timing idealTree:node_modules/jsonfile Completed in 0ms
171 timing idealTree:node_modules/path-key Completed in 0ms
172 silly placeDep ROOT kleur@3.0.3 OK for: prompts@2.4.2 want: ^3.0.3
173 silly placeDep ROOT sisteransi@1.0.5 OK for: prompts@2.4.2 want: ^1.0.5
174 timing idealTree:node_modules/prompts Completed in 10ms
175 timing idealTree:node_modules/kleur Completed in 0ms
176 silly placeDep ROOT core-util-is@1.0.3 OK for: readable-stream@1.1.14 want: ~1.0.0
177 silly placeDep ROOT inherits@2.0.4 OK for: readable-stream@1.1.14 want: ~2.0.1
178 silly placeDep ROOT isarray@0.0.1 OK for: readable-stream@1.1.14 want: 0.0.1
179 silly placeDep ROOT string_decoder@0.10.31 OK for: readable-stream@1.1.14 want: ~0.10.x
180 timing idealTree:node_modules/readable-stream Completed in 12ms
181 timing idealTree:node_modules/core-util-is Completed in 0ms
182 timing idealTree:node_modules/inherits Completed in 0ms
183 timing idealTree:node_modules/isarray Completed in 0ms
184 timing idealTree:node_modules/semver Completed in 0ms
185 silly placeDep ROOT shebang-regex@3.0.0 OK for: shebang-command@2.0.0 want: ^3.0.0
186 timing idealTree:node_modules/shebang-command Completed in 3ms
187 timing idealTree:node_modules/shebang-regex Completed in 0ms
188 timing idealTree:node_modules/sisteransi Completed in 0ms
189 timing idealTree:node_modules/string_decoder Completed in 0ms
190 silly placeDep ROOT has-flag@4.0.0 OK for: supports-color@7.2.0 want: ^4.0.0
191 timing idealTree:node_modules/supports-color Completed in 3ms
192 timing idealTree:node_modules/has-flag Completed in 0ms
193 silly placeDep ROOT debug@2.6.9 OK for: tar-pack@3.4.1 want: ^2.2.0
194 silly placeDep ROOT fstream@1.0.12 OK for: tar-pack@3.4.1 want: ^1.0.10
195 silly placeDep ROOT fstream-ignore@1.0.5 OK for: tar-pack@3.4.1 want: ^1.0.5
196 silly placeDep ROOT once@1.4.0 OK for: tar-pack@3.4.1 want: ^1.3.3
197 silly placeDep node_modules/tar-pack readable-stream@2.3.8 OK for: tar-pack@3.4.1 want: ^2.1.4
198 silly placeDep ROOT rimraf@2.7.1 OK for: tar-pack@3.4.1 want: ^2.5.1
199 silly placeDep ROOT tar@2.2.2 OK for: tar-pack@3.4.1 want: ^2.2.1
200 silly placeDep ROOT uid-number@0.0.6 OK for: tar-pack@3.4.1 want: ^0.0.6
201 silly fetch manifest ms@2.0.0
202 silly fetch manifest mkdirp@>=0.5 0
203 silly fetch manifest minimatch@^3.0.0
204 silly fetch manifest wrappy@1
205 silly fetch manifest isarray@~1.0.0
206 silly fetch manifest safe-buffer@~5.1.1
207 silly fetch manifest string_decoder@~1.1.1
208 silly fetch manifest util-deprecate@~1.0.1
209 silly fetch manifest process-nextick-args@~2.0.0
210 silly fetch manifest glob@^7.1.3
211 silly fetch manifest block-stream@*
212 http fetch GET 200 https://registry.npmjs.org/safe-buffer 291ms (cache miss)
213 http fetch GET 200 https://registry.npmjs.org/ms 300ms (cache miss)
214 http fetch GET 200 https://registry.npmjs.org/wrappy 302ms (cache miss)
215 http fetch GET 200 https://registry.npmjs.org/process-nextick-args 299ms (cache miss)
216 http fetch GET 200 https://registry.npmjs.org/block-stream 296ms (cache miss)
217 http fetch GET 200 https://registry.npmjs.org/mkdirp 374ms (cache miss)
218 http fetch GET 200 https://registry.npmjs.org/util-deprecate 382ms (cache updated)
219 http fetch GET 200 https://registry.npmjs.org/minimatch 435ms (cache updated)
220 http fetch GET 200 https://registry.npmjs.org/glob 447ms (cache updated)
221 timing idealTree:node_modules/tar-pack Completed in 521ms
222 silly placeDep ROOT ms@2.0.0 OK for: debug@2.6.9 want: 2.0.0
223 timing idealTree:node_modules/debug Completed in 6ms
224 silly placeDep ROOT mkdirp@0.5.6 OK for: fstream@1.0.12 want: >=0.5 0
225 silly fetch manifest minimist@^1.2.6
226 http fetch GET 200 https://registry.npmjs.org/minimist 72ms (cache miss)
227 timing idealTree:node_modules/fstream Completed in 83ms
228 silly placeDep ROOT minimatch@3.1.2 OK for: fstream-ignore@1.0.5 want: ^3.0.0
229 silly fetch manifest brace-expansion@^1.1.7
230 http fetch GET 200 https://registry.npmjs.org/brace-expansion 131ms (cache updated)
231 timing idealTree:node_modules/fstream-ignore Completed in 139ms
232 silly placeDep ROOT brace-expansion@1.1.11 OK for: minimatch@3.1.2 want: ^1.1.7
233 silly fetch manifest balanced-match@^1.0.0
234 silly fetch manifest concat-map@0.0.1
235 http fetch GET 200 https://registry.npmjs.org/concat-map 77ms (cache miss)
236 http fetch GET 200 https://registry.npmjs.org/balanced-match 83ms (cache updated)
237 timing idealTree:node_modules/minimatch Completed in 93ms
238 silly placeDep ROOT balanced-match@1.0.2 OK for: brace-expansion@1.1.11 want: ^1.0.0
239 silly placeDep ROOT concat-map@0.0.1 OK for: brace-expansion@1.1.11 want: 0.0.1
240 timing idealTree:node_modules/brace-expansion Completed in 7ms
241 timing idealTree:node_modules/balanced-match Completed in 0ms
242 timing idealTree:node_modules/concat-map Completed in 0ms
243 silly placeDep ROOT minimist@1.2.8 OK for: mkdirp@0.5.6 want: ^1.2.6
244 timing idealTree:node_modules/mkdirp Completed in 3ms
245 timing idealTree:node_modules/minimist Completed in 0ms
246 timing idealTree:node_modules/ms Completed in 0ms
247 silly placeDep ROOT wrappy@1.0.2 OK for: once@1.4.0 want: 1
248 timing idealTree:node_modules/once Completed in 3ms
249 silly placeDep ROOT glob@7.2.3 OK for: rimraf@2.7.1 want: ^7.1.3
250 silly fetch manifest inflight@^1.0.4
251 silly fetch manifest fs.realpath@^1.0.0
252 silly fetch manifest path-is-absolute@^1.0.0
253 http fetch GET 200 https://registry.npmjs.org/inflight 58ms (cache miss)
254 http fetch GET 200 https://registry.npmjs.org/path-is-absolute 57ms (cache miss)
255 http fetch GET 200 https://registry.npmjs.org/fs.realpath 82ms (cache miss)
256 timing idealTree:node_modules/rimraf Completed in 97ms
257 silly placeDep ROOT fs.realpath@1.0.0 OK for: glob@7.2.3 want: ^1.0.0
258 silly placeDep ROOT inflight@1.0.6 OK for: glob@7.2.3 want: ^1.0.4
259 silly placeDep ROOT path-is-absolute@1.0.1 OK for: glob@7.2.3 want: ^1.0.0
260 timing idealTree:node_modules/glob Completed in 13ms
261 timing idealTree:node_modules/fs.realpath Completed in 0ms
262 timing idealTree:node_modules/inflight Completed in 0ms
263 timing idealTree:node_modules/path-is-absolute Completed in 0ms
264 silly placeDep ROOT block-stream@0.0.9 OK for: tar@2.2.2 want: *
265 timing idealTree:node_modules/tar Completed in 2ms
266 timing idealTree:node_modules/block-stream Completed in 0ms
267 silly placeDep node_modules/through2 readable-stream@1.0.34 OK for: through2@0.6.5 want: >=1.0.33-1 <1.1.0-0
268 silly placeDep ROOT xtend@4.0.2 OK for: through2@0.6.5 want: >=4.0.0 <4.1.0-0
269 timing idealTree:node_modules/through2 Completed in 13ms
270 timing idealTree:node_modules/tmp Completed in 0ms
271 timing idealTree:node_modules/uid-number Completed in 0ms
272 timing idealTree:node_modules/universalify Completed in 0ms
273 silly placeDep ROOT builtins@1.0.3 OK for: validate-npm-package-name@3.0.0 want: ^1.0.3
274 timing idealTree:node_modules/validate-npm-package-name Completed in 3ms
275 timing idealTree:node_modules/builtins Completed in 0ms
276 silly placeDep ROOT isexe@2.0.0 OK for: which@2.0.2 want: ^2.0.0
277 timing idealTree:node_modules/which Completed in 3ms
278 timing idealTree:node_modules/isexe Completed in 0ms
279 timing idealTree:node_modules/wrappy Completed in 0ms
280 timing idealTree:node_modules/xtend Completed in 0ms
281 silly placeDep node_modules/tar-pack isarray@1.0.0 OK for: readable-stream@2.3.8 want: ~1.0.0
282 silly placeDep ROOT process-nextick-args@2.0.1 OK for: readable-stream@2.3.8 want: ~2.0.0
283 silly placeDep ROOT safe-buffer@5.1.2 OK for: readable-stream@2.3.8 want: ~5.1.1
284 silly placeDep node_modules/tar-pack string_decoder@1.1.1 OK for: readable-stream@2.3.8 want: ~1.1.1
285 silly placeDep ROOT util-deprecate@1.0.2 OK for: readable-stream@2.3.8 want: ~1.0.1
286 timing idealTree:node_modules/tar-pack/node_modules/readable-stream Completed in 15ms
287 timing idealTree:node_modules/process-nextick-args Completed in 0ms
288 timing idealTree:node_modules/safe-buffer Completed in 0ms
289 timing idealTree:node_modules/util-deprecate Completed in 0ms
290 timing idealTree:node_modules/tar-pack/node_modules/isarray Completed in 0ms
291 timing idealTree:node_modules/tar-pack/node_modules/string_decoder Completed in 0ms
292 timing idealTree:node_modules/through2/node_modules/readable-stream Completed in 0ms
293 timing idealTree:buildDeps Completed in 3591ms
294 timing idealTree:fixDepFlags Completed in 2ms
295 timing idealTree Completed in 3630ms
296 timing reify:loadTrees Completed in 3631ms
297 timing reify:diffTrees Completed in 7ms
298 silly reify moves {}
299 timing reify:retireShallow Completed in 3ms
300 timing reify:createSparse Completed in 44ms
301 timing reify:loadBundles Completed in 0ms
302 silly audit bulk request {
302 silly audit   'create-react-app': [ '5.0.1' ],
302 silly audit   chalk: [ '4.1.2' ],
302 silly audit   commander: [ '4.1.1' ],
302 silly audit   'cross-spawn': [ '7.0.6' ],
302 silly audit   envinfo: [ '7.14.0' ],
302 silly audit   'fs-extra': [ '10.1.0' ],
302 silly audit   hyperquest: [ '2.1.3' ],
302 silly audit   prompts: [ '2.4.2' ],
302 silly audit   semver: [ '7.6.3' ],
302 silly audit   'tar-pack': [ '3.4.1' ],
302 silly audit   tmp: [ '0.2.3' ],
302 silly audit   'validate-npm-package-name': [ '3.0.0' ],
302 silly audit   'ansi-styles': [ '4.3.0' ],
302 silly audit   'supports-color': [ '7.2.0' ],
302 silly audit   'color-convert': [ '2.0.1' ],
302 silly audit   'color-name': [ '1.1.4' ],
302 silly audit   'path-key': [ '3.1.1' ],
302 silly audit   'shebang-command': [ '2.0.0' ],
302 silly audit   which: [ '2.0.2' ],
302 silly audit   'graceful-fs': [ '4.2.11' ],
302 silly audit   jsonfile: [ '6.1.0' ],
302 silly audit   universalify: [ '2.0.1' ],
302 silly audit   'buffer-from': [ '0.1.2' ],
302 silly audit   duplexer2: [ '0.0.2' ],
302 silly audit   through2: [ '0.6.5' ],
302 silly audit   'readable-stream': [ '1.1.14', '2.3.8', '1.0.34' ],
302 silly audit   kleur: [ '3.0.3' ],
302 silly audit   sisteransi: [ '1.0.5' ],
302 silly audit   'core-util-is': [ '1.0.3' ],
302 silly audit   inherits: [ '2.0.4' ],
302 silly audit   isarray: [ '0.0.1', '1.0.0' ],
302 silly audit   string_decoder: [ '0.10.31', '1.1.1' ],
302 silly audit   'shebang-regex': [ '3.0.0' ],
302 silly audit   'has-flag': [ '4.0.0' ],
302 silly audit   debug: [ '2.6.9' ],
302 silly audit   fstream: [ '1.0.12' ],
302 silly audit   'fstream-ignore': [ '1.0.5' ],
302 silly audit   once: [ '1.4.0' ],
302 silly audit   rimraf: [ '2.7.1' ],
302 silly audit   tar: [ '2.2.2' ],
302 silly audit   'uid-number': [ '0.0.6' ],
302 silly audit   ms: [ '2.0.0' ],
302 silly audit   mkdirp: [ '0.5.6' ],
302 silly audit   minimatch: [ '3.1.2' ],
302 silly audit   'brace-expansion': [ '1.1.11' ],
302 silly audit   'balanced-match': [ '1.0.2' ],
302 silly audit   'concat-map': [ '0.0.1' ],
302 silly audit   minimist: [ '1.2.8' ],
302 silly audit   wrappy: [ '1.0.2' ],
302 silly audit   glob: [ '7.2.3' ],
302 silly audit   'fs.realpath': [ '1.0.0' ],
302 silly audit   inflight: [ '1.0.6' ],
302 silly audit   'path-is-absolute': [ '1.0.1' ],
302 silly audit   'block-stream': [ '0.0.9' ],
302 silly audit   xtend: [ '4.0.2' ],
302 silly audit   builtins: [ '1.0.3' ],
302 silly audit   isexe: [ '2.0.0' ],
302 silly audit   'process-nextick-args': [ '2.0.1' ],
302 silly audit   'safe-buffer': [ '5.1.2' ],
302 silly audit   'util-deprecate': [ '1.0.2' ]
302 silly audit }
303 silly tarball no local data for readable-stream@https://registry.npmjs.org/readable-stream/-/readable-stream-2.3.8.tgz. Extracting by manifest.
304 silly tarball no local data for safe-buffer@https://registry.npmjs.org/safe-buffer/-/safe-buffer-5.1.2.tgz. Extracting by manifest.
305 silly tarball no local data for process-nextick-args@https://registry.npmjs.org/process-nextick-args/-/process-nextick-args-2.0.1.tgz. Extracting by manifest.
306 silly tarball no local data for builtins@https://registry.npmjs.org/builtins/-/builtins-1.0.3.tgz. Extracting by manifest.
307 silly tarball no local data for xtend@https://registry.npmjs.org/xtend/-/xtend-4.0.2.tgz. Extracting by manifest.
308 silly tarball no local data for block-stream@https://registry.npmjs.org/block-stream/-/block-stream-0.0.9.tgz. Extracting by manifest.
309 silly tarball no local data for path-is-absolute@https://registry.npmjs.org/path-is-absolute/-/path-is-absolute-1.0.1.tgz. Extracting by manifest.
310 silly tarball no local data for inflight@https://registry.npmjs.org/inflight/-/inflight-1.0.6.tgz. Extracting by manifest.
311 silly tarball no local data for fs.realpath@https://registry.npmjs.org/fs.realpath/-/fs.realpath-1.0.0.tgz. Extracting by manifest.
312 silly tarball no local data for glob@https://registry.npmjs.org/glob/-/glob-7.2.3.tgz. Extracting by manifest.
313 silly tarball no local data for wrappy@https://registry.npmjs.org/wrappy/-/wrappy-1.0.2.tgz. Extracting by manifest.
314 silly tarball no local data for minimist@https://registry.npmjs.org/minimist/-/minimist-1.2.8.tgz. Extracting by manifest.
315 silly tarball no local data for concat-map@https://registry.npmjs.org/concat-map/-/concat-map-0.0.1.tgz. Extracting by manifest.
316 silly tarball no local data for brace-expansion@https://registry.npmjs.org/brace-expansion/-/brace-expansion-1.1.11.tgz. Extracting by manifest.
317 silly tarball no local data for minimatch@https://registry.npmjs.org/minimatch/-/minimatch-3.1.2.tgz. Extracting by manifest.
318 silly tarball no local data for mkdirp@https://registry.npmjs.org/mkdirp/-/mkdirp-0.5.6.tgz. Extracting by manifest.
319 silly tarball no local data for ms@https://registry.npmjs.org/ms/-/ms-2.0.0.tgz. Extracting by manifest.
320 silly tarball no local data for uid-number@https://registry.npmjs.org/uid-number/-/uid-number-0.0.6.tgz. Extracting by manifest.
321 silly tarball no local data for tar@https://registry.npmjs.org/tar/-/tar-2.2.2.tgz. Extracting by manifest.
322 silly tarball no local data for rimraf@https://registry.npmjs.org/rimraf/-/rimraf-2.7.1.tgz. Extracting by manifest.
323 silly tarball no local data for once@https://registry.npmjs.org/once/-/once-1.4.0.tgz. Extracting by manifest.
324 silly tarball no local data for fstream-ignore@https://registry.npmjs.org/fstream-ignore/-/fstream-ignore-1.0.5.tgz. Extracting by manifest.
325 silly tarball no local data for fstream@https://registry.npmjs.org/fstream/-/fstream-1.0.12.tgz. Extracting by manifest.
326 silly tarball no local data for debug@https://registry.npmjs.org/debug/-/debug-2.6.9.tgz. Extracting by manifest.
327 silly tarball no local data for has-flag@https://registry.npmjs.org/has-flag/-/has-flag-4.0.0.tgz. Extracting by manifest.
328 silly tarball no local data for string_decoder@https://registry.npmjs.org/string_decoder/-/string_decoder-0.10.31.tgz. Extracting by manifest.
329 silly tarball no local data for isarray@https://registry.npmjs.org/isarray/-/isarray-0.0.1.tgz. Extracting by manifest.
330 silly tarball no local data for inherits@https://registry.npmjs.org/inherits/-/inherits-2.0.4.tgz. Extracting by manifest.
331 silly tarball no local data for core-util-is@https://registry.npmjs.org/core-util-is/-/core-util-is-1.0.3.tgz. Extracting by manifest.
332 silly tarball no local data for sisteransi@https://registry.npmjs.org/sisteransi/-/sisteransi-1.0.5.tgz. Extracting by manifest.
333 silly tarball no local data for kleur@https://registry.npmjs.org/kleur/-/kleur-3.0.3.tgz. Extracting by manifest.
334 silly tarball no local data for readable-stream@https://registry.npmjs.org/readable-stream/-/readable-stream-1.1.14.tgz. Extracting by manifest.
335 silly tarball no local data for through2@https://registry.npmjs.org/through2/-/through2-0.6.5.tgz. Extracting by manifest.
336 silly tarball no local data for duplexer2@https://registry.npmjs.org/duplexer2/-/duplexer2-0.0.2.tgz. Extracting by manifest.
337 silly tarball no local data for buffer-from@https://registry.npmjs.org/buffer-from/-/buffer-from-0.1.2.tgz. Extracting by manifest.
338 silly tarball no local data for universalify@https://registry.npmjs.org/universalify/-/universalify-2.0.1.tgz. Extracting by manifest.
339 silly tarball no local data for jsonfile@https://registry.npmjs.org/jsonfile/-/jsonfile-6.1.0.tgz. Extracting by manifest.
340 silly tarball no local data for graceful-fs@https://registry.npmjs.org/graceful-fs/-/graceful-fs-4.2.11.tgz. Extracting by manifest.
341 silly tarball no local data for supports-color@https://registry.npmjs.org/supports-color/-/supports-color-7.2.0.tgz. Extracting by manifest.
342 silly tarball no local data for validate-npm-package-name@https://registry.npmjs.org/validate-npm-package-name/-/validate-npm-package-name-3.0.0.tgz. Extracting by manifest.
343 silly tarball no local data for tmp@https://registry.npmjs.org/tmp/-/tmp-0.2.3.tgz. Extracting by manifest.
344 silly tarball no local data for tar-pack@https://registry.npmjs.org/tar-pack/-/tar-pack-3.4.1.tgz. Extracting by manifest.
345 silly tarball no local data for semver@https://registry.npmjs.org/semver/-/semver-7.6.3.tgz. Extracting by manifest.
346 silly tarball no local data for prompts@https://registry.npmjs.org/prompts/-/prompts-2.4.2.tgz. Extracting by manifest.
347 silly tarball no local data for hyperquest@https://registry.npmjs.org/hyperquest/-/hyperquest-2.1.3.tgz. Extracting by manifest.
348 silly tarball no local data for fs-extra@https://registry.npmjs.org/fs-extra/-/fs-extra-10.1.0.tgz. Extracting by manifest.
349 silly tarball no local data for envinfo@https://registry.npmjs.org/envinfo/-/envinfo-7.14.0.tgz. Extracting by manifest.
350 silly tarball no local data for cross-spawn@https://registry.npmjs.org/cross-spawn/-/cross-spawn-7.0.6.tgz. Extracting by manifest.
351 silly tarball no local data for chalk@https://registry.npmjs.org/chalk/-/chalk-4.1.2.tgz. Extracting by manifest.
352 silly tarball no local data for create-react-app@https://registry.npmjs.org/create-react-app/-/create-react-app-5.0.1.tgz. Extracting by manifest.
353 silly tarball no local data for readable-stream@https://registry.npmjs.org/readable-stream/-/readable-stream-1.0.34.tgz. Extracting by manifest.
354 silly tarball no local data for string_decoder@https://registry.npmjs.org/string_decoder/-/string_decoder-1.1.1.tgz. Extracting by manifest.
355 silly tarball no local data for isarray@https://registry.npmjs.org/isarray/-/isarray-1.0.0.tgz. Extracting by manifest.
356 http fetch POST 200 https://registry.npmjs.org/-/npm/v1/security/advisories/bulk 823ms
357 timing auditReport:getReport Completed in 841ms
358 silly audit report {
358 silly audit report   tar: [
358 silly audit report     {
358 silly audit report       id: 1089685,
358 silly audit report       url: 'https://github.com/advisories/GHSA-3jfq-g458-7qm9',
358 silly audit report       title: 'Arbitrary File Creation/Overwrite due to insufficient absolute path sanitization',
358 silly audit report       severity: 'high',
358 silly audit report       vulnerable_versions: '<3.2.2',
358 silly audit report       cwe: [Array],
358 silly audit report       cvss: [Object]
358 silly audit report     },
358 silly audit report     {
358 silly audit report       id: 1095117,
358 silly audit report       url: 'https://github.com/advisories/GHSA-5955-9wpr-37jh',
358 silly audit report       title: 'Arbitrary File Creation/Overwrite on Windows via insufficient relative path sanitization',
358 silly audit report       severity: 'high',
358 silly audit report       vulnerable_versions: '<4.4.18',
358 silly audit report       cwe: [Array],
358 silly audit report       cvss: [Object]
358 silly audit report     },
358 silly audit report     {
358 silly audit report       id: 1097493,
358 silly audit report       url: 'https://github.com/advisories/GHSA-f5x3-32g6-xq36',
358 silly audit report       title: 'Denial of service while parsing a tar file due to lack of folders count validation',
358 silly audit report       severity: 'moderate',
358 silly audit report       vulnerable_versions: '<6.2.1',
358 silly audit report       cwe: [Array],
358 silly audit report       cvss: [Object]
358 silly audit report     }
358 silly audit report   ]
358 silly audit report }
359 timing metavuln:packument:tar Completed in 2ms
360 timing metavuln:cache:get:security-advisory:tar:Oa066nJpV2ox85F6qnk1N5eWmAmoWAMU7byYhWk4oYfHYrQ8aGHfCKRikfcy0dHDcKWKiPRc7Nz7R9fxKkj0Yw== Completed in 75ms
361 timing metavuln:load:security-advisory:tar:1089685 Completed in 11ms
362 timing metavuln:cache:get:security-advisory:tar:2lGtz15Gs28nRX11iCY/mSa25Ky4CfNVzD5qptDvtqdkLXPb/znmxdJ/4OrOyJZ2qQgFtnfxP9ee2xfimUMfuw== Completed in 90ms
363 timing metavuln:load:security-advisory:tar:1095117 Completed in 9ms
364 timing metavuln:cache:get:security-advisory:tar:xsfciMtNhQn+Vb692L8h5HEYBYUJ5Lhjy3bF//LOsKSn8tp0f1hbuDX26k9UtKJNPZjM5uuq2Cxlz3KwL19oJg== Completed in 100ms
365 timing metavuln:load:security-advisory:tar:1097493 Completed in 13ms
366 timing reifyNode:node_modules/color-name Completed in 1403ms
367 timing reifyNode:node_modules/shebang-command Completed in 1403ms
368 timing reifyNode:node_modules/shebang-regex Completed in 1447ms
369 timing reifyNode:node_modules/path-key Completed in 1446ms
370 timing reifyNode:node_modules/util-deprecate Completed in 1475ms
371 timing reifyNode:node_modules/balanced-match Completed in 1470ms
372 timing reifyNode:node_modules/ansi-styles Completed in 1471ms
373 timing reifyNode:node_modules/which Completed in 1499ms
374 http fetch GET 200 https://registry.npmjs.org/builtins/-/builtins-1.0.3.tgz 1345ms (cache miss)
375 timing reifyNode:node_modules/builtins Completed in 1507ms
376 http fetch GET 200 https://registry.npmjs.org/concat-map/-/concat-map-0.0.1.tgz 1284ms (cache miss)
377 http fetch GET 200 https://registry.npmjs.org/ms/-/ms-2.0.0.tgz 1226ms (cache miss)
378 timing reifyNode:node_modules/ms Completed in 1527ms
379 http fetch GET 200 https://registry.npmjs.org/once/-/once-1.4.0.tgz 1137ms (cache miss)
380 timing reifyNode:node_modules/once Completed in 1528ms
381 timing reifyNode:node_modules/color-convert Completed in 1537ms
382 http fetch GET 200 https://registry.npmjs.org/wrappy/-/wrappy-1.0.2.tgz 1335ms (cache miss)
383 timing reifyNode:node_modules/wrappy Completed in 1552ms
384 http fetch GET 200 https://registry.npmjs.org/process-nextick-args/-/process-nextick-args-2.0.1.tgz 1399ms (cache miss)
385 timing reifyNode:node_modules/process-nextick-args Completed in 1566ms
386 timing reifyNode:node_modules/concat-map Completed in 1566ms
387 http fetch GET 200 https://registry.npmjs.org/rimraf/-/rimraf-2.7.1.tgz 1180ms (cache miss)
388 warn deprecated rimraf@2.7.1: Rimraf versions prior to v4 are no longer supported
389 timing reifyNode:node_modules/rimraf Completed in 1571ms
390 http fetch GET 200 https://registry.npmjs.org/fstream-ignore/-/fstream-ignore-1.0.5.tgz 1181ms (cache miss)
391 warn deprecated fstream-ignore@1.0.5: This package is no longer supported.
392 timing reifyNode:node_modules/fstream-ignore Completed in 1576ms
393 http fetch GET 200 https://registry.npmjs.org/through2/-/through2-0.6.5.tgz 1141ms (cache miss)
394 timing reifyNode:node_modules/through2 Completed in 1591ms
395 timing reifyNode:node_modules/isexe Completed in 1601ms
396 http fetch GET 200 https://registry.npmjs.org/minimatch/-/minimatch-3.1.2.tgz 1406ms (cache miss)
397 timing reifyNode:node_modules/minimatch Completed in 1631ms
398 http fetch GET 200 https://registry.npmjs.org/duplexer2/-/duplexer2-0.0.2.tgz 1188ms (cache miss)
399 http fetch GET 200 https://registry.npmjs.org/buffer-from/-/buffer-from-0.1.2.tgz 1186ms (cache miss)
400 timing reifyNode:node_modules/buffer-from Completed in 1638ms
401 http fetch GET 200 https://registry.npmjs.org/inflight/-/inflight-1.0.6.tgz 1463ms (cache miss)
402 warn deprecated inflight@1.0.6: This module is not supported, and leaks memory. Do not use it. Check out lru-cache if you want a good and tested way to coalesce async requests by a key value, which is much more comprehensive and powerful.
403 timing reifyNode:node_modules/inflight Completed in 1655ms
404 http fetch GET 200 https://registry.npmjs.org/xtend/-/xtend-4.0.2.tgz 1495ms (cache miss)
405 timing reifyNode:node_modules/xtend Completed in 1661ms
406 http fetch GET 200 https://registry.npmjs.org/sisteransi/-/sisteransi-1.0.5.tgz 1222ms (cache miss)
407 timing reifyNode:node_modules/sisteransi Completed in 1661ms
408 http fetch GET 200 https://registry.npmjs.org/graceful-fs/-/graceful-fs-4.2.11.tgz 1205ms (cache miss)
409 timing reifyNode:node_modules/graceful-fs Completed in 1664ms
410 http fetch GET 200 https://registry.npmjs.org/safe-buffer/-/safe-buffer-5.1.2.tgz 1519ms (cache miss)
411 timing reifyNode:node_modules/safe-buffer Completed in 1671ms
412 http fetch GET 200 https://registry.npmjs.org/uid-number/-/uid-number-0.0.6.tgz 1320ms (cache miss)
413 warn deprecated uid-number@0.0.6: This package is no longer supported.
414 timing reifyNode:node_modules/uid-number Completed in 1667ms
415 http fetch GET 200 https://registry.npmjs.org/readable-stream/-/readable-stream-1.0.34.tgz 1061ms (cache miss)
416 http fetch GET 200 https://registry.npmjs.org/string_decoder/-/string_decoder-0.10.31.tgz 1275ms (cache miss)
417 timing reifyNode:node_modules/string_decoder Completed in 1680ms
418 http fetch GET 200 https://registry.npmjs.org/has-flag/-/has-flag-4.0.0.tgz 1282ms (cache miss)
419 timing reifyNode:node_modules/has-flag Completed in 1680ms
420 timing metavuln:cache:put:security-advisory:tar:xsfciMtNhQn+Vb692L8h5HEYBYUJ5Lhjy3bF//LOsKSn8tp0f1hbuDX26k9UtKJNPZjM5uuq2Cxlz3KwL19oJg== Completed in 759ms
421 timing metavuln:calculate:security-advisory:tar:1097493 Completed in 873ms
422 http fetch GET 200 https://registry.npmjs.org/brace-expansion/-/brace-expansion-1.1.11.tgz 1465ms (cache miss)
423 timing reifyNode:node_modules/brace-expansion Completed in 1689ms
424 http fetch GET 200 https://registry.npmjs.org/glob/-/glob-7.2.3.tgz 1493ms (cache miss)
425 warn deprecated glob@7.2.3: Glob versions prior to v9 are no longer supported
426 timing reifyNode:node_modules/glob Completed in 1692ms
427 http fetch GET 200 https://registry.npmjs.org/fs.realpath/-/fs.realpath-1.0.0.tgz 1502ms (cache miss)
428 timing reifyNode:node_modules/fs.realpath Completed in 1695ms
429 http fetch GET 200 https://registry.npmjs.org/mkdirp/-/mkdirp-0.5.6.tgz 1468ms (cache miss)
430 timing reifyNode:node_modules/mkdirp Completed in 1695ms
431 http fetch GET 200 https://registry.npmjs.org/kleur/-/kleur-3.0.3.tgz 1251ms (cache miss)
432 timing reifyNode:node_modules/kleur Completed in 1695ms
433 http fetch GET 200 https://registry.npmjs.org/inherits/-/inherits-2.0.4.tgz 1280ms (cache miss)
434 timing reifyNode:node_modules/inherits Completed in 1697ms
435 http fetch GET 200 https://registry.npmjs.org/tar-pack/-/tar-pack-3.4.1.tgz 1213ms (cache miss)
436 http fetch GET 200 https://registry.npmjs.org/universalify/-/universalify-2.0.1.tgz 1250ms (cache miss)
437 timing reifyNode:node_modules/universalify Completed in 1704ms
438 timing metavuln:cache:put:security-advisory:tar:2lGtz15Gs28nRX11iCY/mSa25Ky4CfNVzD5qptDvtqdkLXPb/znmxdJ/4OrOyJZ2qQgFtnfxP9ee2xfimUMfuw== Completed in 795ms
439 timing metavuln:calculate:security-advisory:tar:1095117 Completed in 894ms
440 http fetch GET 200 https://registry.npmjs.org/path-is-absolute/-/path-is-absolute-1.0.1.tgz 1528ms (cache miss)
441 timing reifyNode:node_modules/path-is-absolute Completed in 1710ms
442 http fetch GET 200 https://registry.npmjs.org/create-react-app/-/create-react-app-5.0.1.tgz 1104ms (cache miss)
443 timing reifyNode:node_modules/create-react-app Completed in 1707ms
444 http fetch GET 200 https://registry.npmjs.org/isarray/-/isarray-0.0.1.tgz 1309ms (cache miss)
445 timing reifyNode:node_modules/isarray Completed in 1713ms
446 http fetch GET 200 https://registry.npmjs.org/core-util-is/-/core-util-is-1.0.3.tgz 1283ms (cache miss)
447 timing reifyNode:node_modules/core-util-is Completed in 1712ms
448 http fetch GET 200 https://registry.npmjs.org/supports-color/-/supports-color-7.2.0.tgz 1244ms (cache miss)
449 timing reifyNode:node_modules/supports-color Completed in 1713ms
450 timing reifyNode:node_modules/duplexer2 Completed in 1714ms
451 http fetch GET 200 https://registry.npmjs.org/validate-npm-package-name/-/validate-npm-package-name-3.0.0.tgz 1242ms (cache miss)
452 timing reifyNode:node_modules/commander Completed in 1722ms
453 timing metavuln:cache:put:security-advisory:tar:Oa066nJpV2ox85F6qnk1N5eWmAmoWAMU7byYhWk4oYfHYrQ8aGHfCKRikfcy0dHDcKWKiPRc7Nz7R9fxKkj0Yw== Completed in 827ms
454 timing metavuln:calculate:security-advisory:tar:1089685 Completed in 916ms
455 timing metavuln:packument:tar-pack Completed in 2ms
456 http fetch GET 200 https://registry.npmjs.org/block-stream/-/block-stream-0.0.9.tgz 1570ms (cache miss)
457 timing reifyNode:node_modules/block-stream Completed in 1738ms
458 timing metavuln:cache:get:security-advisory:tar-pack:3KXljJwoAr/NHejfU6kg41RmjF3Pg6M28t7ViuMjk5SYV3kYL9qyGZ417dIFb1Y8K+hhpo0sBWpskxrKhsZQzQ== Completed in 10ms
459 timing metavuln:load:security-advisory:tar-pack:Oa066nJpV2ox85F6qnk1N5eWmAmoWAMU7byYhWk4oYfHYrQ8aGHfCKRikfcy0dHDcKWKiPRc7Nz7R9fxKkj0Yw== Completed in 19ms
460 http fetch GET 200 https://registry.npmjs.org/string_decoder/-/string_decoder-1.1.1.tgz 1143ms (cache miss)
461 timing reifyNode:node_modules/tar-pack/node_modules/string_decoder Completed in 1773ms
462 http fetch GET 200 https://registry.npmjs.org/chalk/-/chalk-4.1.2.tgz 1253ms (cache miss)
463 timing reifyNode:node_modules/chalk Completed in 1770ms
464 timing reifyNode:node_modules/validate-npm-package-name Completed in 1782ms
465 http fetch GET 200 https://registry.npmjs.org/tmp/-/tmp-0.2.3.tgz 1299ms (cache miss)
466 timing reifyNode:node_modules/tmp Completed in 1782ms
467 http fetch GET 200 https://registry.npmjs.org/isarray/-/isarray-1.0.0.tgz 1134ms (cache miss)
468 timing reifyNode:node_modules/tar-pack/node_modules/isarray Completed in 1781ms
469 http fetch GET 200 https://registry.npmjs.org/jsonfile/-/jsonfile-6.1.0.tgz 1335ms (cache miss)
470 timing reifyNode:node_modules/jsonfile Completed in 1792ms
471 http fetch GET 200 https://registry.npmjs.org/hyperquest/-/hyperquest-2.1.3.tgz 1384ms (cache miss)
472 timing reifyNode:node_modules/tar-pack Completed in 1884ms
473 timing reifyNode:node_modules/through2/node_modules/readable-stream Completed in 1904ms
474 http fetch GET 200 https://registry.npmjs.org/cross-spawn/-/cross-spawn-7.0.6.tgz 1408ms (cache miss)
475 timing reifyNode:node_modules/cross-spawn Completed in 1912ms
476 http fetch GET 200 https://registry.npmjs.org/debug/-/debug-2.6.9.tgz 1529ms (cache miss)
477 timing reifyNode:node_modules/hyperquest Completed in 1942ms
478 timing reifyNode:node_modules/debug Completed in 1956ms
479 timing metavuln:cache:put:security-advisory:tar-pack:3KXljJwoAr/NHejfU6kg41RmjF3Pg6M28t7ViuMjk5SYV3kYL9qyGZ417dIFb1Y8K+hhpo0sBWpskxrKhsZQzQ== Completed in 193ms
480 timing metavuln:calculate:security-advisory:tar-pack:Oa066nJpV2ox85F6qnk1N5eWmAmoWAMU7byYhWk4oYfHYrQ8aGHfCKRikfcy0dHDcKWKiPRc7Nz7R9fxKkj0Yw== Completed in 234ms
481 timing metavuln:packument:create-react-app Completed in 1ms
482 timing metavuln:cache:get:security-advisory:create-react-app:BAP5sjD/UipbJVBCija12WlnlurqvRCOfkHPDCK3St763W6JIxpLfRD1F9PMmW4GEaZmK6BFkh/Pye257xPpCw== Completed in 14ms
483 timing metavuln:load:security-advisory:create-react-app:3KXljJwoAr/NHejfU6kg41RmjF3Pg6M28t7ViuMjk5SYV3kYL9qyGZ417dIFb1Y8K+hhpo0sBWpskxrKhsZQzQ== Completed in 35ms
484 http fetch GET 200 https://registry.npmjs.org/readable-stream/-/readable-stream-1.1.14.tgz 1598ms (cache miss)
485 timing reifyNode:node_modules/readable-stream Completed in 2045ms
486 http fetch GET 200 https://registry.npmjs.org/envinfo/-/envinfo-7.14.0.tgz 1544ms (cache miss)
487 timing reifyNode:node_modules/envinfo Completed in 2043ms
488 http fetch GET 200 https://registry.npmjs.org/readable-stream/-/readable-stream-2.3.8.tgz 1930ms (cache miss)
489 http fetch GET 200 https://registry.npmjs.org/minimist/-/minimist-1.2.8.tgz 1856ms (cache miss)
490 timing reifyNode:node_modules/minimist Completed in 2074ms
491 timing reifyNode:node_modules/tar-pack/node_modules/readable-stream Completed in 2081ms
492 timing metavuln:cache:put:security-advisory:create-react-app:BAP5sjD/UipbJVBCija12WlnlurqvRCOfkHPDCK3St763W6JIxpLfRD1F9PMmW4GEaZmK6BFkh/Pye257xPpCw== Completed in 77ms
493 timing metavuln:calculate:security-advisory:create-react-app:3KXljJwoAr/NHejfU6kg41RmjF3Pg6M28t7ViuMjk5SYV3kYL9qyGZ417dIFb1Y8K+hhpo0sBWpskxrKhsZQzQ== Completed in 128ms
494 timing auditReport:init Completed in 1345ms
495 timing reify:audit Completed in 2198ms
496 http fetch GET 200 https://registry.npmjs.org/fstream/-/fstream-1.0.12.tgz 1900ms (cache miss)
497 warn deprecated fstream@1.0.12: This package is no longer supported.
498 timing reifyNode:node_modules/fstream Completed in 2298ms
499 http fetch GET 200 https://registry.npmjs.org/fs-extra/-/fs-extra-10.1.0.tgz 1948ms (cache miss)
500 timing reifyNode:node_modules/fs-extra Completed in 2446ms
501 http fetch GET 200 https://registry.npmjs.org/semver/-/semver-7.6.3.tgz 2017ms (cache miss)
502 timing reifyNode:node_modules/semver Completed in 2503ms
503 http fetch GET 200 https://registry.npmjs.org/prompts/-/prompts-2.4.2.tgz 2088ms (cache miss)
504 timing reifyNode:node_modules/prompts Completed in 2575ms
505 http fetch GET 200 https://registry.npmjs.org/tar/-/tar-2.2.2.tgz 2372ms (cache miss)
506 warn deprecated tar@2.2.2: This version of tar is no longer supported, and will not receive security updates. Please upgrade asap.
507 timing reifyNode:node_modules/tar Completed in 2755ms
508 timing reify:unpack Completed in 2764ms
509 timing reify:unretire Completed in 1ms
510 timing build:queue Completed in 6ms
511 timing build:link:node_modules/create-react-app Completed in 9ms
512 timing build:link:node_modules/envinfo Completed in 7ms
513 timing build:link:node_modules/mkdirp Completed in 8ms
514 timing build:link:node_modules/which Completed in 8ms
515 timing build:link:node_modules/rimraf Completed in 8ms
516 timing build:link:node_modules/semver Completed in 8ms
517 timing build:link Completed in 12ms
518 timing build:deps Completed in 22ms
519 timing build Completed in 23ms
520 timing reify:build Completed in 25ms
521 timing reify:trash Completed in 0ms
522 timing reify:save Completed in 64ms
523 timing reify Completed in 6598ms
524 timing command:exec Completed in 9981245ms
525 verbose exit 1
526 timing npm Completed in 9981361ms
527 verbose code 1
