0 verbose cli /home/gabe/.nvm/versions/node/v22.13.1/bin/node /home/gabe/.nvm/versions/node/v22.13.1/bin/npm
1 info using npm@11.0.0
2 info using node@v22.13.1
3 silly config load:file:/home/gabe/.nvm/versions/node/v22.13.1/lib/node_modules/npm/npmrc
4 silly config load:file:/home/gabe/gabesite/app_folder/frontend/.npmrc
5 silly config load:file:/home/gabe/.npmrc
6 silly config load:file:/home/gabe/.nvm/versions/node/v22.13.1/etc/npmrc
7 verbose title npm start
8 verbose argv "start"
9 verbose logfile logs-max:10 dir:/home/gabe/.npm/_logs/2025-01-28T01_53_55_804Z-
10 verbose logfile /home/gabe/.npm/_logs/2025-01-28T01_53_55_804Z-debug-0.log
11 silly logfile start cleaning logs, removing 1 files
12 silly logfile done cleaning log files
13 verbose stack Error: Missing script: "start"
13 verbose stack
13 verbose stack Did you mean one of these?
13 verbose stack   npm star # Mark your favorite packages
13 verbose stack   npm stars # View packages marked as favorites
13 verbose stack
13 verbose stack To see a list of scripts, run:
13 verbose stack   npm run
13 verbose stack     at #run (/home/gabe/.nvm/versions/node/v22.13.1/lib/node_modules/npm/lib/commands/run-script.js:111:13)
13 verbose stack     at async RunScript.exec (/home/gabe/.nvm/versions/node/v22.13.1/lib/node_modules/npm/lib/commands/run-script.js:40:7)
13 verbose stack     at async Npm.exec (/home/gabe/.nvm/versions/node/v22.13.1/lib/node_modules/npm/lib/npm.js:207:9)
13 verbose stack     at async module.exports (/home/gabe/.nvm/versions/node/v22.13.1/lib/node_modules/npm/lib/cli/entry.js:69:5)
14 error Missing script: "start"
14 error
14 error Did you mean one of these?
14 error   npm star # Mark your favorite packages
14 error   npm stars # View packages marked as favorites
14 error
14 error To see a list of scripts, run:
14 error   npm run
15 verbose cwd /home/gabe/gabesite/app_folder/frontend
16 verbose os Linux 6.8.0-41-generic
17 verbose node v22.13.1
18 verbose npm  v11.0.0
19 verbose exit 1
20 verbose code 1
21 error A complete log of this run can be found in: /home/gabe/.npm/_logs/2025-01-28T01_53_55_804Z-debug-0.log
