0 verbose cli /usr/bin/node /usr/bin/npm
1 info using npm@9.2.0
2 info using node@v18.19.1
3 timing npm:load:whichnode Completed in 1ms
4 timing config:load:defaults Completed in 2ms
5 timing config:load:file:/usr/share/nodejs/npm/npmrc Completed in 5ms
6 timing config:load:builtin Completed in 5ms
7 timing config:load:cli Completed in 5ms
8 timing config:load:env Completed in 1ms
9 timing config:load:file:/home/gabe/gabesite/app_folder/frontend/.npmrc Completed in 0ms
10 timing config:load:project Completed in 4ms
11 timing config:load:file:/home/gabe/.npmrc Completed in 1ms
12 timing config:load:user Completed in 1ms
13 timing config:load:file:/etc/npmrc Completed in 1ms
14 timing config:load:global Completed in 2ms
15 timing config:load:setEnvs Completed in 1ms
16 timing config:load Completed in 21ms
17 timing npm:load:configload Completed in 21ms
18 timing npm:load:mkdirpcache Completed in 1ms
19 timing npm:load:mkdirplogs Completed in 0ms
20 verbose title npm install @testing-library/jest-dom@^5.14.1 @testing-library/react@^13.0.0 @testing-library/user-event@^13.2.1 web-vitals@^2.1.0
21 verbose argv "install" "--no-audit" "--save" "@testing-library/jest-dom@^5.14.1" "@testing-library/react@^13.0.0" "@testing-library/user-event@^13.2.1" "web-vitals@^2.1.0"
22 timing npm:load:setTitle Completed in 3ms
23 timing config:load:flatten Completed in 7ms
24 timing npm:load:display Completed in 9ms
25 verbose logfile logs-max:10 dir:/home/gabe/.npm/_logs/2025-01-28T01_23_47_525Z-
26 verbose logfile /home/gabe/.npm/_logs/2025-01-28T01_23_47_525Z-debug-0.log
27 timing npm:load:logFile Completed in 14ms
28 timing npm:load:timers Completed in 0ms
29 timing npm:load:configScope Completed in 0ms
30 timing npm:load Completed in 49ms
31 silly logfile start cleaning logs, removing 1 files
32 timing config:load:flatten Completed in 1ms
33 timing arborist:ctor Completed in 1ms
34 silly logfile done cleaning log files
35 timing idealTree:init Completed in 1477ms
36 timing idealTree:userRequests Completed in 12ms
37 silly idealTree buildDeps
38 silly fetch manifest @testing-library/jest-dom@^5.14.1
39 timing arborist:ctor Completed in 0ms
40 http fetch GET 200 https://registry.npmjs.org/@testing-library%2fjest-dom 1428ms (cache miss)
41 silly fetch manifest @testing-library/react@^13.0.0
42 http fetch GET 200 https://registry.npmjs.org/@testing-library%2freact 83ms (cache miss)
43 silly fetch manifest react@^19.0.0
44 http fetch GET 200 https://registry.npmjs.org/react 41ms (cache hit)
45 silly fetch manifest react@^18.0.0
46 timing idealTree Completed in 3134ms
47 timing command:install Completed in 3144ms
48 verbose stack Error: unable to resolve dependency tree
48 verbose stack     at [failPeerConflict] (/usr/share/nodejs/@npmcli/arborist/lib/arborist/build-ideal-tree.js:1378:25)
48 verbose stack     at [loadPeerSet] (/usr/share/nodejs/@npmcli/arborist/lib/arborist/build-ideal-tree.js:1344:34)
48 verbose stack     at async [buildDepStep] (/usr/share/nodejs/@npmcli/arborist/lib/arborist/build-ideal-tree.js:928:11)
48 verbose stack     at async Arborist.buildIdealTree (/usr/share/nodejs/@npmcli/arborist/lib/arborist/build-ideal-tree.js:206:7)
48 verbose stack     at async Promise.all (index 1)
48 verbose stack     at async Arborist.reify (/usr/share/nodejs/@npmcli/arborist/lib/arborist/reify.js:156:5)
48 verbose stack     at async Install.exec (/usr/share/nodejs/npm/lib/commands/install.js:146:5)
48 verbose stack     at async module.exports (/usr/share/nodejs/npm/lib/cli.js:133:5)
49 verbose cwd /home/gabe/gabesite/app_folder/frontend
50 verbose Linux 6.8.0-41-generic
51 verbose node v18.19.1
52 verbose npm  v9.2.0
53 error code ERESOLVE
54 error ERESOLVE unable to resolve dependency tree
55 error
56 error While resolving: [1mfrontend[22m@[1m0.1.0[22m
56 error Found: [1mreact[22m@[1m19.0.0[22m[2m[22m
56 error [2mnode_modules/react[22m
56 error   [1mreact[22m@"[1m^19.0.0[22m" from the root project
56 error
56 error Could not resolve dependency:
56 error [35mpeer[39m [1mreact[22m@"[1m^18.0.0[22m" from [1m@testing-library/react[22m@[1m13.4.0[22m[2m[22m
56 error [2mnode_modules/@testing-library/react[22m
56 error   [1m@testing-library/react[22m@"[1m^13.0.0[22m" from the root project
56 error
56 error Fix the upstream dependency conflict, or retry
56 error this command with --force or --legacy-peer-deps
56 error to accept an incorrect (and potentially broken) dependency resolution.
57 error
57 error
57 error For a full report see:
57 error /home/gabe/.npm/_logs/2025-01-28T01_23_47_525Z-eresolve-report.txt
58 verbose exit 1
59 timing npm Completed in 3236ms
60 verbose unfinished npm timer reify 1738027427608
61 verbose unfinished npm timer reify:loadTrees 1738027427611
62 verbose unfinished npm timer idealTree:buildDeps 1738027429103
63 verbose unfinished npm timer idealTree:#root 1738027429104
64 verbose code 1
65 error A complete log of this run can be found in:
65 error     /home/gabe/.npm/_logs/2025-01-28T01_23_47_525Z-debug-0.log
